
--------[19_08_2019 16:12:29]--------
Base = Base
Core = Core
FBModel_names = ["BLModel"]
FBModels = Dict("BTModel"=>:spoerer_model_bt,"BLModel"=>:spoerer_model_bl,"BLTModel"=>:spoerer_model_blt)
FFModel_names = String[]
FFModels = Dict("BFModel"=>:spoerer_model_bf,"BKModel"=>:spoerer_model_bk,"BModel"=>:spoerer_model_b)
Main = Main
accuracy = Main.accuracy
adapt_learnrate = adapt_learnrate
batch_size = 100
dataManager = Main.dataManager
dataset_names = ["MNIST"]
date_format = dd_mm_yyyy
debug_str = DEBUG_
decay_rate = 0.1
decay_step = 40
epochs = 35
image_size = (32, 32)
init_learning_rate = 0.03
io = IOStream(<file ../logs/DEBUG_log_BLModel.log>)
lambda = 0.0005
load_dataset = load_dataset
log_save_location = ../logs/
model_save_location = ../trainedModels/
momentum = 0.9
printout_interval = 1
test_folderpath_debris = ../digitclutter/digitdebris/testset/mat/
test_folderpath_digits = ../digitclutter/digitclutter/testset/mat/
time_format = HH:MM:SS
time_steps = 4
trainFeedforwardNet = trainFeedforwardNet
trainReccurentNet = trainReccurentNet
train_folderpath_debris = ../digitclutter/digitdebris/trainset/mat/
train_folderpath_digits = ../digitclutter/digitclutter/trainset/mat/
usegpu = true
┌ Debug: --------End of VAR DUMP--------
└ @ Main /home/svendt/NNFeedbackOperations/src/nets.jl:250
[16:12:30] Training BLModel with MNIST
┌ Debug: loading MNIST dataset
└ @ Main.dataManager /home/svendt/NNFeedbackOperations/src/dataManager.jl:99
┌ Debug: normalize dataset
└ @ Main.dataManager /home/svendt/NNFeedbackOperations/src/dataManager.jl:167
┌ Debug: Dimension of images (28, 28, 1, 50000)
└ @ Main.dataManager /home/svendt/NNFeedbackOperations/src/dataManager.jl:147
┌ Debug: Dimension of labels (50000,)
└ @ Main.dataManager /home/svendt/NNFeedbackOperations/src/dataManager.jl:148
┌ Debug: normalize dataset
└ @ Main.dataManager /home/svendt/NNFeedbackOperations/src/dataManager.jl:167
┌ Debug: Dimension of images (28, 28, 1, 10000)
└ @ Main.dataManager /home/svendt/NNFeedbackOperations/src/dataManager.jl:147
┌ Debug: Dimension of labels (10000,)
└ @ Main.dataManager /home/svendt/NNFeedbackOperations/src/dataManager.jl:148
┌ Debug: normalize dataset
└ @ Main.dataManager /home/svendt/NNFeedbackOperations/src/dataManager.jl:167
┌ Debug: Dimension of images (28, 28, 1, 10000)
└ @ Main.dataManager /home/svendt/NNFeedbackOperations/src/dataManager.jl:147
┌ Debug: Dimension of labels (10000,)
└ @ Main.dataManager /home/svendt/NNFeedbackOperations/src/dataManager.jl:148
┌ Debug: loaded 500 batches of size 100 for training
└ @ Main /home/svendt/NNFeedbackOperations/src/nets.jl:128
┌ Debug: loaded 100 batches of size 100 for validation
└ @ Main /home/svendt/NNFeedbackOperations/src/nets.jl:129
┌ Debug: loaded 100 batches of size 100 for testing
└ @ Main /home/svendt/NNFeedbackOperations/src/nets.jl:130
[16:13:30] INIT with Accuracy(test_set): 0.0983 and Loss(test_set): 0.611196
[16:17:41] Epoch   1: Accuracy: 0.5578, Loss: 0.302156
[16:21:39] Epoch   2: Accuracy: 0.6596, Loss: 0.270930
[16:25:39] Epoch   3: Accuracy: 0.6976, Loss: 0.249504
[16:29:39] Epoch   4: Accuracy: 0.6802, Loss: 0.236180
[16:33:37] Epoch   5: Accuracy: 0.6771, Loss: 0.240379
[16:37:37] Epoch   6: Accuracy: 0.7404, Loss: 0.223701
[16:41:39] Epoch   7: Accuracy: 0.7556, Loss: 0.212811
[16:45:44] Epoch   8: Accuracy: 0.7553, Loss: 0.206483
[16:49:50] Epoch   9: Accuracy: 0.7777, Loss: 0.201086
[16:53:53] Epoch  10: Accuracy: 0.8022, Loss: 0.195598
[16:58:00] Epoch  11: Accuracy: 0.7472, Loss: 0.198057
[17:02:11] Epoch  12: Accuracy: 0.8031, Loss: 0.188065
[17:06:20] Epoch  13: Accuracy: 0.7946, Loss: 0.184906
[17:10:30] Epoch  14: Accuracy: 0.8212, Loss: 0.185668
[17:14:40] Epoch  15: Accuracy: 0.7017, Loss: 0.196498
[17:18:47] Epoch  16: Accuracy: 0.7720, Loss: 0.187847
[17:23:00] Epoch  17: Accuracy: 0.7694, Loss: 0.197875
[17:27:12] Epoch  18: Accuracy: 0.7934, Loss: 0.189855
[17:31:21] Epoch  19: Accuracy: 0.8014, Loss: 0.183159
[17:35:36] Epoch  20: Accuracy: 0.7788, Loss: 0.183499
[17:39:56] Epoch  21: Accuracy: 0.7981, Loss: 0.179683
[17:44:18] Epoch  22: Accuracy: 0.7632, Loss: 0.182330
[17:48:30] Epoch  23: Accuracy: 0.8093, Loss: 0.177373
[17:52:53] Epoch  24: Accuracy: 0.7567, Loss: 0.186280
[17:57:17] Epoch  25: Accuracy: 0.8184, Loss: 0.171761
[18:01:42] Epoch  26: Accuracy: 0.8030, Loss: 0.172680
[18:06:08] Epoch  27: Accuracy: 0.8070, Loss: 0.173446
[18:10:36] Epoch  28: Accuracy: 0.8162, Loss: 0.173480
[18:15:05] Epoch  29: Accuracy: 0.8034, Loss: 0.173448
[18:19:33] Epoch  30: Accuracy: 0.8002, Loss: 0.173178
[18:24:01] Epoch  31: Accuracy: 0.7747, Loss: 0.178440
[18:28:32] Epoch  32: Accuracy: 0.8202, Loss: 0.170211
[18:33:07] Epoch  33: Accuracy: 0.8060, Loss: 0.168468
[18:37:31] Epoch  34: Accuracy: 0.8105, Loss: 0.169140
[18:41:55] Epoch  35: Accuracy: 0.8439, Loss: 0.166124
[18:44:19] FINAL with Accuracy(test_set): 0.8563 and Loss(test_set): 0.162303

--------[19_08_2019 18:46:34]--------
Base = Base
Core = Core
FBModel_names = ["BLModel"]
FBModels = Dict("BTModel"=>:spoerer_model_bt,"BLModel"=>:spoerer_model_bl,"BLTModel"=>:spoerer_model_blt)
FFModel_names = String[]
FFModels = Dict("BFModel"=>:spoerer_model_bf,"BKModel"=>:spoerer_model_bk,"BModel"=>:spoerer_model_b)
Main = Main
accuracy = Main.accuracy
adapt_learnrate = adapt_learnrate
batch_size = 100
dataManager = Main.dataManager
dataset_names = ["MNIST"]
date_format = dd_mm_yyyy
debug_str = DEBUG_
decay_rate = 0.1
decay_step = 40
epochs = 35
image_size = (32, 32)
init_learning_rate = 0.01
io = IOStream(<file ../logs/DEBUG_log_BLModel.log>)
lambda = 0.0005
load_dataset = load_dataset
log_save_location = ../logs/
model_save_location = ../trainedModels/
momentum = 0.9
printout_interval = 1
test_folderpath_debris = ../digitclutter/digitdebris/testset/mat/
test_folderpath_digits = ../digitclutter/digitclutter/testset/mat/
time_format = HH:MM:SS
time_steps = 4
trainFeedforwardNet = trainFeedforwardNet
trainReccurentNet = trainReccurentNet
train_folderpath_debris = ../digitclutter/digitdebris/trainset/mat/
train_folderpath_digits = ../digitclutter/digitclutter/trainset/mat/
usegpu = true
┌ Debug: --------End of VAR DUMP--------
└ @ Main /home/svendt/NNFeedbackOperations/src/nets.jl:250
[18:46:36] Training BLModel with MNIST
┌ Debug: loading MNIST dataset
└ @ Main.dataManager /home/svendt/NNFeedbackOperations/src/dataManager.jl:99
┌ Debug: normalize dataset
└ @ Main.dataManager /home/svendt/NNFeedbackOperations/src/dataManager.jl:167
┌ Debug: Dimension of images (28, 28, 1, 50000)
└ @ Main.dataManager /home/svendt/NNFeedbackOperations/src/dataManager.jl:147
┌ Debug: Dimension of labels (50000,)
└ @ Main.dataManager /home/svendt/NNFeedbackOperations/src/dataManager.jl:148
┌ Debug: normalize dataset
└ @ Main.dataManager /home/svendt/NNFeedbackOperations/src/dataManager.jl:167
┌ Debug: Dimension of images (28, 28, 1, 10000)
└ @ Main.dataManager /home/svendt/NNFeedbackOperations/src/dataManager.jl:147
┌ Debug: Dimension of labels (10000,)
└ @ Main.dataManager /home/svendt/NNFeedbackOperations/src/dataManager.jl:148
┌ Debug: normalize dataset
└ @ Main.dataManager /home/svendt/NNFeedbackOperations/src/dataManager.jl:167
┌ Debug: Dimension of images (28, 28, 1, 10000)
└ @ Main.dataManager /home/svendt/NNFeedbackOperations/src/dataManager.jl:147
┌ Debug: Dimension of labels (10000,)
└ @ Main.dataManager /home/svendt/NNFeedbackOperations/src/dataManager.jl:148
┌ Debug: loaded 500 batches of size 100 for training
└ @ Main /home/svendt/NNFeedbackOperations/src/nets.jl:128
┌ Debug: loaded 100 batches of size 100 for validation
└ @ Main /home/svendt/NNFeedbackOperations/src/nets.jl:129
┌ Debug: loaded 100 batches of size 100 for testing
└ @ Main /home/svendt/NNFeedbackOperations/src/nets.jl:130
[18:47:37] INIT with Accuracy(test_set): 0.1090 and Loss(test_set): 0.865052
[18:51:57] Epoch   1: Accuracy: 0.3209, Loss: 0.337064
[18:55:57] Epoch   2: Accuracy: 0.4876, Loss: 0.315055
[18:59:56] Epoch   3: Accuracy: 0.5299, Loss: 0.298876
[19:03:52] Epoch   4: Accuracy: 0.5412, Loss: 0.287197
[19:07:49] Epoch   5: Accuracy: 0.5769, Loss: 0.276637
[19:11:47] Epoch   6: Accuracy: 0.6009, Loss: 0.268032
[19:15:46] Epoch   7: Accuracy: 0.6428, Loss: 0.259947
[19:19:47] Epoch   8: Accuracy: 0.6547, Loss: 0.253596
[19:23:51] Epoch   9: Accuracy: 0.6742, Loss: 0.247661
[19:28:04] Epoch  10: Accuracy: 0.6854, Loss: 0.243513
[19:32:17] Epoch  11: Accuracy: 0.7072, Loss: 0.238518
[19:36:25] Epoch  12: Accuracy: 0.6906, Loss: 0.235227
[19:40:44] Epoch  13: Accuracy: 0.7227, Loss: 0.233254
[19:45:02] Epoch  14: Accuracy: 0.7297, Loss: 0.228983
[19:49:21] Epoch  15: Accuracy: 0.7375, Loss: 0.228947
[19:53:41] Epoch  16: Accuracy: 0.7454, Loss: 0.223626
[19:58:00] Epoch  17: Accuracy: 0.7340, Loss: 0.225141
[20:02:17] Epoch  18: Accuracy: 0.7544, Loss: 0.220180
[20:06:21] Epoch  19: Accuracy: 0.7681, Loss: 0.218034
[20:10:27] Epoch  20: Accuracy: 0.7659, Loss: 0.215826
[20:14:40] Epoch  21: Accuracy: 0.7671, Loss: 0.216290
[20:19:05] Epoch  22: Accuracy: 0.7792, Loss: 0.213305
[20:23:31] Epoch  23: Accuracy: 0.7848, Loss: 0.211704
[20:27:47] Epoch  24: Accuracy: 0.7892, Loss: 0.208234
[20:32:06] Epoch  25: Accuracy: 0.7899, Loss: 0.207549
[20:36:35] Epoch  26: Accuracy: 0.7932, Loss: 0.205974
[20:41:04] Epoch  27: Accuracy: 0.8004, Loss: 0.204698
[20:45:33] Epoch  28: Accuracy: 0.8009, Loss: 0.204779
[20:49:59] Epoch  29: Accuracy: 0.7861, Loss: 0.203416
[20:54:17] Epoch  30: Accuracy: 0.8051, Loss: 0.201747
[20:58:42] Epoch  31: Accuracy: 0.8021, Loss: 0.200867
[21:03:01] Epoch  32: Accuracy: 0.8018, Loss: 0.200773
[21:07:37] Epoch  33: Accuracy: 0.8073, Loss: 0.199643
[21:12:11] Epoch  34: Accuracy: 0.8078, Loss: 0.199940
[21:16:46] Epoch  35: Accuracy: 0.8146, Loss: 0.197966
[21:19:11] FINAL with Accuracy(test_set): 0.8290 and Loss(test_set): 0.195722

--------[19_08_2019 21:21:26]--------
Base = Base
Core = Core
FBModel_names = ["BLModel"]
FBModels = Dict("BTModel"=>:spoerer_model_bt,"BLModel"=>:spoerer_model_bl,"BLTModel"=>:spoerer_model_blt)
FFModel_names = String[]
FFModels = Dict("BFModel"=>:spoerer_model_bf,"BKModel"=>:spoerer_model_bk,"BModel"=>:spoerer_model_b)
Main = Main
accuracy = Main.accuracy
adapt_learnrate = adapt_learnrate
batch_size = 100
dataManager = Main.dataManager
dataset_names = ["MNIST"]
date_format = dd_mm_yyyy
debug_str = DEBUG_
decay_rate = 0.1
decay_step = 40
epochs = 35
image_size = (32, 32)
init_learning_rate = 0.002
io = IOStream(<file ../logs/DEBUG_log_BLModel.log>)
lambda = 0.0005
load_dataset = load_dataset
log_save_location = ../logs/
model_save_location = ../trainedModels/
momentum = 0.9
printout_interval = 1
test_folderpath_debris = ../digitclutter/digitdebris/testset/mat/
test_folderpath_digits = ../digitclutter/digitclutter/testset/mat/
time_format = HH:MM:SS
time_steps = 4
trainFeedforwardNet = trainFeedforwardNet
trainReccurentNet = trainReccurentNet
train_folderpath_debris = ../digitclutter/digitdebris/trainset/mat/
train_folderpath_digits = ../digitclutter/digitclutter/trainset/mat/
usegpu = true
┌ Debug: --------End of VAR DUMP--------
└ @ Main /home/svendt/NNFeedbackOperations/src/nets.jl:250
[21:21:28] Training BLModel with MNIST
┌ Debug: loading MNIST dataset
└ @ Main.dataManager /home/svendt/NNFeedbackOperations/src/dataManager.jl:99
┌ Debug: normalize dataset
└ @ Main.dataManager /home/svendt/NNFeedbackOperations/src/dataManager.jl:167
┌ Debug: Dimension of images (28, 28, 1, 50000)
└ @ Main.dataManager /home/svendt/NNFeedbackOperations/src/dataManager.jl:147
┌ Debug: Dimension of labels (50000,)
└ @ Main.dataManager /home/svendt/NNFeedbackOperations/src/dataManager.jl:148
┌ Debug: normalize dataset
└ @ Main.dataManager /home/svendt/NNFeedbackOperations/src/dataManager.jl:167
┌ Debug: Dimension of images (28, 28, 1, 10000)
└ @ Main.dataManager /home/svendt/NNFeedbackOperations/src/dataManager.jl:147
┌ Debug: Dimension of labels (10000,)
└ @ Main.dataManager /home/svendt/NNFeedbackOperations/src/dataManager.jl:148
┌ Debug: normalize dataset
└ @ Main.dataManager /home/svendt/NNFeedbackOperations/src/dataManager.jl:167
┌ Debug: Dimension of images (28, 28, 1, 10000)
└ @ Main.dataManager /home/svendt/NNFeedbackOperations/src/dataManager.jl:147
┌ Debug: Dimension of labels (10000,)
└ @ Main.dataManager /home/svendt/NNFeedbackOperations/src/dataManager.jl:148
┌ Debug: loaded 500 batches of size 100 for training
└ @ Main /home/svendt/NNFeedbackOperations/src/nets.jl:128
┌ Debug: loaded 100 batches of size 100 for validation
└ @ Main /home/svendt/NNFeedbackOperations/src/nets.jl:129
┌ Debug: loaded 100 batches of size 100 for testing
└ @ Main /home/svendt/NNFeedbackOperations/src/nets.jl:130
[21:22:30] INIT with Accuracy(test_set): 0.1010 and Loss(test_set): 0.792280
[21:26:37] Epoch   1: Accuracy: 0.2096, Loss: 0.346846
[21:30:36] Epoch   2: Accuracy: 0.2702, Loss: 0.342135
[21:34:36] Epoch   3: Accuracy: 0.3302, Loss: 0.337974
[21:38:39] Epoch   4: Accuracy: 0.3642, Loss: 0.334920
[21:42:38] Epoch   5: Accuracy: 0.4026, Loss: 0.331916
[21:46:41] Epoch   6: Accuracy: 0.4321, Loss: 0.328595
[21:50:46] Epoch   7: Accuracy: 0.4503, Loss: 0.326022
[21:54:52] Epoch   8: Accuracy: 0.4612, Loss: 0.323409
[21:58:52] Epoch   9: Accuracy: 0.4673, Loss: 0.321220
[22:02:56] Epoch  10: Accuracy: 0.4766, Loss: 0.319215
[22:07:00] Epoch  11: Accuracy: 0.4921, Loss: 0.317380
[22:11:09] Epoch  12: Accuracy: 0.4933, Loss: 0.315680
[22:15:18] Epoch  13: Accuracy: 0.5049, Loss: 0.313870
[22:19:29] Epoch  14: Accuracy: 0.5136, Loss: 0.312209
[22:23:36] Epoch  15: Accuracy: 0.5221, Loss: 0.310688
[22:27:48] Epoch  16: Accuracy: 0.5284, Loss: 0.309139
[22:31:59] Epoch  17: Accuracy: 0.5387, Loss: 0.307748
[22:36:00] Epoch  18: Accuracy: 0.5413, Loss: 0.306429
[22:40:15] Epoch  19: Accuracy: 0.5474, Loss: 0.305160
[22:44:29] Epoch  20: Accuracy: 0.5532, Loss: 0.303965
[22:48:44] Epoch  21: Accuracy: 0.5550, Loss: 0.302814
[22:52:50] Epoch  22: Accuracy: 0.5550, Loss: 0.301719
[22:57:09] Epoch  23: Accuracy: 0.5608, Loss: 0.300655
[23:01:30] Epoch  24: Accuracy: 0.5645, Loss: 0.299712
[23:05:40] Epoch  25: Accuracy: 0.5686, Loss: 0.298804
[23:09:49] Epoch  26: Accuracy: 0.5656, Loss: 0.298037
[23:14:01] Epoch  27: Accuracy: 0.5700, Loss: 0.297205
[23:18:22] Epoch  28: Accuracy: 0.5719, Loss: 0.296447
[23:22:43] Epoch  29: Accuracy: 0.5744, Loss: 0.295726
[23:27:07] Epoch  30: Accuracy: 0.5799, Loss: 0.295081
[23:31:31] Epoch  31: Accuracy: 0.5800, Loss: 0.294444
[23:35:47] Epoch  32: Accuracy: 0.5812, Loss: 0.293824
[23:40:06] Epoch  33: Accuracy: 0.5822, Loss: 0.293261
[23:44:29] Epoch  34: Accuracy: 0.5836, Loss: 0.292777
[23:48:53] Epoch  35: Accuracy: 0.5866, Loss: 0.292317
[23:51:19] FINAL with Accuracy(test_set): 0.6012 and Loss(test_set): 0.291268
