
--------[29_08_2019 17:27:14]--------
Base = Base
Core = Core
FBModel_names = ["BTModel", "BLTModel"]
FBModels = Dict("BTModel"=>:spoerer_model_bt,"BLModel"=>:spoerer_model_bl,"BLTModel"=>:spoerer_model_blt)
FFModel_names = ["BModel"]
FFModels = Dict("BFModel"=>:spoerer_model_bf,"BKModel"=>:spoerer_model_bk,"BModel"=>:spoerer_model_b)
Main = Main
accuracy = Main.accuracy
adapt_learnrate = adapt_learnrate
batch_size = 100
dataManager = Main.dataManager
dataset_names = String[]
date_format = dd_mm_yyyy
debug_str = DEBUG_
decay_rate = 0.1
decay_step = 40
epochs = 100
image_size = (32, 32)
init_learning_rate = 0.1
io = IOStream(<file ../logs/DEBUG_log_BLTModel.log>)
lambda = 0.0005
load_dataset = load_dataset
log_save_location = ../logs/
model_save_location = ../trainedModels/
momentum = 0.9
parsed_args = Dict{String,Any}("epochs"=>100,"fbmodels"=>"BTModel BLTModel","learn"=>0.1,"gpu"=>true,"ffmodels"=>"BModel","data"=>"")
printout_interval = 1
s = ArgParseSettings(
  prog=nets.jl
  description=
  epilog=
  usage=
  version=Unspecified version
  add_help=true
  add_version=false
  fromfile_prefix_chars=Set(Char[])
  autofix_names=false
  error_on_conflict=true
  suppress_warnings=false
  allow_ambiguous_opts=false
  commands_are_required=true
  default_group=
  exc_handler=ArgParse.default_handler
  preformatted_description=false
  preformatted_epilog=false
  exit_after_help=true
  >> usage: nets.jl [--gpu] [--ffmodels FFMODELS] [--fbmodels FBMODELS]
               [--learn LEARN] [--epochs EPOCHS] [--data DATA]
  )
test_folderpath_debris = ../digitclutter/digitdebris/testset/mat/
test_folderpath_digits = ../digitclutter/digitclutter/testset/mat/
time_format = HH:MM:SS
time_steps = 4
trainFeedforwardNet = trainFeedforwardNet
trainReccurentNet = trainReccurentNet
train_folderpath_debris = ../digitclutter/digitdebris/trainset/mat/
train_folderpath_digits = ../digitclutter/digitclutter/trainset/mat/
usegpu = true
┌ Debug: --------End of VAR DUMP--------
└ @ Main /home/svendt/NNFeedbackOperations/src/nets.jl:272
