
--------[30_08_2019 12:14:38]--------
Base = Base
Core = Core
FBModel_names = ["BLModel"]
FBModels = Dict("BTModel"=>:spoerer_model_bt,"BLModel"=>:spoerer_model_bl,"BLTModel"=>:spoerer_model_blt)
FFModel_names = String[]
FFModels = Dict("BFModel"=>:spoerer_model_bf,"BKModel"=>:spoerer_model_bk,"BModel"=>:spoerer_model_b)
Main = Main
accuracy = Main.accuracy
adapt_learnrate = adapt_learnrate
batch_size = 100
dataManager = Main.dataManager
dataset_names = ["MNIST"]
date_format = dd_mm_yyyy
debug_str = DEBUG_
decay_rate = 0.1
decay_step = 40
epochs = 12
image_size = (32, 32)
init_learning_rate = 0.001
io = IOStream(<file ../logs/DEBUG_log_BLModel.log>)
lambda = 0.0005
load_dataset = load_dataset
log_save_location = ../logs/
model_save_location = ../trainedModels/
momentum = 0.9
parsed_args = Dict{String,Any}("epochs"=>12,"fbmodels"=>"BLModel","learn"=>0.001,"gpu"=>true,"ffmodels"=>"","data"=>"MNIST")
printout_interval = 1
s = ArgParseSettings(
  prog=nets.jl
  description=
  epilog=
  usage=
  version=Unspecified version
  add_help=true
  add_version=false
  fromfile_prefix_chars=Set(Char[])
  autofix_names=false
  error_on_conflict=true
  suppress_warnings=false
  allow_ambiguous_opts=false
  commands_are_required=true
  default_group=
  exc_handler=ArgParse.default_handler
  preformatted_description=false
  preformatted_epilog=false
  exit_after_help=true
  >> usage: nets.jl [--gpu] [--ffmodels FFMODELS] [--fbmodels FBMODELS]
               [--learn LEARN] [--epochs EPOCHS] [--data DATA]
  )
test_folderpath_debris = ../digitclutter/digitdebris/testset/mat/
test_folderpath_digits = ../digitclutter/digitclutter/testset/mat/
time_format = HH:MM:SS
time_steps = 4
trainFeedforwardNet = trainFeedforwardNet
trainReccurentNet = trainReccurentNet
train_folderpath_debris = ../digitclutter/digitdebris/trainset/mat/
train_folderpath_digits = ../digitclutter/digitclutter/trainset/mat/
usegpu = true
┌ Debug: --------End of VAR DUMP--------
└ @ Main /home/svendt/NNFeedbackOperations/src/nets.jl:277
[12:14:48] Training BLModel with MNIST
┌ Debug: loading MNIST dataset
└ @ Main.dataManager /home/svendt/NNFeedbackOperations/src/dataManager.jl:99
┌ Debug: normalize dataset
└ @ Main.dataManager /home/svendt/NNFeedbackOperations/src/dataManager.jl:167
┌ Debug: Dimension of images (28, 28, 1, 50000)
└ @ Main.dataManager /home/svendt/NNFeedbackOperations/src/dataManager.jl:147
┌ Debug: Dimension of labels (50000,)
└ @ Main.dataManager /home/svendt/NNFeedbackOperations/src/dataManager.jl:148
┌ Debug: normalize dataset
└ @ Main.dataManager /home/svendt/NNFeedbackOperations/src/dataManager.jl:167
┌ Debug: Dimension of images (28, 28, 1, 10000)
└ @ Main.dataManager /home/svendt/NNFeedbackOperations/src/dataManager.jl:147
┌ Debug: Dimension of labels (10000,)
└ @ Main.dataManager /home/svendt/NNFeedbackOperations/src/dataManager.jl:148
┌ Debug: normalize dataset
└ @ Main.dataManager /home/svendt/NNFeedbackOperations/src/dataManager.jl:167
┌ Debug: Dimension of images (28, 28, 1, 10000)
└ @ Main.dataManager /home/svendt/NNFeedbackOperations/src/dataManager.jl:147
┌ Debug: Dimension of labels (10000,)
└ @ Main.dataManager /home/svendt/NNFeedbackOperations/src/dataManager.jl:148
┌ Debug: loaded 500 batches of size 100 for training
└ @ Main /home/svendt/NNFeedbackOperations/src/nets.jl:150
┌ Debug: loaded 100 batches of size 100 for validation
└ @ Main /home/svendt/NNFeedbackOperations/src/nets.jl:151
┌ Debug: loaded 100 batches of size 100 for testing
└ @ Main /home/svendt/NNFeedbackOperations/src/nets.jl:152
[12:17:06] INIT with Accuracy(val_set): 0.1009 and Loss(val_set): 0.912602
[12:20:07] INIT with Accuracy(test_set): 0.0974 and Loss(test_set): 0.913903
[12:26:20] Epoch   1: Accuracy: 0.1625, Loss: 0.356951
[12:33:33] Epoch   2: Accuracy: 0.1798, Loss: 0.348373
