[ Info: Training BModel with 10debris
[ Info: Training BKModel with 10debris
[ Info: Training BFModel with 10debris
[ Info: Training BLModel with 10debris
[ Info: Training BTModel with 10debris
[ Info: Training BLTModel with 10debris
Constructing models...
Reading 1 of 20 from ../digitclutter/digitdebris/trainset/mat/5000_10debris1.mat
Reading 2 of 20 from ../digitclutter/digitdebris/trainset/mat/5000_10debris2.mat
Reading 3 of 20 from ../digitclutter/digitdebris/trainset/mat/5000_10debris3.mat
Reading 4 of 20 from ../digitclutter/digitdebris/trainset/mat/5000_10debris4.mat
Reading 5 of 20 from ../digitclutter/digitdebris/trainset/mat/5000_10debris5.mat
Reading 6 of 20 from ../digitclutter/digitdebris/trainset/mat/5000_10debris6.mat
Reading 7 of 20 from ../digitclutter/digitdebris/trainset/mat/5000_10debris7.mat
Reading 8 of 20 from ../digitclutter/digitdebris/trainset/mat/5000_10debris8.mat
Reading 9 of 20 from ../digitclutter/digitdebris/trainset/mat/5000_10debris9.mat
Reading 10 of 20 from ../digitclutter/digitdebris/trainset/mat/5000_10debris10.mat
Reading 11 of 20 from ../digitclutter/digitdebris/trainset/mat/5000_10debris11.mat
Reading 12 of 20 from ../digitclutter/digitdebris/trainset/mat/5000_10debris12.mat
Reading 13 of 20 from ../digitclutter/digitdebris/trainset/mat/5000_10debris13.mat
Reading 14 of 20 from ../digitclutter/digitdebris/trainset/mat/5000_10debris14.mat
Reading 15 of 20 from ../digitclutter/digitdebris/trainset/mat/5000_10debris15.mat
Reading 16 of 20 from ../digitclutter/digitdebris/trainset/mat/5000_10debris16.mat
Reading 17 of 20 from ../digitclutter/digitdebris/trainset/mat/5000_10debris17.mat
Reading 18 of 20 from ../digitclutter/digitdebris/trainset/mat/5000_10debris18.mat
Reading 19 of 20 from ../digitclutter/digitdebris/trainset/mat/5000_10debris19.mat
Reading 20 of 20 from ../digitclutter/digitdebris/trainset/mat/5000_10debris20.mat
Dimension of images (32, 32, 1, 100000)
Dimension of binary targets (10, 100000)
normalize dataset
Creating batches
Reading 1 of 2 from ../digitclutter/digitdebris/testset/mat/5000_10debris1.mat
Reading 2 of 2 from ../digitclutter/digitdebris/testset/mat/5000_10debris2.mat
Dimension of images (32, 32, 1, 10000)
Dimension of binary targets (10, 10000)
normalize dataset
Creating batches
loaded 1000 batches of size 100 for training
loaded 100 batches of size 100 for testing
[17:07:16] Epoch 1: Accuracy: 0.105600, Loss: 0.788145
[17:13:08] Epoch 2: Accuracy: 0.298000, Loss: 0.303133
[17:17:04] Epoch 3: Accuracy: 0.455900, Loss: 0.268018
[17:21:01] Epoch 4: Accuracy: 0.524300, Loss: 0.255052
[17:24:59] Epoch 5: Accuracy: 0.587800, Loss: 0.247612
[17:28:57] Epoch 6: Accuracy: 0.577500, Loss: 0.266764
[17:32:57] Epoch 7: Accuracy: 0.581300, Loss: 0.282216
[17:36:57] Epoch 8: Accuracy: 0.620500, Loss: 0.284428
[17:40:57] Epoch 9: Accuracy: 0.480300, Loss: 0.354786
[17:44:58] Epoch 10: Accuracy: 0.550200, Loss: 0.351012
[17:49:01] Epoch 11: Accuracy: 0.500100, Loss: 0.375616
[17:53:04] Epoch 12: Accuracy: 0.482700, Loss: 0.404712
[17:57:08] Epoch 13: Accuracy: 0.432800, Loss: 0.424498
[18:01:12] Epoch 14: Accuracy: 0.469700, Loss: 0.446836
[18:05:17] Epoch 15: Accuracy: 0.345200, Loss: 0.505318
[18:09:21] Epoch 16: Accuracy: 0.322100, Loss: 0.537419
[18:13:28] Epoch 17: Accuracy: 0.377600, Loss: 0.530828
[18:17:43] Epoch 18: Accuracy: 0.379200, Loss: 0.566800
[18:21:58] Epoch 19: Accuracy: 0.175100, Loss: 0.622927
[18:26:06] Epoch 20: Accuracy: 0.291800, Loss: 0.615604
[18:30:15] Epoch 20: Accuracy: 0.262100, Loss: 0.639608
[18:30:44] Epoch 21: Accuracy: 0.262100, Loss: 0.639608
[18:34:55] Epoch 22: Accuracy: 0.215300, Loss: 0.673791
[18:39:06] Epoch 23: Accuracy: 0.255200, Loss: 0.677478
[18:43:19] Epoch 24: Accuracy: 0.243700, Loss: 0.692130
[18:47:35] Epoch 25: Accuracy: 0.254700, Loss: 0.710242
[18:51:58] Epoch 26: Accuracy: 0.257100, Loss: 0.730568
[18:56:22] Epoch 27: Accuracy: 0.186500, Loss: 0.750079
[19:00:47] Epoch 28: Accuracy: 0.125400, Loss: 0.837210
[19:05:10] Epoch 29: Accuracy: 0.113000, Loss: 0.835939
[19:09:36] Epoch 30: Accuracy: 0.121300, Loss: 0.833655
[19:14:02] Epoch 31: Accuracy: 0.170200, Loss: 0.831812
[19:18:26] Epoch 32: Accuracy: 0.163900, Loss: 0.825530
[19:22:54] Epoch 33: Accuracy: 0.159200, Loss: 0.828241
[19:27:20] Epoch 34: Accuracy: 0.141000, Loss: 0.829262
[19:31:48] Epoch 35: Accuracy: 0.160200, Loss: 0.834033
[19:36:16] Epoch 36: Accuracy: 0.142000, Loss: 0.839584
[19:40:45] Epoch 37: Accuracy: 0.196200, Loss: 0.829479
[19:45:13] Epoch 38: Accuracy: 0.182700, Loss: 0.837003
[19:49:46] Epoch 39: Accuracy: 0.229700, Loss: 0.828771
[19:54:20] Epoch 40: Accuracy: 0.246700, Loss: 0.830272
[19:58:56] Epoch 40: Accuracy: 0.246500, Loss: 0.837153
[19:59:12] Epoch 41: Accuracy: 0.246500, Loss: 0.837153
[20:03:49] Epoch 42: Accuracy: 0.206500, Loss: 0.843787
[20:08:24] Epoch 43: Accuracy: 0.220100, Loss: 0.848257
[20:13:01] Epoch 44: Accuracy: 0.263800, Loss: 0.831011
[20:17:38] Epoch 45: Accuracy: 0.225800, Loss: 0.838260
[20:22:17] Epoch 46: Accuracy: 0.261700, Loss: 0.836930
[20:26:50] Epoch 47: Accuracy: 0.274700, Loss: 0.838145
[20:31:22] Epoch 48: Accuracy: 0.282100, Loss: 0.834192
[20:35:55] Epoch 49: Accuracy: 0.292500, Loss: 0.839433
[20:40:28] Epoch 50: Accuracy: 0.208300, Loss: 0.858466
[20:45:00] Epoch 51: Accuracy: 0.267500, Loss: 0.856360
[20:49:35] Epoch 52: Accuracy: 0.256700, Loss: 0.848883
[20:54:07] Epoch 53: Accuracy: 0.289100, Loss: 0.845924
[20:58:43] Epoch 54: Accuracy: 0.291600, Loss: 0.847315
[21:03:28] Epoch 55: Accuracy: 0.289200, Loss: 0.845855
[21:08:13] Epoch 56: Accuracy: 0.244600, Loss: 0.856104
[21:12:58] Epoch 57: Accuracy: 0.302000, Loss: 0.849759
[21:17:44] Epoch 58: Accuracy: 0.313000, Loss: 0.851969
[21:22:29] Epoch 59: Accuracy: 0.315600, Loss: 0.851219
[21:27:06] Epoch 60: Accuracy: 0.314000, Loss: 0.849095
[21:31:45] Epoch 60: Accuracy: 0.292200, Loss: 0.854360
[21:32:01] Epoch 61: Accuracy: 0.292200, Loss: 0.854360
[21:36:40] Epoch 62: Accuracy: 0.313800, Loss: 0.849054
[21:41:31] Epoch 63: Accuracy: 0.305100, Loss: 0.851303
[21:46:21] Epoch 64: Accuracy: 0.322500, Loss: 0.849033
[21:51:11] Epoch 65: Accuracy: 0.327500, Loss: 0.846725
[21:56:01] Epoch 66: Accuracy: 0.330800, Loss: 0.837640
[22:00:53] Epoch 67: Accuracy: 0.335200, Loss: 0.847162
[22:05:46] Epoch 68: Accuracy: 0.330900, Loss: 0.849968
[22:10:40] Epoch 69: Accuracy: 0.321500, Loss: 0.850805
[22:15:36] Epoch 70: Accuracy: 0.307400, Loss: 0.860515
[22:20:32] Epoch 71: Accuracy: 0.317000, Loss: 0.858873
[22:25:30] Epoch 72: Accuracy: 0.322300, Loss: 0.858346
[22:30:26] Epoch 73: Accuracy: 0.334500, Loss: 0.856313
[22:35:24] Epoch 74: Accuracy: 0.336500, Loss: 0.850021
[22:40:20] Epoch 75: Accuracy: 0.329700, Loss: 0.852000
[22:45:56] Epoch 76: Accuracy: 0.344400, Loss: 0.848625
[22:54:53] Epoch 77: Accuracy: 0.338500, Loss: 0.846058
[23:03:52] Epoch 78: Accuracy: 0.333000, Loss: 0.845316
[23:13:01] Epoch 79: Accuracy: 0.340900, Loss: 0.847242
[23:22:05] Epoch 80: Accuracy: 0.335000, Loss: 0.848593
[23:31:13] Epoch 80: Accuracy: 0.327400, Loss: 0.853795
[23:31:53] Epoch 81: Accuracy: 0.327400, Loss: 0.853795
[23:41:11] Epoch 82: Accuracy: 0.337900, Loss: 0.851420
[23:50:36] Epoch 83: Accuracy: 0.313500, Loss: 0.856004
[23:59:59] Epoch 84: Accuracy: 0.318800, Loss: 0.853171
[00:09:29] Epoch 85: Accuracy: 0.328000, Loss: 0.852796
[00:18:59] Epoch 86: Accuracy: 0.336200, Loss: 0.851042
[00:28:31] Epoch 87: Accuracy: 0.328200, Loss: 0.853410
[00:38:10] Epoch 88: Accuracy: 0.313400, Loss: 0.856747
[00:47:50] Epoch 89: Accuracy: 0.328400, Loss: 0.853025
[00:57:30] Epoch 90: Accuracy: 0.326400, Loss: 0.850023
[01:07:10] Epoch 91: Accuracy: 0.324500, Loss: 0.853940
[01:16:52] Epoch 92: Accuracy: 0.339700, Loss: 0.853021
[01:26:36] Epoch 93: Accuracy: 0.343200, Loss: 0.850844
[01:36:28] Epoch 94: Accuracy: 0.330100, Loss: 0.849793
[01:46:20] Epoch 95: Accuracy: 0.323000, Loss: 0.851865
[01:56:24] Epoch 96: Accuracy: 0.337000, Loss: 0.849602
[02:06:24] Epoch 97: Accuracy: 0.335500, Loss: 0.851408
[02:16:32] Epoch 98: Accuracy: 0.331400, Loss: 0.856031
[02:26:40] Epoch 99: Accuracy: 0.337600, Loss: 0.847606
[02:36:55] Epoch 100: Accuracy: 0.333200, Loss: 0.855644
[02:47:11] Epoch 100: Accuracy: 0.336400, Loss: 0.853979
[ Info: Training BModel with 4digits
[ Info: Training BKModel with 4digits
[ Info: Training BFModel with 4digits
[ Info: Training BLModel with 4digits
[ Info: Training BTModel with 4digits
[ Info: Training BLTModel with 4digits
Constructing models...
Reading 1 of 20 from ../digitclutter/digitclutter/trainset/mat/5000_4digits1.mat
Reading 2 of 20 from ../digitclutter/digitclutter/trainset/mat/5000_4digits2.mat
Reading 3 of 20 from ../digitclutter/digitclutter/trainset/mat/5000_4digits3.mat
Reading 4 of 20 from ../digitclutter/digitclutter/trainset/mat/5000_4digits4.mat
Reading 5 of 20 from ../digitclutter/digitclutter/trainset/mat/5000_4digits5.mat
Reading 6 of 20 from ../digitclutter/digitclutter/trainset/mat/5000_4digits6.mat
Reading 7 of 20 from ../digitclutter/digitclutter/trainset/mat/5000_4digits7.mat
Reading 8 of 20 from ../digitclutter/digitclutter/trainset/mat/5000_4digits8.mat
Reading 9 of 20 from ../digitclutter/digitclutter/trainset/mat/5000_4digits9.mat
Reading 10 of 20 from ../digitclutter/digitclutter/trainset/mat/5000_4digits10.mat
Reading 11 of 20 from ../digitclutter/digitclutter/trainset/mat/5000_4digits11.mat
Reading 12 of 20 from ../digitclutter/digitclutter/trainset/mat/5000_4digits12.mat
Reading 13 of 20 from ../digitclutter/digitclutter/trainset/mat/5000_4digits13.mat
Reading 14 of 20 from ../digitclutter/digitclutter/trainset/mat/5000_4digits14.mat
Reading 15 of 20 from ../digitclutter/digitclutter/trainset/mat/5000_4digits15.mat
Reading 16 of 20 from ../digitclutter/digitclutter/trainset/mat/5000_4digits16.mat
Reading 17 of 20 from ../digitclutter/digitclutter/trainset/mat/5000_4digits17.mat
Reading 18 of 20 from ../digitclutter/digitclutter/trainset/mat/5000_4digits18.mat
Reading 19 of 20 from ../digitclutter/digitclutter/trainset/mat/5000_4digits19.mat
Reading 20 of 20 from ../digitclutter/digitclutter/trainset/mat/5000_4digits20.mat
Dimension of images (32, 32, 1, 100000)
Dimension of binary targets (10, 100000)
normalize dataset
Creating batches
Reading 1 of 2 from ../digitclutter/digitclutter/testset/mat/5000_4digits1.mat
Reading 2 of 2 from ../digitclutter/digitclutter/testset/mat/5000_4digits2.mat
Dimension of images (32, 32, 1, 10000)
Dimension of binary targets (10, 10000)
normalize dataset
Creating batches
loaded 1000 batches of size 100 for training
loaded 100 batches of size 100 for testing
[02:51:08] Epoch 1: Accuracy: 0.005000, Loss: 0.810050
[02:54:00] Epoch 2: Accuracy: 0.111600, Loss: 0.496809
[02:55:09] Epoch 3: Accuracy: 0.168100, Loss: 0.443413
[02:56:18] Epoch 4: Accuracy: 0.204100, Loss: 0.406456
[02:57:27] Epoch 5: Accuracy: 0.240000, Loss: 0.386585
[02:58:35] Epoch 6: Accuracy: 0.263000, Loss: 0.381017
[02:59:44] Epoch 7: Accuracy: 0.271500, Loss: 0.382416
[03:00:53] Epoch 8: Accuracy: 0.285400, Loss: 0.376869
[03:02:01] Epoch 9: Accuracy: 0.291300, Loss: 0.364911
[03:03:10] Epoch 10: Accuracy: 0.303700, Loss: 0.352905
[03:04:19] Epoch 11: Accuracy: 0.306800, Loss: 0.349194
[03:05:28] Epoch 12: Accuracy: 0.309000, Loss: 0.349257
[03:06:37] Epoch 13: Accuracy: 0.319100, Loss: 0.349580
[03:07:46] Epoch 14: Accuracy: 0.318800, Loss: 0.350530
[03:08:55] Epoch 15: Accuracy: 0.328500, Loss: 0.349416
[03:10:03] Epoch 16: Accuracy: 0.331700, Loss: 0.346334
[03:11:12] Epoch 17: Accuracy: 0.329500, Loss: 0.347223
[03:12:21] Epoch 18: Accuracy: 0.330400, Loss: 0.350343
[03:13:30] Epoch 19: Accuracy: 0.336100, Loss: 0.349255
[03:14:39] Epoch 20: Accuracy: 0.335600, Loss: 0.348942
[03:15:48] Epoch 20: Accuracy: 0.341300, Loss: 0.349572
[03:16:21] Epoch 21: Accuracy: 0.341300, Loss: 0.349572
[03:17:29] Epoch 22: Accuracy: 0.342800, Loss: 0.348799
[03:18:39] Epoch 23: Accuracy: 0.341100, Loss: 0.351828
[03:19:49] Epoch 24: Accuracy: 0.341400, Loss: 0.351566
[03:20:59] Epoch 25: Accuracy: 0.343800, Loss: 0.350770
[03:22:09] Epoch 26: Accuracy: 0.343400, Loss: 0.350899
[03:23:19] Epoch 27: Accuracy: 0.345200, Loss: 0.352143
[03:24:29] Epoch 28: Accuracy: 0.344000, Loss: 0.351390
[03:25:39] Epoch 29: Accuracy: 0.342700, Loss: 0.350006
[03:26:50] Epoch 30: Accuracy: 0.343200, Loss: 0.350139
[03:28:00] Epoch 31: Accuracy: 0.342800, Loss: 0.351625
[03:29:11] Epoch 32: Accuracy: 0.345100, Loss: 0.351707
[03:30:22] Epoch 33: Accuracy: 0.344100, Loss: 0.350399
[03:31:32] Epoch 34: Accuracy: 0.344200, Loss: 0.349532
[03:32:43] Epoch 35: Accuracy: 0.346900, Loss: 0.348204
[03:33:54] Epoch 36: Accuracy: 0.344700, Loss: 0.348303
[03:35:05] Epoch 37: Accuracy: 0.345800, Loss: 0.347746
[03:36:16] Epoch 38: Accuracy: 0.346400, Loss: 0.347274
[03:37:26] Epoch 39: Accuracy: 0.347700, Loss: 0.345581
[03:38:37] Epoch 40: Accuracy: 0.348700, Loss: 0.344535
[03:39:48] Epoch 40: Accuracy: 0.349800, Loss: 0.343971
[03:40:11] Epoch 41: Accuracy: 0.349800, Loss: 0.343971
[03:41:22] Epoch 42: Accuracy: 0.349400, Loss: 0.344315
[03:42:33] Epoch 43: Accuracy: 0.348300, Loss: 0.343360
[03:43:45] Epoch 44: Accuracy: 0.350300, Loss: 0.342468
[03:44:56] Epoch 45: Accuracy: 0.350000, Loss: 0.342113
[03:46:07] Epoch 46: Accuracy: 0.350000, Loss: 0.341785
[03:47:18] Epoch 47: Accuracy: 0.349900, Loss: 0.341065
[03:48:29] Epoch 48: Accuracy: 0.350100, Loss: 0.340308
[03:49:41] Epoch 49: Accuracy: 0.350800, Loss: 0.339785
[03:50:52] Epoch 50: Accuracy: 0.350000, Loss: 0.339309
[03:52:03] Epoch 51: Accuracy: 0.350500, Loss: 0.339031
[03:53:15] Epoch 52: Accuracy: 0.350800, Loss: 0.338805
[03:54:26] Epoch 53: Accuracy: 0.352000, Loss: 0.338679
[03:55:38] Epoch 54: Accuracy: 0.352800, Loss: 0.338626
[03:56:49] Epoch 55: Accuracy: 0.352300, Loss: 0.338102
[03:58:00] Epoch 56: Accuracy: 0.353200, Loss: 0.337798
[03:59:12] Epoch 57: Accuracy: 0.353400, Loss: 0.337718
[04:00:24] Epoch 58: Accuracy: 0.353800, Loss: 0.337374
[04:01:37] Epoch 59: Accuracy: 0.353700, Loss: 0.337304
[04:02:48] Epoch 60: Accuracy: 0.353900, Loss: 0.337417
[04:04:00] Epoch 60: Accuracy: 0.354300, Loss: 0.337268
[04:04:24] Epoch 61: Accuracy: 0.354300, Loss: 0.337268
[04:05:36] Epoch 62: Accuracy: 0.354800, Loss: 0.337031
[04:06:48] Epoch 63: Accuracy: 0.354300, Loss: 0.337043
[04:08:00] Epoch 64: Accuracy: 0.354400, Loss: 0.336966
[04:09:11] Epoch 65: Accuracy: 0.353900, Loss: 0.337032
[04:10:23] Epoch 66: Accuracy: 0.353700, Loss: 0.336979
[04:11:35] Epoch 67: Accuracy: 0.353900, Loss: 0.336905
[04:12:47] Epoch 68: Accuracy: 0.353800, Loss: 0.336790
[04:13:59] Epoch 69: Accuracy: 0.353900, Loss: 0.336642
[04:15:12] Epoch 70: Accuracy: 0.354000, Loss: 0.336636
[04:16:24] Epoch 71: Accuracy: 0.354500, Loss: 0.336691
[04:17:36] Epoch 72: Accuracy: 0.355900, Loss: 0.336620
[04:18:48] Epoch 73: Accuracy: 0.355500, Loss: 0.336591
[04:20:00] Epoch 74: Accuracy: 0.355500, Loss: 0.336637
[04:21:13] Epoch 75: Accuracy: 0.356200, Loss: 0.336657
[04:22:25] Epoch 76: Accuracy: 0.355800, Loss: 0.336676
[04:23:37] Epoch 77: Accuracy: 0.355400, Loss: 0.336631
[04:24:49] Epoch 78: Accuracy: 0.355800, Loss: 0.336588
[04:26:01] Epoch 79: Accuracy: 0.355500, Loss: 0.336609
[04:27:13] Epoch 80: Accuracy: 0.355700, Loss: 0.336562
[04:28:25] Epoch 80: Accuracy: 0.356200, Loss: 0.336547
[04:28:49] Epoch 81: Accuracy: 0.356200, Loss: 0.336547
[04:30:01] Epoch 82: Accuracy: 0.356200, Loss: 0.336509
[04:31:14] Epoch 83: Accuracy: 0.355800, Loss: 0.336441
[04:32:26] Epoch 84: Accuracy: 0.355600, Loss: 0.336401
[04:33:39] Epoch 85: Accuracy: 0.355400, Loss: 0.336429
[04:34:51] Epoch 86: Accuracy: 0.354800, Loss: 0.336456
[04:36:04] Epoch 87: Accuracy: 0.354600, Loss: 0.336477
[04:37:17] Epoch 88: Accuracy: 0.354600, Loss: 0.336460
[04:38:29] Epoch 89: Accuracy: 0.354900, Loss: 0.336455
[04:39:42] Epoch 90: Accuracy: 0.355000, Loss: 0.336415
[04:40:54] Epoch 91: Accuracy: 0.355000, Loss: 0.336410
[04:42:07] Epoch 92: Accuracy: 0.355100, Loss: 0.336391
[04:43:20] Epoch 93: Accuracy: 0.355100, Loss: 0.336377
[04:44:32] Epoch 94: Accuracy: 0.355000, Loss: 0.336378
[04:45:45] Epoch 95: Accuracy: 0.355100, Loss: 0.336371
[04:46:57] Epoch 96: Accuracy: 0.355200, Loss: 0.336360
[04:48:10] Epoch 97: Accuracy: 0.355200, Loss: 0.336345
[04:49:23] Epoch 98: Accuracy: 0.355200, Loss: 0.336326
[04:50:35] Epoch 99: Accuracy: 0.355200, Loss: 0.336306
[04:51:48] Epoch 100: Accuracy: 0.355600, Loss: 0.336301
[04:53:02] Epoch 100: Accuracy: 0.355500, Loss: 0.336285
[04:53:51] Epoch 1: Accuracy: 0.005300, Loss: 0.790591
[04:55:09] Epoch 2: Accuracy: 0.168000, Loss: 0.469969
[04:56:24] Epoch 3: Accuracy: 0.290700, Loss: 0.381772
[04:57:39] Epoch 4: Accuracy: 0.327000, Loss: 0.351782
[04:58:54] Epoch 5: Accuracy: 0.347800, Loss: 0.351946
[05:00:10] Epoch 6: Accuracy: 0.385800, Loss: 0.340654
[05:01:25] Epoch 7: Accuracy: 0.408300, Loss: 0.322313
[05:02:40] Epoch 8: Accuracy: 0.405300, Loss: 0.330494
[05:03:55] Epoch 9: Accuracy: 0.412300, Loss: 0.328166
[05:05:10] Epoch 10: Accuracy: 0.418600, Loss: 0.328041
[05:06:25] Epoch 11: Accuracy: 0.423600, Loss: 0.323589
[05:07:41] Epoch 12: Accuracy: 0.423400, Loss: 0.328195
[05:08:57] Epoch 13: Accuracy: 0.427100, Loss: 0.331397
[05:10:13] Epoch 14: Accuracy: 0.436400, Loss: 0.329366
[05:11:29] Epoch 15: Accuracy: 0.441600, Loss: 0.332230
[05:12:44] Epoch 16: Accuracy: 0.442900, Loss: 0.330458
[05:14:00] Epoch 17: Accuracy: 0.446000, Loss: 0.325291
[05:15:16] Epoch 18: Accuracy: 0.443800, Loss: 0.328670
[05:16:32] Epoch 19: Accuracy: 0.447600, Loss: 0.330953
[05:17:48] Epoch 20: Accuracy: 0.449500, Loss: 0.331332
[05:19:04] Epoch 20: Accuracy: 0.451000, Loss: 0.328966
[05:19:28] Epoch 21: Accuracy: 0.451000, Loss: 0.328966
[05:20:44] Epoch 22: Accuracy: 0.450800, Loss: 0.331748
[05:22:00] Epoch 23: Accuracy: 0.449700, Loss: 0.336841
[05:23:16] Epoch 24: Accuracy: 0.449900, Loss: 0.336070
[05:24:33] Epoch 25: Accuracy: 0.451100, Loss: 0.337855
[05:25:48] Epoch 26: Accuracy: 0.452100, Loss: 0.337220
[05:27:04] Epoch 27: Accuracy: 0.455300, Loss: 0.337749
[05:28:20] Epoch 28: Accuracy: 0.455700, Loss: 0.338091
[05:29:36] Epoch 29: Accuracy: 0.455000, Loss: 0.338337
[05:30:53] Epoch 30: Accuracy: 0.459000, Loss: 0.336054
[05:32:09] Epoch 31: Accuracy: 0.458600, Loss: 0.335924
[05:33:25] Epoch 32: Accuracy: 0.460700, Loss: 0.332498
[05:34:41] Epoch 33: Accuracy: 0.460400, Loss: 0.332975
[05:35:58] Epoch 34: Accuracy: 0.461100, Loss: 0.332175
[05:37:14] Epoch 35: Accuracy: 0.461500, Loss: 0.333199
[05:38:30] Epoch 36: Accuracy: 0.459600, Loss: 0.333135
[05:39:46] Epoch 37: Accuracy: 0.460300, Loss: 0.333261
[05:41:03] Epoch 38: Accuracy: 0.459500, Loss: 0.333526
[05:42:20] Epoch 39: Accuracy: 0.459300, Loss: 0.333568
[05:43:36] Epoch 40: Accuracy: 0.460700, Loss: 0.333423
[05:44:53] Epoch 40: Accuracy: 0.459500, Loss: 0.332441
[05:45:17] Epoch 41: Accuracy: 0.459500, Loss: 0.332441
[05:46:33] Epoch 42: Accuracy: 0.459300, Loss: 0.333652
[05:47:49] Epoch 43: Accuracy: 0.458000, Loss: 0.334227
[05:49:06] Epoch 44: Accuracy: 0.458900, Loss: 0.333541
[05:50:22] Epoch 45: Accuracy: 0.459000, Loss: 0.333387
[05:51:38] Epoch 46: Accuracy: 0.458200, Loss: 0.334214
[05:52:55] Epoch 47: Accuracy: 0.458500, Loss: 0.333984
[05:54:11] Epoch 48: Accuracy: 0.458900, Loss: 0.334055
[05:55:28] Epoch 49: Accuracy: 0.460000, Loss: 0.333733
[05:56:44] Epoch 50: Accuracy: 0.460100, Loss: 0.333639
[05:58:01] Epoch 51: Accuracy: 0.460900, Loss: 0.333621
[05:59:18] Epoch 52: Accuracy: 0.461800, Loss: 0.333550
[06:00:34] Epoch 53: Accuracy: 0.462300, Loss: 0.333288
[06:01:51] Epoch 54: Accuracy: 0.461500, Loss: 0.333610
[06:03:08] Epoch 55: Accuracy: 0.461100, Loss: 0.334054
[06:04:24] Epoch 56: Accuracy: 0.461400, Loss: 0.333581
[06:05:41] Epoch 57: Accuracy: 0.462100, Loss: 0.333497
[06:06:58] Epoch 58: Accuracy: 0.462500, Loss: 0.333224
[06:08:15] Epoch 59: Accuracy: 0.462900, Loss: 0.333232
[06:09:32] Epoch 60: Accuracy: 0.463500, Loss: 0.333171
[06:10:49] Epoch 60: Accuracy: 0.462900, Loss: 0.333061
[06:11:13] Epoch 61: Accuracy: 0.462900, Loss: 0.333061
[06:12:30] Epoch 62: Accuracy: 0.462800, Loss: 0.332836
[06:13:48] Epoch 63: Accuracy: 0.462300, Loss: 0.332653
[06:15:06] Epoch 64: Accuracy: 0.462400, Loss: 0.332605
[06:16:23] Epoch 65: Accuracy: 0.462600, Loss: 0.332587
[06:17:40] Epoch 66: Accuracy: 0.463200, Loss: 0.332363
[06:18:58] Epoch 67: Accuracy: 0.463600, Loss: 0.332152
[06:20:15] Epoch 68: Accuracy: 0.463900, Loss: 0.331941
[06:21:32] Epoch 69: Accuracy: 0.464000, Loss: 0.331447
[06:22:50] Epoch 70: Accuracy: 0.464600, Loss: 0.331485
[06:24:07] Epoch 71: Accuracy: 0.464600, Loss: 0.331331
[06:25:24] Epoch 72: Accuracy: 0.464300, Loss: 0.331327
[06:26:42] Epoch 73: Accuracy: 0.463800, Loss: 0.331203
[06:28:00] Epoch 74: Accuracy: 0.464000, Loss: 0.331247
[06:29:17] Epoch 75: Accuracy: 0.463300, Loss: 0.331205
[06:30:36] Epoch 76: Accuracy: 0.463000, Loss: 0.331117
[06:31:54] Epoch 77: Accuracy: 0.463500, Loss: 0.331167
[06:33:11] Epoch 78: Accuracy: 0.463500, Loss: 0.331021
[06:34:30] Epoch 79: Accuracy: 0.463300, Loss: 0.330990
[06:35:47] Epoch 80: Accuracy: 0.463400, Loss: 0.330842
[06:37:05] Epoch 80: Accuracy: 0.463900, Loss: 0.330751
[06:37:29] Epoch 81: Accuracy: 0.463900, Loss: 0.330751
[06:38:47] Epoch 82: Accuracy: 0.463400, Loss: 0.330720
[06:40:04] Epoch 83: Accuracy: 0.463400, Loss: 0.330645
[06:41:22] Epoch 84: Accuracy: 0.463900, Loss: 0.330604
[06:42:39] Epoch 85: Accuracy: 0.463800, Loss: 0.330552
[06:43:57] Epoch 86: Accuracy: 0.464000, Loss: 0.330434
[06:45:15] Epoch 87: Accuracy: 0.464100, Loss: 0.330353
[06:46:33] Epoch 88: Accuracy: 0.464600, Loss: 0.330218
[06:47:51] Epoch 89: Accuracy: 0.464600, Loss: 0.330102
[06:49:09] Epoch 90: Accuracy: 0.464500, Loss: 0.330029
[06:50:27] Epoch 91: Accuracy: 0.464600, Loss: 0.329972
[06:51:46] Epoch 92: Accuracy: 0.464500, Loss: 0.329957
[06:53:05] Epoch 93: Accuracy: 0.464300, Loss: 0.329915
[06:54:23] Epoch 94: Accuracy: 0.464200, Loss: 0.329830
[06:55:42] Epoch 95: Accuracy: 0.464200, Loss: 0.329802
[06:57:00] Epoch 96: Accuracy: 0.464200, Loss: 0.329724
[06:58:18] Epoch 97: Accuracy: 0.464300, Loss: 0.329673
[06:59:35] Epoch 98: Accuracy: 0.464700, Loss: 0.329655
[07:00:54] Epoch 99: Accuracy: 0.465100, Loss: 0.329651
[07:02:11] Epoch 100: Accuracy: 0.465000, Loss: 0.329615
[07:03:29] Epoch 100: Accuracy: 0.465400, Loss: 0.329608
[07:04:19] Epoch 1: Accuracy: 0.005500, Loss: 0.850192
[07:06:22] Epoch 2: Accuracy: 0.236000, Loss: 0.394631
[07:08:21] Epoch 3: Accuracy: 0.301600, Loss: 0.359560
[07:10:20] Epoch 4: Accuracy: 0.336100, Loss: 0.342076
[07:12:19] Epoch 5: Accuracy: 0.351700, Loss: 0.336775
[07:14:18] Epoch 6: Accuracy: 0.376200, Loss: 0.332338
[07:16:16] Epoch 7: Accuracy: 0.389400, Loss: 0.326570
[07:18:15] Epoch 8: Accuracy: 0.406500, Loss: 0.319072
[07:20:14] Epoch 9: Accuracy: 0.413300, Loss: 0.312618
[07:22:14] Epoch 10: Accuracy: 0.414300, Loss: 0.314372
[07:24:13] Epoch 11: Accuracy: 0.423300, Loss: 0.310814
[07:26:12] Epoch 12: Accuracy: 0.421900, Loss: 0.309894
[07:28:12] Epoch 13: Accuracy: 0.424800, Loss: 0.311894
[07:30:11] Epoch 14: Accuracy: 0.429000, Loss: 0.310560
[07:32:11] Epoch 15: Accuracy: 0.429600, Loss: 0.305803
[07:34:11] Epoch 16: Accuracy: 0.433800, Loss: 0.301881
[07:36:11] Epoch 17: Accuracy: 0.438000, Loss: 0.300480
[07:38:10] Epoch 18: Accuracy: 0.441700, Loss: 0.295866
[07:40:10] Epoch 19: Accuracy: 0.449100, Loss: 0.295111
[07:42:10] Epoch 20: Accuracy: 0.450300, Loss: 0.292690
[07:44:10] Epoch 20: Accuracy: 0.453600, Loss: 0.292870
[07:44:37] Epoch 21: Accuracy: 0.453600, Loss: 0.292870
[07:46:38] Epoch 22: Accuracy: 0.455800, Loss: 0.291263
[07:48:38] Epoch 23: Accuracy: 0.455700, Loss: 0.294446
[07:50:39] Epoch 24: Accuracy: 0.454700, Loss: 0.292805
[07:52:41] Epoch 25: Accuracy: 0.456400, Loss: 0.293436
[07:54:43] Epoch 26: Accuracy: 0.457100, Loss: 0.292379
[07:56:44] Epoch 27: Accuracy: 0.456900, Loss: 0.290825
[07:58:46] Epoch 28: Accuracy: 0.457700, Loss: 0.291350
[08:00:48] Epoch 29: Accuracy: 0.457500, Loss: 0.290181
[08:02:49] Epoch 30: Accuracy: 0.457200, Loss: 0.288326
[08:04:52] Epoch 31: Accuracy: 0.455800, Loss: 0.288388
[08:06:54] Epoch 32: Accuracy: 0.455800, Loss: 0.288545
[08:08:56] Epoch 33: Accuracy: 0.458300, Loss: 0.288947
[08:10:58] Epoch 34: Accuracy: 0.456000, Loss: 0.289719
[08:13:00] Epoch 35: Accuracy: 0.457900, Loss: 0.290185
[08:15:02] Epoch 36: Accuracy: 0.460800, Loss: 0.289969
[08:17:04] Epoch 37: Accuracy: 0.461000, Loss: 0.290124
[08:19:06] Epoch 38: Accuracy: 0.461600, Loss: 0.290187
[08:21:08] Epoch 39: Accuracy: 0.463200, Loss: 0.290788
[08:23:11] Epoch 40: Accuracy: 0.463000, Loss: 0.291090
[08:25:13] Epoch 40: Accuracy: 0.464900, Loss: 0.291092
[08:25:41] Epoch 41: Accuracy: 0.464900, Loss: 0.291092
[08:27:44] Epoch 42: Accuracy: 0.465100, Loss: 0.291412
[08:29:47] Epoch 43: Accuracy: 0.465500, Loss: 0.292130
[08:31:50] Epoch 44: Accuracy: 0.465700, Loss: 0.292468
[08:33:53] Epoch 45: Accuracy: 0.465200, Loss: 0.292223
[08:35:56] Epoch 46: Accuracy: 0.464200, Loss: 0.292716
[08:37:59] Epoch 47: Accuracy: 0.464900, Loss: 0.292654
[08:40:02] Epoch 48: Accuracy: 0.464700, Loss: 0.292631
[08:42:05] Epoch 49: Accuracy: 0.465800, Loss: 0.292069
[08:44:08] Epoch 50: Accuracy: 0.466800, Loss: 0.291868
[08:46:11] Epoch 51: Accuracy: 0.467700, Loss: 0.292053
[08:48:14] Epoch 52: Accuracy: 0.467200, Loss: 0.291865
[08:50:17] Epoch 53: Accuracy: 0.466900, Loss: 0.291781
[08:52:19] Epoch 54: Accuracy: 0.467000, Loss: 0.291334
[08:54:22] Epoch 55: Accuracy: 0.466400, Loss: 0.291210
[08:56:25] Epoch 56: Accuracy: 0.466700, Loss: 0.291170
[08:58:28] Epoch 57: Accuracy: 0.467100, Loss: 0.290884
[09:00:31] Epoch 58: Accuracy: 0.467600, Loss: 0.290739
[09:02:34] Epoch 59: Accuracy: 0.468600, Loss: 0.290910
[09:04:37] Epoch 60: Accuracy: 0.468300, Loss: 0.290835
[09:06:40] Epoch 60: Accuracy: 0.468400, Loss: 0.290980
[09:07:08] Epoch 61: Accuracy: 0.468400, Loss: 0.290980
[09:09:11] Epoch 62: Accuracy: 0.467800, Loss: 0.290985
[09:11:14] Epoch 63: Accuracy: 0.468200, Loss: 0.290954
[09:13:18] Epoch 64: Accuracy: 0.468300, Loss: 0.290859
[09:15:21] Epoch 65: Accuracy: 0.468500, Loss: 0.290921
[09:17:24] Epoch 66: Accuracy: 0.467900, Loss: 0.290959
[09:19:29] Epoch 67: Accuracy: 0.468000, Loss: 0.291087
[09:21:32] Epoch 68: Accuracy: 0.467900, Loss: 0.291129
[09:23:35] Epoch 69: Accuracy: 0.467600, Loss: 0.291332
[09:25:40] Epoch 70: Accuracy: 0.467700, Loss: 0.291415
[09:27:44] Epoch 71: Accuracy: 0.467800, Loss: 0.291399
[09:29:48] Epoch 72: Accuracy: 0.468000, Loss: 0.291485
[09:31:52] Epoch 73: Accuracy: 0.468100, Loss: 0.291474
[09:33:56] Epoch 74: Accuracy: 0.468400, Loss: 0.291473
[09:36:01] Epoch 75: Accuracy: 0.469300, Loss: 0.291550
[09:38:05] Epoch 76: Accuracy: 0.469400, Loss: 0.291750
[09:40:10] Epoch 77: Accuracy: 0.469400, Loss: 0.291880
[09:42:14] Epoch 78: Accuracy: 0.469700, Loss: 0.291882
[09:44:18] Epoch 79: Accuracy: 0.469800, Loss: 0.291981
[09:46:22] Epoch 80: Accuracy: 0.470600, Loss: 0.292009
[09:48:26] Epoch 80: Accuracy: 0.470800, Loss: 0.292029
[09:48:54] Epoch 81: Accuracy: 0.470800, Loss: 0.292029
[09:50:59] Epoch 82: Accuracy: 0.471000, Loss: 0.292115
[09:53:04] Epoch 83: Accuracy: 0.471100, Loss: 0.292156
[09:55:10] Epoch 84: Accuracy: 0.470700, Loss: 0.292165
[09:57:15] Epoch 85: Accuracy: 0.471100, Loss: 0.292262
[09:59:19] Epoch 86: Accuracy: 0.470700, Loss: 0.292353
[10:01:24] Epoch 87: Accuracy: 0.470300, Loss: 0.292355
[10:03:29] Epoch 88: Accuracy: 0.470300, Loss: 0.292391
[10:05:36] Epoch 89: Accuracy: 0.470500, Loss: 0.292391
[10:07:42] Epoch 90: Accuracy: 0.470800, Loss: 0.292372
[10:09:50] Epoch 91: Accuracy: 0.471200, Loss: 0.292393
[10:11:57] Epoch 92: Accuracy: 0.471400, Loss: 0.292415
[10:14:02] Epoch 93: Accuracy: 0.471200, Loss: 0.292389
[10:16:07] Epoch 94: Accuracy: 0.471200, Loss: 0.292351
[10:18:14] Epoch 95: Accuracy: 0.471200, Loss: 0.292367
[10:20:20] Epoch 96: Accuracy: 0.471300, Loss: 0.292358
[10:22:26] Epoch 97: Accuracy: 0.471600, Loss: 0.292310
[10:24:31] Epoch 98: Accuracy: 0.471600, Loss: 0.292310
[10:26:37] Epoch 99: Accuracy: 0.471500, Loss: 0.292322
[10:28:44] Epoch 100: Accuracy: 0.471300, Loss: 0.292303
[10:30:50] Epoch 100: Accuracy: 0.471100, Loss: 0.292303
[10:31:50] Epoch 1: Accuracy: 0.006000, Loss: 0.736351
[10:38:15] Epoch 2: Accuracy: 0.070200, Loss: 0.571937
[10:43:59] Epoch 3: Accuracy: 0.141700, Loss: 0.476232
[10:49:44] Epoch 4: Accuracy: 0.180200, Loss: 0.462356
[10:55:30] Epoch 5: Accuracy: 0.234700, Loss: 0.423890
[11:01:19] Epoch 6: Accuracy: 0.256100, Loss: 0.420163
[11:07:06] Epoch 7: Accuracy: 0.271100, Loss: 0.417168
[11:12:56] Epoch 8: Accuracy: 0.278100, Loss: 0.402963
[11:18:49] Epoch 9: Accuracy: 0.302400, Loss: 0.400803
[11:24:40] Epoch 10: Accuracy: 0.307500, Loss: 0.396126
[11:30:36] Epoch 11: Accuracy: 0.318200, Loss: 0.394947
[11:36:29] Epoch 12: Accuracy: 0.320600, Loss: 0.395507
[11:42:26] Epoch 13: Accuracy: 0.314300, Loss: 0.400864
[11:48:26] Epoch 14: Accuracy: 0.347200, Loss: 0.384965
[11:54:26] Epoch 15: Accuracy: 0.328700, Loss: 0.389514
[12:00:25] Epoch 16: Accuracy: 0.364900, Loss: 0.385490
[12:06:25] Epoch 17: Accuracy: 0.351100, Loss: 0.383145
[12:12:29] Epoch 18: Accuracy: 0.370300, Loss: 0.382123
[12:18:33] Epoch 19: Accuracy: 0.393500, Loss: 0.377415
[12:28:25] Epoch 20: Accuracy: 0.387800, Loss: 0.368660
[12:43:39] Epoch 20: Accuracy: 0.394900, Loss: 0.381670
[12:44:51] Epoch 21: Accuracy: 0.394900, Loss: 0.381670
[13:00:20] Epoch 22: Accuracy: 0.393200, Loss: 0.377175
[13:15:49] Epoch 23: Accuracy: 0.402200, Loss: 0.377814
[13:31:32] Epoch 24: Accuracy: 0.417300, Loss: 0.376527
[13:47:51] Epoch 25: Accuracy: 0.406700, Loss: 0.373330
[14:04:06] Epoch 26: Accuracy: 0.407200, Loss: 0.364068
[14:20:25] Epoch 27: Accuracy: 0.411500, Loss: 0.369063
[14:36:52] Epoch 28: Accuracy: 0.411300, Loss: 0.372221
[14:53:27] Epoch 29: Accuracy: 0.404400, Loss: 0.366623
[15:10:32] Epoch 30: Accuracy: 0.418400, Loss: 0.370760
[15:27:33] Epoch 31: Accuracy: 0.411000, Loss: 0.371081
[15:44:46] Epoch 32: Accuracy: 0.414000, Loss: 0.373812
[16:01:53] Epoch 33: Accuracy: 0.410800, Loss: 0.370858
[16:19:14] Epoch 34: Accuracy: 0.416400, Loss: 0.362446
[16:36:58] Epoch 35: Accuracy: 0.415700, Loss: 0.375053
[16:54:56] Epoch 36: Accuracy: 0.418600, Loss: 0.370535
[17:12:50] Epoch 37: Accuracy: 0.429000, Loss: 0.372217
[17:30:45] Epoch 38: Accuracy: 0.419700, Loss: 0.370973
[17:48:49] Epoch 39: Accuracy: 0.421800, Loss: 0.371940
[18:06:59] Epoch 40: Accuracy: 0.422900, Loss: 0.373738
[18:25:21] Epoch 40: Accuracy: 0.423100, Loss: 0.368116
[18:26:37] Epoch 41: Accuracy: 0.423100, Loss: 0.368116
[18:45:20] Epoch 42: Accuracy: 0.423800, Loss: 0.370909
[19:04:02] Epoch 43: Accuracy: 0.423100, Loss: 0.371003
[19:22:55] Epoch 44: Accuracy: 0.428700, Loss: 0.368690
[19:41:58] Epoch 45: Accuracy: 0.427200, Loss: 0.370394
[20:01:05] Epoch 46: Accuracy: 0.423900, Loss: 0.369349
[20:20:19] Epoch 47: Accuracy: 0.425900, Loss: 0.366616
[20:39:38] Epoch 48: Accuracy: 0.422300, Loss: 0.368334
[20:59:12] Epoch 49: Accuracy: 0.424400, Loss: 0.370661
[21:18:49] Epoch 50: Accuracy: 0.420300, Loss: 0.372281
[21:38:37] Epoch 51: Accuracy: 0.420800, Loss: 0.374192
[21:58:38] Epoch 52: Accuracy: 0.417700, Loss: 0.374518
[22:18:49] Epoch 53: Accuracy: 0.421700, Loss: 0.375681
[22:39:07] Epoch 54: Accuracy: 0.426600, Loss: 0.372145
[22:59:22] Epoch 55: Accuracy: 0.423700, Loss: 0.372380
[23:20:00] Epoch 56: Accuracy: 0.421100, Loss: 0.371412
[23:40:45] Epoch 57: Accuracy: 0.420100, Loss: 0.374000
[00:01:45] Epoch 58: Accuracy: 0.420200, Loss: 0.373406
[00:22:57] Epoch 59: Accuracy: 0.425700, Loss: 0.374735
[00:44:08] Epoch 60: Accuracy: 0.421900, Loss: 0.373720
[01:05:22] Epoch 60: Accuracy: 0.422200, Loss: 0.374553
[01:06:49] Epoch 61: Accuracy: 0.422200, Loss: 0.374553
[01:28:23] Epoch 62: Accuracy: 0.422900, Loss: 0.373904
[01:50:05] Epoch 63: Accuracy: 0.423100, Loss: 0.374085
[02:11:52] Epoch 64: Accuracy: 0.424300, Loss: 0.375171
[02:33:39] Epoch 65: Accuracy: 0.423100, Loss: 0.373688
[02:55:40] Epoch 66: Accuracy: 0.425400, Loss: 0.375560
[03:17:57] Epoch 67: Accuracy: 0.423100, Loss: 0.373995
[03:40:27] Epoch 68: Accuracy: 0.420900, Loss: 0.376433
[04:03:01] Epoch 69: Accuracy: 0.421100, Loss: 0.375880
[04:25:43] Epoch 70: Accuracy: 0.422800, Loss: 0.376323
[04:48:32] Epoch 71: Accuracy: 0.422400, Loss: 0.375809
[05:11:18] Epoch 72: Accuracy: 0.424500, Loss: 0.375350
[05:34:22] Epoch 73: Accuracy: 0.422600, Loss: 0.376222
[05:57:38] Epoch 74: Accuracy: 0.423700, Loss: 0.376624
[06:21:05] Epoch 75: Accuracy: 0.422400, Loss: 0.376828
[06:44:46] Epoch 76: Accuracy: 0.423300, Loss: 0.375961
[07:08:52] Epoch 77: Accuracy: 0.421300, Loss: 0.376498
[07:33:04] Epoch 78: Accuracy: 0.422300, Loss: 0.377202
[07:57:34] Epoch 79: Accuracy: 0.422200, Loss: 0.376793
[08:22:05] Epoch 80: Accuracy: 0.421300, Loss: 0.377103
[08:46:43] Epoch 80: Accuracy: 0.420300, Loss: 0.377909
[08:48:19] Epoch 81: Accuracy: 0.420300, Loss: 0.377909
[09:13:17] Epoch 82: Accuracy: 0.421800, Loss: 0.376818
[09:38:20] Epoch 83: Accuracy: 0.421900, Loss: 0.377391
[10:03:27] Epoch 84: Accuracy: 0.420600, Loss: 0.378136
[10:28:35] Epoch 85: Accuracy: 0.421300, Loss: 0.377474
[10:54:04] Epoch 86: Accuracy: 0.421000, Loss: 0.376880
[11:19:30] Epoch 87: Accuracy: 0.420600, Loss: 0.377625
[11:45:00] Epoch 88: Accuracy: 0.420300, Loss: 0.377318
[12:10:41] Epoch 89: Accuracy: 0.420200, Loss: 0.377946
[12:36:38] Epoch 90: Accuracy: 0.420000, Loss: 0.377760
[13:02:40] Epoch 91: Accuracy: 0.419400, Loss: 0.378093
[13:28:56] Epoch 92: Accuracy: 0.419300, Loss: 0.378402
[13:55:29] Epoch 93: Accuracy: 0.418400, Loss: 0.378560
[14:22:34] Epoch 94: Accuracy: 0.418000, Loss: 0.378591
[14:49:42] Epoch 95: Accuracy: 0.418300, Loss: 0.378179
[15:17:05] Epoch 96: Accuracy: 0.417500, Loss: 0.378686
[15:44:23] Epoch 97: Accuracy: 0.417100, Loss: 0.378654
[16:12:14] Epoch 98: Accuracy: 0.416400, Loss: 0.378948
[16:40:21] Epoch 99: Accuracy: 0.416900, Loss: 0.378735
[17:07:31] Epoch 100: Accuracy: 0.416300, Loss: 0.378914
[17:34:54] Epoch 100: Accuracy: 0.416300, Loss: 0.378861
[17:38:28] Epoch 1: Accuracy: 0.004300, Loss: 0.848744
[18:02:08] Epoch 2: Accuracy: 0.108000, Loss: 0.504746
[18:26:09] Epoch 3: Accuracy: 0.156700, Loss: 0.453311
[18:51:07] Epoch 4: Accuracy: 0.198100, Loss: 0.436880
[19:16:09] Epoch 5: Accuracy: 0.218100, Loss: 0.426775
[19:41:32] Epoch 6: Accuracy: 0.235500, Loss: 0.427820
[20:06:58] Epoch 7: Accuracy: 0.235100, Loss: 0.427962
[20:31:49] Epoch 8: Accuracy: 0.249300, Loss: 0.430239
[20:56:20] Epoch 9: Accuracy: 0.256000, Loss: 0.416066
[21:21:09] Epoch 10: Accuracy: 0.263600, Loss: 0.422928
[21:45:48] Epoch 11: Accuracy: 0.270400, Loss: 0.432180
[22:10:33] Epoch 12: Accuracy: 0.264000, Loss: 0.424719
[22:35:27] Epoch 13: Accuracy: 0.270500, Loss: 0.436455
[23:00:05] Epoch 14: Accuracy: 0.264600, Loss: 0.436620
[23:24:38] Epoch 15: Accuracy: 0.258100, Loss: 0.441948
[23:49:23] Epoch 16: Accuracy: 0.255900, Loss: 0.462598
[00:14:42] Epoch 17: Accuracy: 0.249400, Loss: 0.456322
[00:39:31] Epoch 18: Accuracy: 0.245400, Loss: 0.461656
[01:04:58] Epoch 19: Accuracy: 0.228900, Loss: 0.489800
[01:30:58] Epoch 20: Accuracy: 0.232300, Loss: 0.470760
[01:56:48] Epoch 20: Accuracy: 0.223300, Loss: 0.491669
[01:58:49] Epoch 21: Accuracy: 0.223300, Loss: 0.491669
[02:24:53] Epoch 22: Accuracy: 0.227500, Loss: 0.485428
[02:50:53] Epoch 23: Accuracy: 0.221100, Loss: 0.510228
[03:17:08] Epoch 24: Accuracy: 0.221900, Loss: 0.523513
[03:43:25] Epoch 25: Accuracy: 0.219600, Loss: 0.524217
[04:09:47] Epoch 26: Accuracy: 0.225900, Loss: 0.533952
[04:36:17] Epoch 27: Accuracy: 0.220600, Loss: 0.530403
[05:02:54] Epoch 28: Accuracy: 0.225600, Loss: 0.545040
[05:29:46] Epoch 29: Accuracy: 0.209800, Loss: 0.544980
[05:56:23] Epoch 30: Accuracy: 0.209900, Loss: 0.553682
[06:23:22] Epoch 31: Accuracy: 0.179100, Loss: 0.568371
[06:50:18] Epoch 32: Accuracy: 0.218900, Loss: 0.568906
[07:17:31] Epoch 33: Accuracy: 0.213800, Loss: 0.554954
[07:44:41] Epoch 34: Accuracy: 0.222600, Loss: 0.563800
[08:12:07] Epoch 35: Accuracy: 0.160700, Loss: 0.588350
[08:39:41] Epoch 36: Accuracy: 0.205500, Loss: 0.566467
[09:07:24] Epoch 37: Accuracy: 0.211000, Loss: 0.570508
[09:34:59] Epoch 38: Accuracy: 0.201400, Loss: 0.568803
[10:02:40] Epoch 39: Accuracy: 0.182100, Loss: 0.567588
[10:30:40] Epoch 40: Accuracy: 0.209300, Loss: 0.569113
[10:58:42] Epoch 40: Accuracy: 0.194000, Loss: 0.577310
[11:00:49] Epoch 41: Accuracy: 0.194000, Loss: 0.577310
[11:28:50] Epoch 42: Accuracy: 0.193900, Loss: 0.587555
[11:57:02] Epoch 43: Accuracy: 0.175300, Loss: 0.606032
[12:25:32] Epoch 44: Accuracy: 0.197900, Loss: 0.592860
[12:54:09] Epoch 45: Accuracy: 0.208000, Loss: 0.593319
[13:22:45] Epoch 46: Accuracy: 0.199000, Loss: 0.583607
[13:51:23] Epoch 47: Accuracy: 0.200900, Loss: 0.582645
[14:20:19] Epoch 48: Accuracy: 0.196000, Loss: 0.582991
[14:49:23] Epoch 49: Accuracy: 0.200300, Loss: 0.583357
[15:18:19] Epoch 50: Accuracy: 0.206500, Loss: 0.599796
[15:47:26] Epoch 51: Accuracy: 0.195900, Loss: 0.598770
[16:16:50] Epoch 52: Accuracy: 0.203400, Loss: 0.595801
[16:46:02] Epoch 53: Accuracy: 0.205200, Loss: 0.596392
[17:15:36] Epoch 54: Accuracy: 0.192300, Loss: 0.609206
[17:44:59] Epoch 55: Accuracy: 0.184600, Loss: 0.625687
[18:14:40] Epoch 56: Accuracy: 0.205300, Loss: 0.604761
[18:44:12] Epoch 57: Accuracy: 0.199300, Loss: 0.599269
[19:14:12] Epoch 58: Accuracy: 0.205700, Loss: 0.606680
[19:44:06] Epoch 59: Accuracy: 0.203500, Loss: 0.616744
[20:13:53] Epoch 60: Accuracy: 0.202800, Loss: 0.598975
[20:43:46] Epoch 60: Accuracy: 0.208500, Loss: 0.605905
[20:46:04] Epoch 61: Accuracy: 0.208500, Loss: 0.605905
[21:16:27] Epoch 62: Accuracy: 0.211500, Loss: 0.593634
[21:46:49] Epoch 63: Accuracy: 0.207800, Loss: 0.594820
[22:17:09] Epoch 64: Accuracy: 0.204200, Loss: 0.593862
[22:47:40] Epoch 65: Accuracy: 0.209700, Loss: 0.596947
[23:18:12] Epoch 66: Accuracy: 0.208600, Loss: 0.590646
[23:49:08] Epoch 67: Accuracy: 0.208900, Loss: 0.596073
[00:19:48] Epoch 68: Accuracy: 0.212300, Loss: 0.596911
[00:50:43] Epoch 69: Accuracy: 0.206100, Loss: 0.592889
[01:21:29] Epoch 70: Accuracy: 0.201100, Loss: 0.598232
[01:52:23] Epoch 71: Accuracy: 0.211800, Loss: 0.599339
[02:23:05] Epoch 72: Accuracy: 0.209200, Loss: 0.610355
[02:53:54] Epoch 73: Accuracy: 0.208800, Loss: 0.602300
[03:24:58] Epoch 74: Accuracy: 0.208300, Loss: 0.600644
[03:56:19] Epoch 75: Accuracy: 0.207400, Loss: 0.593175
[04:27:40] Epoch 76: Accuracy: 0.210100, Loss: 0.597024
[04:59:21] Epoch 77: Accuracy: 0.209900, Loss: 0.601392
[05:30:14] Epoch 78: Accuracy: 0.209900, Loss: 0.604402
[06:01:13] Epoch 79: Accuracy: 0.214600, Loss: 0.594364
[06:32:15] Epoch 80: Accuracy: 0.205400, Loss: 0.591503
[07:03:08] Epoch 80: Accuracy: 0.206800, Loss: 0.597830
[07:05:27] Epoch 81: Accuracy: 0.206800, Loss: 0.597830
[07:36:48] Epoch 82: Accuracy: 0.211700, Loss: 0.604189
[08:07:53] Epoch 83: Accuracy: 0.205000, Loss: 0.602101
[08:39:12] Epoch 84: Accuracy: 0.208100, Loss: 0.603339
[09:10:30] Epoch 85: Accuracy: 0.206700, Loss: 0.602124
[09:41:59] Epoch 86: Accuracy: 0.205500, Loss: 0.601634
[10:13:18] Epoch 87: Accuracy: 0.209000, Loss: 0.607793
[10:44:51] Epoch 88: Accuracy: 0.212400, Loss: 0.600383
[11:16:23] Epoch 89: Accuracy: 0.206200, Loss: 0.595500
[11:48:54] Epoch 90: Accuracy: 0.213500, Loss: 0.596057
[12:21:47] Epoch 91: Accuracy: 0.209800, Loss: 0.597430
[12:54:57] Epoch 92: Accuracy: 0.210500, Loss: 0.596744
[13:28:09] Epoch 93: Accuracy: 0.213800, Loss: 0.596148
[14:01:29] Epoch 94: Accuracy: 0.209800, Loss: 0.599782
[14:33:56] Epoch 95: Accuracy: 0.210200, Loss: 0.599555
[15:06:42] Epoch 96: Accuracy: 0.208900, Loss: 0.596374
[15:39:53] Epoch 97: Accuracy: 0.206700, Loss: 0.593298
[16:13:18] Epoch 98: Accuracy: 0.215200, Loss: 0.594898
[16:47:14] Epoch 99: Accuracy: 0.209900, Loss: 0.597608
[17:20:27] Epoch 100: Accuracy: 0.210800, Loss: 0.595127
[17:54:09] Epoch 100: Accuracy: 0.210500, Loss: 0.593110
[17:59:05] Epoch 1: Accuracy: 0.005600, Loss: 0.772273
[18:33:14] Epoch 2: Accuracy: 0.081200, Loss: 0.546911
[19:07:37] Epoch 3: Accuracy: 0.156300, Loss: 0.475652
[19:41:54] Epoch 4: Accuracy: 0.172100, Loss: 0.465712
[20:16:31] Epoch 5: Accuracy: 0.169100, Loss: 0.465726
[20:51:25] Epoch 6: Accuracy: 0.184300, Loss: 0.436829
[21:25:43] Epoch 7: Accuracy: 0.192800, Loss: 0.442318
[22:00:27] Epoch 8: Accuracy: 0.200600, Loss: 0.454774
[22:34:40] Epoch 9: Accuracy: 0.210800, Loss: 0.432529
[23:08:47] Epoch 10: Accuracy: 0.205700, Loss: 0.464799
[23:43:33] Epoch 11: Accuracy: 0.222000, Loss: 0.461973
[00:17:56] Epoch 12: Accuracy: 0.214800, Loss: 0.459636
[00:52:25] Epoch 13: Accuracy: 0.195800, Loss: 0.459610
[01:26:53] Epoch 14: Accuracy: 0.215900, Loss: 0.457199
[02:01:17] Epoch 15: Accuracy: 0.229000, Loss: 0.452862
[02:35:38] Epoch 16: Accuracy: 0.220700, Loss: 0.460671
[03:10:01] Epoch 17: Accuracy: 0.212800, Loss: 0.467450
[03:44:53] Epoch 18: Accuracy: 0.206300, Loss: 0.481695
[04:20:13] Epoch 19: Accuracy: 0.217500, Loss: 0.490610
[04:55:13] Epoch 20: Accuracy: 0.210500, Loss: 0.486125
[05:30:34] Epoch 20: Accuracy: 0.176100, Loss: 0.518548
[05:33:01] Epoch 21: Accuracy: 0.176100, Loss: 0.518548
[06:08:25] Epoch 22: Accuracy: 0.214400, Loss: 0.509523
[06:43:59] Epoch 23: Accuracy: 0.235400, Loss: 0.502233
[07:19:45] Epoch 24: Accuracy: 0.218300, Loss: 0.494650
[07:55:40] Epoch 25: Accuracy: 0.222200, Loss: 0.493987
[08:31:45] Epoch 26: Accuracy: 0.210400, Loss: 0.501671
[09:07:50] Epoch 27: Accuracy: 0.211600, Loss: 0.506323
[09:44:06] Epoch 28: Accuracy: 0.219000, Loss: 0.507432
[10:20:25] Epoch 29: Accuracy: 0.225500, Loss: 0.506217
[10:56:48] Epoch 30: Accuracy: 0.221500, Loss: 0.523723
[11:33:45] Epoch 31: Accuracy: 0.217200, Loss: 0.512929
[12:11:28] Epoch 32: Accuracy: 0.234300, Loss: 0.507024
[12:49:28] Epoch 33: Accuracy: 0.223300, Loss: 0.516487
[13:27:56] Epoch 34: Accuracy: 0.216700, Loss: 0.516393
[14:06:13] Epoch 35: Accuracy: 0.221500, Loss: 0.529397
[14:43:48] Epoch 36: Accuracy: 0.222000, Loss: 0.521666
[15:22:01] Epoch 37: Accuracy: 0.227100, Loss: 0.526967
[16:00:25] Epoch 38: Accuracy: 0.229400, Loss: 0.517817
[16:39:43] Epoch 39: Accuracy: 0.216500, Loss: 0.532736
[17:18:28] Epoch 40: Accuracy: 0.224000, Loss: 0.527340
[17:57:28] Epoch 40: Accuracy: 0.216200, Loss: 0.540212
[18:00:19] Epoch 41: Accuracy: 0.216200, Loss: 0.540212
[18:39:20] Epoch 42: Accuracy: 0.234700, Loss: 0.531638
[19:18:36] Epoch 43: Accuracy: 0.235400, Loss: 0.536172
[19:57:43] Epoch 44: Accuracy: 0.225100, Loss: 0.539335
[20:36:50] Epoch 45: Accuracy: 0.235700, Loss: 0.539669
[21:16:16] Epoch 46: Accuracy: 0.227700, Loss: 0.534774
[21:55:36] Epoch 47: Accuracy: 0.219400, Loss: 0.542290
[22:35:06] Epoch 48: Accuracy: 0.230300, Loss: 0.544968
[23:14:30] Epoch 49: Accuracy: 0.234500, Loss: 0.541122
[23:54:05] Epoch 50: Accuracy: 0.229600, Loss: 0.543171
[00:33:27] Epoch 51: Accuracy: 0.228800, Loss: 0.550795
[01:13:32] Epoch 52: Accuracy: 0.225600, Loss: 0.549182
[01:53:30] Epoch 53: Accuracy: 0.234200, Loss: 0.541176
[02:34:13] Epoch 54: Accuracy: 0.234100, Loss: 0.546076
[03:14:50] Epoch 55: Accuracy: 0.234900, Loss: 0.539988
[03:55:13] Epoch 56: Accuracy: 0.241000, Loss: 0.542965
[04:35:46] Epoch 57: Accuracy: 0.229800, Loss: 0.542816
[05:16:40] Epoch 58: Accuracy: 0.234700, Loss: 0.542373
[05:57:23] Epoch 59: Accuracy: 0.242200, Loss: 0.531981
[06:38:25] Epoch 60: Accuracy: 0.244400, Loss: 0.535776
[07:19:59] Epoch 60: Accuracy: 0.237900, Loss: 0.539187
[07:22:59] Epoch 61: Accuracy: 0.237900, Loss: 0.539187
[08:04:49] Epoch 62: Accuracy: 0.236300, Loss: 0.543234
[08:46:19] Epoch 63: Accuracy: 0.233000, Loss: 0.544488
[09:27:47] Epoch 64: Accuracy: 0.237500, Loss: 0.533696
[10:08:58] Epoch 65: Accuracy: 0.240400, Loss: 0.537540
[10:50:36] Epoch 66: Accuracy: 0.234300, Loss: 0.541355
[11:32:59] Epoch 67: Accuracy: 0.238300, Loss: 0.544599
[12:15:06] Epoch 68: Accuracy: 0.233300, Loss: 0.542202
[12:57:18] Epoch 69: Accuracy: 0.245100, Loss: 0.546603
[13:39:51] Epoch 70: Accuracy: 0.241800, Loss: 0.543637
[14:21:24] Epoch 71: Accuracy: 0.234500, Loss: 0.541456
[15:03:25] Epoch 72: Accuracy: 0.241100, Loss: 0.544314
[15:45:34] Epoch 73: Accuracy: 0.236900, Loss: 0.546768
[16:28:22] Epoch 74: Accuracy: 0.237300, Loss: 0.543195
[17:10:50] Epoch 75: Accuracy: 0.244000, Loss: 0.542021
[17:53:41] Epoch 76: Accuracy: 0.234600, Loss: 0.541004
[18:36:28] Epoch 77: Accuracy: 0.235300, Loss: 0.538062
[19:19:14] Epoch 78: Accuracy: 0.239800, Loss: 0.533592
[20:02:44] Epoch 79: Accuracy: 0.235000, Loss: 0.537133
[20:45:40] Epoch 80: Accuracy: 0.236200, Loss: 0.540645
[21:28:26] Epoch 80: Accuracy: 0.236800, Loss: 0.539366
[21:31:33] Epoch 81: Accuracy: 0.236800, Loss: 0.539366
[22:14:50] Epoch 82: Accuracy: 0.234800, Loss: 0.540743
[22:58:10] Epoch 83: Accuracy: 0.239100, Loss: 0.541595
[23:42:17] Epoch 84: Accuracy: 0.237800, Loss: 0.538100
[00:26:34] Epoch 85: Accuracy: 0.241200, Loss: 0.533724
[01:10:38] Epoch 86: Accuracy: 0.236500, Loss: 0.537408
[01:55:08] Epoch 87: Accuracy: 0.234600, Loss: 0.539902
[02:39:01] Epoch 88: Accuracy: 0.240400, Loss: 0.536636
[03:22:57] Epoch 89: Accuracy: 0.235400, Loss: 0.537745
[04:07:17] Epoch 90: Accuracy: 0.236900, Loss: 0.535754
[04:52:04] Epoch 91: Accuracy: 0.238300, Loss: 0.537517
[05:36:21] Epoch 92: Accuracy: 0.238700, Loss: 0.538905
[06:21:13] Epoch 93: Accuracy: 0.238100, Loss: 0.536167
[07:06:01] Epoch 94: Accuracy: 0.234100, Loss: 0.535599
[07:50:28] Epoch 95: Accuracy: 0.238100, Loss: 0.541557
[08:35:16] Epoch 96: Accuracy: 0.239700, Loss: 0.537739
[09:20:24] Epoch 97: Accuracy: 0.235700, Loss: 0.540316
[10:05:00] Epoch 98: Accuracy: 0.235900, Loss: 0.544018
[10:49:49] Epoch 99: Accuracy: 0.232100, Loss: 0.539046
[11:34:57] Epoch 100: Accuracy: 0.235200, Loss: 0.539437
[12:20:43] Epoch 100: Accuracy: 0.237700, Loss: 0.539655
[ Info: Training BModel with 5digits
[ Info: Training BKModel with 5digits
[ Info: Training BFModel with 5digits
[ Info: Training BLModel with 5digits
[ Info: Training BTModel with 5digits
[ Info: Training BLTModel with 5digits
Constructing models...
Reading 1 of 20 from ../digitclutter/digitclutter/trainset/mat/5000_5digits1.mat
Reading 2 of 20 from ../digitclutter/digitclutter/trainset/mat/5000_5digits2.mat
Reading 3 of 20 from ../digitclutter/digitclutter/trainset/mat/5000_5digits3.mat
Reading 4 of 20 from ../digitclutter/digitclutter/trainset/mat/5000_5digits4.mat
Reading 5 of 20 from ../digitclutter/digitclutter/trainset/mat/5000_5digits5.mat
Reading 6 of 20 from ../digitclutter/digitclutter/trainset/mat/5000_5digits6.mat
Reading 7 of 20 from ../digitclutter/digitclutter/trainset/mat/5000_5digits7.mat
Reading 8 of 20 from ../digitclutter/digitclutter/trainset/mat/5000_5digits8.mat
Reading 9 of 20 from ../digitclutter/digitclutter/trainset/mat/5000_5digits9.mat
Reading 10 of 20 from ../digitclutter/digitclutter/trainset/mat/5000_5digits10.mat
Reading 11 of 20 from ../digitclutter/digitclutter/trainset/mat/5000_5digits11.mat
Reading 12 of 20 from ../digitclutter/digitclutter/trainset/mat/5000_5digits12.mat
Reading 13 of 20 from ../digitclutter/digitclutter/trainset/mat/5000_5digits13.mat
Reading 14 of 20 from ../digitclutter/digitclutter/trainset/mat/5000_5digits14.mat
Reading 15 of 20 from ../digitclutter/digitclutter/trainset/mat/5000_5digits15.mat
Reading 16 of 20 from ../digitclutter/digitclutter/trainset/mat/5000_5digits16.mat
Reading 17 of 20 from ../digitclutter/digitclutter/trainset/mat/5000_5digits17.mat
Reading 18 of 20 from ../digitclutter/digitclutter/trainset/mat/5000_5digits18.mat
Reading 19 of 20 from ../digitclutter/digitclutter/trainset/mat/5000_5digits19.mat
Reading 20 of 20 from ../digitclutter/digitclutter/trainset/mat/5000_5digits20.mat
Dimension of images (32, 32, 1, 100000)
Dimension of binary targets (10, 100000)
normalize dataset
Creating batches
Reading 1 of 2 from ../digitclutter/digitclutter/testset/mat/5000_5digits1.mat
Reading 2 of 2 from ../digitclutter/digitclutter/testset/mat/5000_5digits2.mat
Dimension of images (32, 32, 1, 10000)
Dimension of binary targets (10, 10000)
normalize dataset
Creating batches
loaded 1000 batches of size 100 for training
loaded 100 batches of size 100 for testing
[12:29:22] Epoch 1: Accuracy: 0.003100, Loss: 0.789531
[12:35:49] Epoch 2: Accuracy: 0.048800, Loss: 0.611747
[12:40:13] Epoch 3: Accuracy: 0.084400, Loss: 0.546948
[12:44:39] Epoch 4: Accuracy: 0.098000, Loss: 0.520221
[12:49:05] Epoch 5: Accuracy: 0.093600, Loss: 0.520211
[12:53:32] Epoch 6: Accuracy: 0.108000, Loss: 0.527404
[12:58:00] Epoch 7: Accuracy: 0.114600, Loss: 0.530721
[13:02:28] Epoch 8: Accuracy: 0.121200, Loss: 0.514974
[13:06:59] Epoch 9: Accuracy: 0.119800, Loss: 0.519066
[13:11:31] Epoch 10: Accuracy: 0.122200, Loss: 0.504402
[13:16:04] Epoch 11: Accuracy: 0.127300, Loss: 0.508262
[13:20:33] Epoch 12: Accuracy: 0.131000, Loss: 0.508474
[13:25:03] Epoch 13: Accuracy: 0.127100, Loss: 0.511917
[13:29:37] Epoch 14: Accuracy: 0.133700, Loss: 0.505585
[13:34:12] Epoch 15: Accuracy: 0.128500, Loss: 0.509009
[13:38:47] Epoch 16: Accuracy: 0.130100, Loss: 0.529503
[13:43:21] Epoch 17: Accuracy: 0.121200, Loss: 0.530276
[13:47:56] Epoch 18: Accuracy: 0.124500, Loss: 0.527970
[13:52:31] Epoch 19: Accuracy: 0.127600, Loss: 0.515927
[13:57:08] Epoch 20: Accuracy: 0.123900, Loss: 0.526746
[14:01:47] Epoch 20: Accuracy: 0.121800, Loss: 0.532000
[14:02:40] Epoch 21: Accuracy: 0.121800, Loss: 0.532000
[14:07:21] Epoch 22: Accuracy: 0.121300, Loss: 0.541956
[14:12:03] Epoch 23: Accuracy: 0.098500, Loss: 0.550899
[14:16:45] Epoch 24: Accuracy: 0.111900, Loss: 0.545788
[14:21:27] Epoch 25: Accuracy: 0.117700, Loss: 0.550446
[14:26:10] Epoch 26: Accuracy: 0.108900, Loss: 0.563768
[14:30:54] Epoch 27: Accuracy: 0.111800, Loss: 0.560514
[14:35:38] Epoch 28: Accuracy: 0.108900, Loss: 0.553892
[14:40:25] Epoch 29: Accuracy: 0.101100, Loss: 0.573642
[14:45:11] Epoch 30: Accuracy: 0.111200, Loss: 0.556267
[14:49:57] Epoch 31: Accuracy: 0.114300, Loss: 0.553034
[14:54:44] Epoch 32: Accuracy: 0.105500, Loss: 0.562059
[14:59:34] Epoch 33: Accuracy: 0.111400, Loss: 0.575148
[15:04:22] Epoch 34: Accuracy: 0.112000, Loss: 0.566362
[15:09:10] Epoch 35: Accuracy: 0.112100, Loss: 0.573055
[15:14:01] Epoch 36: Accuracy: 0.111800, Loss: 0.580069
[15:18:51] Epoch 37: Accuracy: 0.107700, Loss: 0.572955
[15:23:43] Epoch 38: Accuracy: 0.113300, Loss: 0.562713
[15:28:39] Epoch 39: Accuracy: 0.116000, Loss: 0.570979
[15:33:36] Epoch 40: Accuracy: 0.117800, Loss: 0.567273
[15:38:32] Epoch 40: Accuracy: 0.117200, Loss: 0.573641
[15:39:13] Epoch 41: Accuracy: 0.117200, Loss: 0.573641
[15:44:11] Epoch 42: Accuracy: 0.118300, Loss: 0.573855
[15:49:09] Epoch 43: Accuracy: 0.114600, Loss: 0.578165
[15:54:09] Epoch 44: Accuracy: 0.119500, Loss: 0.571345
[15:59:09] Epoch 45: Accuracy: 0.118400, Loss: 0.572401
[16:04:10] Epoch 46: Accuracy: 0.123700, Loss: 0.583292
[16:09:11] Epoch 47: Accuracy: 0.116800, Loss: 0.572081
[16:14:14] Epoch 48: Accuracy: 0.118600, Loss: 0.571550
[16:19:17] Epoch 49: Accuracy: 0.120700, Loss: 0.570734
[16:24:21] Epoch 50: Accuracy: 0.123400, Loss: 0.573078
[16:29:25] Epoch 51: Accuracy: 0.120500, Loss: 0.566066
[16:34:30] Epoch 52: Accuracy: 0.125700, Loss: 0.572051
[16:39:37] Epoch 53: Accuracy: 0.120000, Loss: 0.574655
[16:44:44] Epoch 54: Accuracy: 0.128000, Loss: 0.568455
[16:49:52] Epoch 55: Accuracy: 0.124300, Loss: 0.570833
[16:55:01] Epoch 56: Accuracy: 0.123200, Loss: 0.571425
[17:00:07] Epoch 57: Accuracy: 0.128900, Loss: 0.569516
[17:05:14] Epoch 58: Accuracy: 0.127800, Loss: 0.572546
[17:10:23] Epoch 59: Accuracy: 0.130600, Loss: 0.570077
[17:15:35] Epoch 60: Accuracy: 0.136900, Loss: 0.570406
[17:20:45] Epoch 60: Accuracy: 0.132500, Loss: 0.566915
[17:21:28] Epoch 61: Accuracy: 0.132500, Loss: 0.566915
[17:26:39] Epoch 62: Accuracy: 0.131500, Loss: 0.569762
[17:31:48] Epoch 63: Accuracy: 0.135300, Loss: 0.567993
[17:36:59] Epoch 64: Accuracy: 0.135300, Loss: 0.570174
[17:42:12] Epoch 65: Accuracy: 0.128700, Loss: 0.575275
[17:47:27] Epoch 66: Accuracy: 0.131600, Loss: 0.575303
[17:52:43] Epoch 67: Accuracy: 0.135300, Loss: 0.572428
[17:58:02] Epoch 68: Accuracy: 0.131400, Loss: 0.570063
[18:03:17] Epoch 69: Accuracy: 0.131000, Loss: 0.570618
[18:08:34] Epoch 70: Accuracy: 0.131600, Loss: 0.565088
[18:13:54] Epoch 71: Accuracy: 0.131800, Loss: 0.564913
[18:19:11] Epoch 72: Accuracy: 0.131300, Loss: 0.573123
[18:24:31] Epoch 73: Accuracy: 0.126300, Loss: 0.569083
[18:29:52] Epoch 74: Accuracy: 0.134500, Loss: 0.566882
[18:35:16] Epoch 75: Accuracy: 0.133100, Loss: 0.564554
[18:41:22] Epoch 76: Accuracy: 0.130200, Loss: 0.568947
[18:50:29] Epoch 77: Accuracy: 0.137700, Loss: 0.564286
[18:59:35] Epoch 78: Accuracy: 0.133200, Loss: 0.564539
[19:08:46] Epoch 79: Accuracy: 0.135600, Loss: 0.569184
[19:17:57] Epoch 80: Accuracy: 0.132500, Loss: 0.565932
[19:27:15] Epoch 80: Accuracy: 0.132300, Loss: 0.565068
[19:28:20] Epoch 81: Accuracy: 0.132300, Loss: 0.565068
[19:37:36] Epoch 82: Accuracy: 0.128200, Loss: 0.565543
[19:46:59] Epoch 83: Accuracy: 0.132900, Loss: 0.568725
[19:56:19] Epoch 84: Accuracy: 0.131800, Loss: 0.563787
[20:05:48] Epoch 85: Accuracy: 0.133000, Loss: 0.565983
[20:15:19] Epoch 86: Accuracy: 0.131200, Loss: 0.562906
[20:24:51] Epoch 87: Accuracy: 0.134400, Loss: 0.563798
[20:34:29] Epoch 88: Accuracy: 0.134300, Loss: 0.562371
[20:44:11] Epoch 89: Accuracy: 0.132600, Loss: 0.564104
[20:53:54] Epoch 90: Accuracy: 0.130200, Loss: 0.563858
[21:03:38] Epoch 91: Accuracy: 0.132900, Loss: 0.567630
[21:13:26] Epoch 92: Accuracy: 0.131300, Loss: 0.565690
[21:23:25] Epoch 93: Accuracy: 0.131600, Loss: 0.566218
[21:33:19] Epoch 94: Accuracy: 0.132600, Loss: 0.567098
[21:43:13] Epoch 95: Accuracy: 0.131700, Loss: 0.569380
[21:53:06] Epoch 96: Accuracy: 0.134100, Loss: 0.571929
[22:03:07] Epoch 97: Accuracy: 0.132100, Loss: 0.569701
[22:13:09] Epoch 98: Accuracy: 0.130900, Loss: 0.571981
[22:23:17] Epoch 99: Accuracy: 0.131100, Loss: 0.572576
[22:33:31] Epoch 100: Accuracy: 0.134200, Loss: 0.573778
[22:43:47] Epoch 100: Accuracy: 0.133700, Loss: 0.570874
[22:46:09] Epoch 1: Accuracy: 0.004400, Loss: 0.856043
[22:56:26] Epoch 2: Accuracy: 0.057100, Loss: 0.610574
[23:06:40] Epoch 3: Accuracy: 0.083100, Loss: 0.558450
[23:17:08] Epoch 4: Accuracy: 0.102600, Loss: 0.533729
[23:27:40] Epoch 5: Accuracy: 0.107500, Loss: 0.536516
[23:38:13] Epoch 6: Accuracy: 0.115600, Loss: 0.531134
[23:48:48] Epoch 7: Accuracy: 0.113200, Loss: 0.514650
[23:59:14] Epoch 8: Accuracy: 0.117000, Loss: 0.520739
[00:09:50] Epoch 9: Accuracy: 0.123000, Loss: 0.518063
[00:20:30] Epoch 10: Accuracy: 0.121100, Loss: 0.525979
[00:31:13] Epoch 11: Accuracy: 0.125800, Loss: 0.517156
[00:42:02] Epoch 12: Accuracy: 0.124700, Loss: 0.507805
[00:52:52] Epoch 13: Accuracy: 0.126400, Loss: 0.513603
[01:03:48] Epoch 14: Accuracy: 0.134700, Loss: 0.514747
[01:14:38] Epoch 15: Accuracy: 0.133600, Loss: 0.512836
[01:25:40] Epoch 16: Accuracy: 0.132700, Loss: 0.506274
[01:36:42] Epoch 17: Accuracy: 0.132600, Loss: 0.509643
[01:47:43] Epoch 18: Accuracy: 0.139200, Loss: 0.515623
[01:58:53] Epoch 19: Accuracy: 0.137900, Loss: 0.510230
[02:10:08] Epoch 20: Accuracy: 0.134000, Loss: 0.503259
[02:21:25] Epoch 20: Accuracy: 0.137300, Loss: 0.505126
[02:22:40] Epoch 21: Accuracy: 0.137300, Loss: 0.505126
[02:33:59] Epoch 22: Accuracy: 0.132800, Loss: 0.514703
[02:45:24] Epoch 23: Accuracy: 0.137100, Loss: 0.506970
[02:56:46] Epoch 24: Accuracy: 0.136900, Loss: 0.513471
[03:08:15] Epoch 25: Accuracy: 0.134500, Loss: 0.514066
[03:19:53] Epoch 26: Accuracy: 0.135400, Loss: 0.512261
[03:31:21] Epoch 27: Accuracy: 0.140700, Loss: 0.516333
[03:42:47] Epoch 28: Accuracy: 0.138600, Loss: 0.514213
[03:54:28] Epoch 29: Accuracy: 0.139400, Loss: 0.510824
[04:06:14] Epoch 30: Accuracy: 0.138300, Loss: 0.512011
[04:17:53] Epoch 31: Accuracy: 0.139200, Loss: 0.515149
[04:29:35] Epoch 32: Accuracy: 0.136400, Loss: 0.519053
[04:41:20] Epoch 33: Accuracy: 0.137900, Loss: 0.522174
[04:53:14] Epoch 34: Accuracy: 0.131600, Loss: 0.518522
[05:05:15] Epoch 35: Accuracy: 0.134200, Loss: 0.514414
[05:17:16] Epoch 36: Accuracy: 0.136100, Loss: 0.515215
[05:29:23] Epoch 37: Accuracy: 0.131400, Loss: 0.514930
[05:41:40] Epoch 38: Accuracy: 0.134500, Loss: 0.516476
[05:53:53] Epoch 39: Accuracy: 0.131000, Loss: 0.513251
[06:06:07] Epoch 40: Accuracy: 0.135600, Loss: 0.519077
[06:18:18] Epoch 40: Accuracy: 0.131000, Loss: 0.521238
[06:19:40] Epoch 41: Accuracy: 0.131000, Loss: 0.521238
[06:31:56] Epoch 42: Accuracy: 0.134000, Loss: 0.515039
[06:44:18] Epoch 43: Accuracy: 0.132700, Loss: 0.519968
[06:56:42] Epoch 44: Accuracy: 0.134000, Loss: 0.516878
[07:09:12] Epoch 45: Accuracy: 0.134800, Loss: 0.514506
[07:21:47] Epoch 46: Accuracy: 0.134900, Loss: 0.510948
[07:34:25] Epoch 47: Accuracy: 0.137700, Loss: 0.515507
[07:47:04] Epoch 48: Accuracy: 0.139800, Loss: 0.515185
[07:59:50] Epoch 49: Accuracy: 0.127900, Loss: 0.515661
[08:12:34] Epoch 50: Accuracy: 0.137000, Loss: 0.513570
[08:25:33] Epoch 51: Accuracy: 0.133000, Loss: 0.517017
[08:38:28] Epoch 52: Accuracy: 0.135800, Loss: 0.514747
[08:51:22] Epoch 53: Accuracy: 0.133900, Loss: 0.513386
[09:04:36] Epoch 54: Accuracy: 0.135900, Loss: 0.511055
[09:17:48] Epoch 55: Accuracy: 0.137500, Loss: 0.514695
[09:31:10] Epoch 56: Accuracy: 0.136600, Loss: 0.517839
[09:44:31] Epoch 57: Accuracy: 0.138200, Loss: 0.513179
[09:57:52] Epoch 58: Accuracy: 0.136500, Loss: 0.514473
[10:11:17] Epoch 59: Accuracy: 0.136800, Loss: 0.512218
[10:24:49] Epoch 60: Accuracy: 0.135900, Loss: 0.512814
[10:38:19] Epoch 60: Accuracy: 0.134600, Loss: 0.516653
[10:39:45] Epoch 61: Accuracy: 0.134600, Loss: 0.516653
[10:53:25] Epoch 62: Accuracy: 0.135100, Loss: 0.514527
[11:06:52] Epoch 63: Accuracy: 0.134300, Loss: 0.513399
[11:20:23] Epoch 64: Accuracy: 0.136900, Loss: 0.514048
[11:34:02] Epoch 65: Accuracy: 0.136100, Loss: 0.513922
[11:47:38] Epoch 66: Accuracy: 0.136800, Loss: 0.513757
[12:01:20] Epoch 67: Accuracy: 0.141500, Loss: 0.514147
[12:15:00] Epoch 68: Accuracy: 0.134900, Loss: 0.512484
[12:28:50] Epoch 69: Accuracy: 0.137000, Loss: 0.514431
[12:42:57] Epoch 70: Accuracy: 0.135300, Loss: 0.514366
[12:57:01] Epoch 71: Accuracy: 0.135200, Loss: 0.512754
[13:11:05] Epoch 72: Accuracy: 0.138000, Loss: 0.517304
[13:25:13] Epoch 73: Accuracy: 0.136400, Loss: 0.516079
[13:39:35] Epoch 74: Accuracy: 0.134000, Loss: 0.515678
[13:53:53] Epoch 75: Accuracy: 0.135200, Loss: 0.514982
[14:07:59] Epoch 76: Accuracy: 0.133500, Loss: 0.516632
[14:22:22] Epoch 77: Accuracy: 0.135100, Loss: 0.516057
[14:36:34] Epoch 78: Accuracy: 0.134600, Loss: 0.515547
[14:51:04] Epoch 79: Accuracy: 0.135100, Loss: 0.513431
[15:05:21] Epoch 80: Accuracy: 0.134000, Loss: 0.515628
[15:19:43] Epoch 80: Accuracy: 0.131800, Loss: 0.516197
[15:21:17] Epoch 81: Accuracy: 0.131800, Loss: 0.516197
[15:35:42] Epoch 82: Accuracy: 0.134900, Loss: 0.515669
[15:50:31] Epoch 83: Accuracy: 0.133200, Loss: 0.515760
[16:05:15] Epoch 84: Accuracy: 0.132800, Loss: 0.514803
[16:19:54] Epoch 85: Accuracy: 0.133900, Loss: 0.514894
[16:34:32] Epoch 86: Accuracy: 0.135800, Loss: 0.516308
[16:49:24] Epoch 87: Accuracy: 0.135600, Loss: 0.515171
[17:04:17] Epoch 88: Accuracy: 0.135700, Loss: 0.514191
[17:19:13] Epoch 89: Accuracy: 0.135900, Loss: 0.515586
[17:34:04] Epoch 90: Accuracy: 0.136100, Loss: 0.514895
[17:49:17] Epoch 91: Accuracy: 0.138600, Loss: 0.515721
[18:04:22] Epoch 92: Accuracy: 0.136400, Loss: 0.515514
[18:19:20] Epoch 93: Accuracy: 0.137500, Loss: 0.515923
[18:34:13] Epoch 94: Accuracy: 0.137100, Loss: 0.515765
[18:48:51] Epoch 95: Accuracy: 0.136300, Loss: 0.516281
[19:03:36] Epoch 96: Accuracy: 0.136300, Loss: 0.516672
[19:18:22] Epoch 97: Accuracy: 0.136100, Loss: 0.516678
[19:33:10] Epoch 98: Accuracy: 0.135300, Loss: 0.516674
[19:48:03] Epoch 99: Accuracy: 0.137100, Loss: 0.517274
[20:02:54] Epoch 100: Accuracy: 0.135900, Loss: 0.517108
[20:17:49] Epoch 100: Accuracy: 0.136100, Loss: 0.517084
