
--------[16_08_2019 16:31:59]--------
┌ Debug: Base = Base
└ @ Main /home/svendt/NNFeedbackOperations/src/nets.jl:229
┌ Debug: Core = Core
└ @ Main /home/svendt/NNFeedbackOperations/src/nets.jl:229
┌ Debug: FBModel_names = ["BTModel", "BLModel", "BLTModel"]
└ @ Main /home/svendt/NNFeedbackOperations/src/nets.jl:229
┌ Debug: FBModels = Dict("BTModel"=>:spoerer_model_bt,"BLModel"=>:spoerer_model_bl,"BLTModel"=>:spoerer_model_blt)
└ @ Main /home/svendt/NNFeedbackOperations/src/nets.jl:229
┌ Debug: FFModel_names = Any[]
└ @ Main /home/svendt/NNFeedbackOperations/src/nets.jl:229
┌ Debug: FFModels = Dict("BFModel"=>:spoerer_model_bf,"BKModel"=>:spoerer_model_bk,"BModel"=>:spoerer_model_b)
└ @ Main /home/svendt/NNFeedbackOperations/src/nets.jl:229
┌ Debug: Main = Main
└ @ Main /home/svendt/NNFeedbackOperations/src/nets.jl:229
┌ Debug: accuracy = Main.accuracy
└ @ Main /home/svendt/NNFeedbackOperations/src/nets.jl:229
┌ Debug: adapt_learnrate = adapt_learnrate
└ @ Main /home/svendt/NNFeedbackOperations/src/nets.jl:229
┌ Debug: batch_size = 100
└ @ Main /home/svendt/NNFeedbackOperations/src/nets.jl:229
┌ Debug: dataManager = Main.dataManager
└ @ Main /home/svendt/NNFeedbackOperations/src/nets.jl:229
┌ Debug: dataset_names = ["MNIST"]
└ @ Main /home/svendt/NNFeedbackOperations/src/nets.jl:229
┌ Debug: date_format = dd_mm_yyyy
└ @ Main /home/svendt/NNFeedbackOperations/src/nets.jl:229
┌ Debug: debug_str = DEBUG_
└ @ Main /home/svendt/NNFeedbackOperations/src/nets.jl:229
┌ Debug: decay_rate = 0.1
└ @ Main /home/svendt/NNFeedbackOperations/src/nets.jl:229
┌ Debug: decay_step = 40
└ @ Main /home/svendt/NNFeedbackOperations/src/nets.jl:229
┌ Debug: epochs = 12
└ @ Main /home/svendt/NNFeedbackOperations/src/nets.jl:229
┌ Debug: image_size = (32, 32)
└ @ Main /home/svendt/NNFeedbackOperations/src/nets.jl:229
┌ Debug: init_learning_rate = 1.0
└ @ Main /home/svendt/NNFeedbackOperations/src/nets.jl:229
┌ Debug: io = IOStream(<file ../logs/DEBUG_log_BTModel.log>)
└ @ Main /home/svendt/NNFeedbackOperations/src/nets.jl:229
┌ Debug: lambda = 0.0005
└ @ Main /home/svendt/NNFeedbackOperations/src/nets.jl:229
┌ Debug: learning_rate = 1.0
└ @ Main /home/svendt/NNFeedbackOperations/src/nets.jl:229
┌ Debug: load_dataset = load_dataset
└ @ Main /home/svendt/NNFeedbackOperations/src/nets.jl:229
┌ Debug: log_save_location = ../logs/
└ @ Main /home/svendt/NNFeedbackOperations/src/nets.jl:229
┌ Debug: model_save_location = ../trainedModels/
└ @ Main /home/svendt/NNFeedbackOperations/src/nets.jl:229
┌ Debug: momentum = 0.9
└ @ Main /home/svendt/NNFeedbackOperations/src/nets.jl:229
┌ Debug: printout_interval = 1
└ @ Main /home/svendt/NNFeedbackOperations/src/nets.jl:229
┌ Debug: test_folderpath_debris = ../digitclutter/digitdebris/testset/mat/
└ @ Main /home/svendt/NNFeedbackOperations/src/nets.jl:229
┌ Debug: test_folderpath_digits = ../digitclutter/digitclutter/testset/mat/
└ @ Main /home/svendt/NNFeedbackOperations/src/nets.jl:229
┌ Debug: time_format = HH:MM:SS
└ @ Main /home/svendt/NNFeedbackOperations/src/nets.jl:229
┌ Debug: time_steps = 4
└ @ Main /home/svendt/NNFeedbackOperations/src/nets.jl:229
┌ Debug: trainFeedforwardNet = trainFeedforwardNet
└ @ Main /home/svendt/NNFeedbackOperations/src/nets.jl:229
┌ Debug: trainReccurentNet = trainReccurentNet
└ @ Main /home/svendt/NNFeedbackOperations/src/nets.jl:229
┌ Debug: train_folderpath_debris = ../digitclutter/digitdebris/trainset/mat/
└ @ Main /home/svendt/NNFeedbackOperations/src/nets.jl:229
┌ Debug: train_folderpath_digits = ../digitclutter/digitclutter/trainset/mat/
└ @ Main /home/svendt/NNFeedbackOperations/src/nets.jl:229
┌ Debug: usegpu = true
└ @ Main /home/svendt/NNFeedbackOperations/src/nets.jl:229
[16:32:00] Training BTModel with MNIST
┌ Debug: loading MNIST dataset
└ @ Main.dataManager /home/svendt/NNFeedbackOperations/src/dataManager.jl:99
┌ Debug: normalize dataset
└ @ Main.dataManager /home/svendt/NNFeedbackOperations/src/dataManager.jl:167
┌ Debug: Dimension of images (28, 28, 1, 50000)
└ @ Main.dataManager /home/svendt/NNFeedbackOperations/src/dataManager.jl:147
┌ Debug: Dimension of labels (50000,)
└ @ Main.dataManager /home/svendt/NNFeedbackOperations/src/dataManager.jl:148
┌ Debug: normalize dataset
└ @ Main.dataManager /home/svendt/NNFeedbackOperations/src/dataManager.jl:167
┌ Debug: Dimension of images (28, 28, 1, 10000)
└ @ Main.dataManager /home/svendt/NNFeedbackOperations/src/dataManager.jl:147
┌ Debug: Dimension of labels (10000,)
└ @ Main.dataManager /home/svendt/NNFeedbackOperations/src/dataManager.jl:148
┌ Debug: normalize dataset
└ @ Main.dataManager /home/svendt/NNFeedbackOperations/src/dataManager.jl:167
┌ Debug: Dimension of images (28, 28, 1, 10000)
└ @ Main.dataManager /home/svendt/NNFeedbackOperations/src/dataManager.jl:147
┌ Debug: Dimension of labels (10000,)
└ @ Main.dataManager /home/svendt/NNFeedbackOperations/src/dataManager.jl:148
┌ Debug: loaded 500 batches of size 100 for training
└ @ Main /home/svendt/NNFeedbackOperations/src/nets.jl:114
┌ Debug: loaded 100 batches of size 100 for validation
└ @ Main /home/svendt/NNFeedbackOperations/src/nets.jl:115
┌ Debug: loaded 100 batches of size 100 for testing
└ @ Main /home/svendt/NNFeedbackOperations/src/nets.jl:116
[16:33:01] INIT with Accuracy(test_set): 0.1030 and Loss(test_set): 0.652490
[16:37:05] Epoch   1: Accuracy: 0.7599, Loss: 0.211895
[16:40:43] Epoch   2: Accuracy: 0.6843, Loss: 0.298172
[16:44:18] Epoch   3: Accuracy: 0.5846, Loss: 0.340882
[16:47:56] Epoch   4: Accuracy: 0.5100, Loss: 0.368471
[16:51:34] Epoch   5: Accuracy: 0.1136, Loss: 0.555776
[16:55:11] Epoch   6: Accuracy: 0.1136, Loss: 0.541768
[16:58:52] Epoch   7: Accuracy: 0.1136, Loss: 0.525849
[17:02:31] Epoch   8: Accuracy: 0.1136, Loss: 0.518235
[17:06:10] Epoch   9: Accuracy: 0.1136, Loss: 0.512416
[17:09:51] Epoch  10: Accuracy: 0.1136, Loss: 0.506392
[17:13:33] Epoch  11: Accuracy: 0.1136, Loss: 0.501603
[17:17:17] Epoch  12: Accuracy: 0.1136, Loss: 0.497205
[17:19:16] FINAL with Accuracy(test_set): 0.1064 and Loss(test_set): 0.496100

--------[16_08_2019 19:35:31]--------
┌ Debug: Base = Base
└ @ Main /home/svendt/NNFeedbackOperations/src/nets03.jl:229
┌ Debug: Core = Core
└ @ Main /home/svendt/NNFeedbackOperations/src/nets03.jl:229
┌ Debug: FBModel_names = ["BTModel", "BLModel", "BLTModel"]
└ @ Main /home/svendt/NNFeedbackOperations/src/nets03.jl:229
┌ Debug: FBModels = Dict("BTModel"=>:spoerer_model_bt,"BLModel"=>:spoerer_model_bl,"BLTModel"=>:spoerer_model_blt)
└ @ Main /home/svendt/NNFeedbackOperations/src/nets03.jl:229
┌ Debug: FFModel_names = Any[]
└ @ Main /home/svendt/NNFeedbackOperations/src/nets03.jl:229
┌ Debug: FFModels = Dict("BFModel"=>:spoerer_model_bf,"BKModel"=>:spoerer_model_bk,"BModel"=>:spoerer_model_b)
└ @ Main /home/svendt/NNFeedbackOperations/src/nets03.jl:229
┌ Debug: Main = Main
└ @ Main /home/svendt/NNFeedbackOperations/src/nets03.jl:229
┌ Debug: accuracy = Main.accuracy
└ @ Main /home/svendt/NNFeedbackOperations/src/nets03.jl:229
┌ Debug: adapt_learnrate = adapt_learnrate
└ @ Main /home/svendt/NNFeedbackOperations/src/nets03.jl:229
┌ Debug: batch_size = 100
└ @ Main /home/svendt/NNFeedbackOperations/src/nets03.jl:229
┌ Debug: dataManager = Main.dataManager
└ @ Main /home/svendt/NNFeedbackOperations/src/nets03.jl:229
┌ Debug: dataset_names = ["MNIST"]
└ @ Main /home/svendt/NNFeedbackOperations/src/nets03.jl:229
┌ Debug: date_format = dd_mm_yyyy
└ @ Main /home/svendt/NNFeedbackOperations/src/nets03.jl:229
┌ Debug: debug_str = DEBUG_
└ @ Main /home/svendt/NNFeedbackOperations/src/nets03.jl:229
┌ Debug: decay_rate = 0.1
└ @ Main /home/svendt/NNFeedbackOperations/src/nets03.jl:229
┌ Debug: decay_step = 40
└ @ Main /home/svendt/NNFeedbackOperations/src/nets03.jl:229
┌ Debug: epochs = 12
└ @ Main /home/svendt/NNFeedbackOperations/src/nets03.jl:229
┌ Debug: image_size = (32, 32)
└ @ Main /home/svendt/NNFeedbackOperations/src/nets03.jl:229
┌ Debug: init_learning_rate = 0.3
└ @ Main /home/svendt/NNFeedbackOperations/src/nets03.jl:229
┌ Debug: io = IOStream(<file ../logs/DEBUG_log_BTModel.log>)
└ @ Main /home/svendt/NNFeedbackOperations/src/nets03.jl:229
┌ Debug: lambda = 0.0005
└ @ Main /home/svendt/NNFeedbackOperations/src/nets03.jl:229
┌ Debug: learning_rate = 0.3
└ @ Main /home/svendt/NNFeedbackOperations/src/nets03.jl:229
┌ Debug: load_dataset = load_dataset
└ @ Main /home/svendt/NNFeedbackOperations/src/nets03.jl:229
┌ Debug: log_save_location = ../logs/
└ @ Main /home/svendt/NNFeedbackOperations/src/nets03.jl:229
┌ Debug: model_save_location = ../trainedModels/
└ @ Main /home/svendt/NNFeedbackOperations/src/nets03.jl:229
┌ Debug: momentum = 0.9
└ @ Main /home/svendt/NNFeedbackOperations/src/nets03.jl:229
┌ Debug: printout_interval = 1
└ @ Main /home/svendt/NNFeedbackOperations/src/nets03.jl:229
┌ Debug: test_folderpath_debris = ../digitclutter/digitdebris/testset/mat/
└ @ Main /home/svendt/NNFeedbackOperations/src/nets03.jl:229
┌ Debug: test_folderpath_digits = ../digitclutter/digitclutter/testset/mat/
└ @ Main /home/svendt/NNFeedbackOperations/src/nets03.jl:229
┌ Debug: time_format = HH:MM:SS
└ @ Main /home/svendt/NNFeedbackOperations/src/nets03.jl:229
┌ Debug: time_steps = 4
└ @ Main /home/svendt/NNFeedbackOperations/src/nets03.jl:229
┌ Debug: trainFeedforwardNet = trainFeedforwardNet
└ @ Main /home/svendt/NNFeedbackOperations/src/nets03.jl:229
┌ Debug: trainReccurentNet = trainReccurentNet
└ @ Main /home/svendt/NNFeedbackOperations/src/nets03.jl:229
┌ Debug: train_folderpath_debris = ../digitclutter/digitdebris/trainset/mat/
└ @ Main /home/svendt/NNFeedbackOperations/src/nets03.jl:229
┌ Debug: train_folderpath_digits = ../digitclutter/digitclutter/trainset/mat/
└ @ Main /home/svendt/NNFeedbackOperations/src/nets03.jl:229
┌ Debug: usegpu = true
└ @ Main /home/svendt/NNFeedbackOperations/src/nets03.jl:229
[19:35:33] Training BTModel with MNIST
┌ Debug: loading MNIST dataset
└ @ Main.dataManager /home/svendt/NNFeedbackOperations/src/dataManager.jl:99
┌ Debug: normalize dataset
└ @ Main.dataManager /home/svendt/NNFeedbackOperations/src/dataManager.jl:167
┌ Debug: Dimension of images (28, 28, 1, 50000)
└ @ Main.dataManager /home/svendt/NNFeedbackOperations/src/dataManager.jl:147
┌ Debug: Dimension of labels (50000,)
└ @ Main.dataManager /home/svendt/NNFeedbackOperations/src/dataManager.jl:148
┌ Debug: normalize dataset
└ @ Main.dataManager /home/svendt/NNFeedbackOperations/src/dataManager.jl:167
┌ Debug: Dimension of images (28, 28, 1, 10000)
└ @ Main.dataManager /home/svendt/NNFeedbackOperations/src/dataManager.jl:147
┌ Debug: Dimension of labels (10000,)
└ @ Main.dataManager /home/svendt/NNFeedbackOperations/src/dataManager.jl:148
┌ Debug: normalize dataset
└ @ Main.dataManager /home/svendt/NNFeedbackOperations/src/dataManager.jl:167
┌ Debug: Dimension of images (28, 28, 1, 10000)
└ @ Main.dataManager /home/svendt/NNFeedbackOperations/src/dataManager.jl:147
┌ Debug: Dimension of labels (10000,)
└ @ Main.dataManager /home/svendt/NNFeedbackOperations/src/dataManager.jl:148
┌ Debug: loaded 500 batches of size 100 for training
└ @ Main /home/svendt/NNFeedbackOperations/src/nets03.jl:114
┌ Debug: loaded 100 batches of size 100 for validation
└ @ Main /home/svendt/NNFeedbackOperations/src/nets03.jl:115
┌ Debug: loaded 100 batches of size 100 for testing
└ @ Main /home/svendt/NNFeedbackOperations/src/nets03.jl:116
[19:36:34] INIT with Accuracy(test_set): 0.0730 and Loss(test_set): 0.623950
[19:40:36] Epoch   1: Accuracy: 0.8877, Loss: 0.142439
[19:44:14] Epoch   2: Accuracy: 0.8743, Loss: 0.159609
[19:47:52] Epoch   3: Accuracy: 0.9002, Loss: 0.163544
[19:51:32] Epoch   4: Accuracy: 0.8947, Loss: 0.187795
[19:55:10] Epoch   5: Accuracy: 0.8891, Loss: 0.207873
[19:58:50] Epoch   6: Accuracy: 0.8823, Loss: 0.225738
[20:02:32] Epoch   7: Accuracy: 0.8115, Loss: 0.268265
[20:06:14] Epoch   8: Accuracy: 0.7786, Loss: 0.303096
[20:09:58] Epoch   9: Accuracy: 0.2736, Loss: 0.453509
[20:13:37] Epoch  10: Accuracy: 0.1652, Loss: 0.454296
[20:17:22] Epoch  11: Accuracy: 0.3751, Loss: 0.405535
[20:21:07] Epoch  12: Accuracy: 0.3887, Loss: 0.397300
[20:23:04] FINAL with Accuracy(test_set): 0.3911 and Loss(test_set): 0.394920

--------[16_08_2019 22:11:46]--------
┌ Debug: Base = Base
└ @ Main /home/svendt/NNFeedbackOperations/src/nets01.jl:229
┌ Debug: Core = Core
└ @ Main /home/svendt/NNFeedbackOperations/src/nets01.jl:229
┌ Debug: FBModel_names = ["BTModel", "BLModel", "BLTModel"]
└ @ Main /home/svendt/NNFeedbackOperations/src/nets01.jl:229
┌ Debug: FBModels = Dict("BTModel"=>:spoerer_model_bt,"BLModel"=>:spoerer_model_bl,"BLTModel"=>:spoerer_model_blt)
└ @ Main /home/svendt/NNFeedbackOperations/src/nets01.jl:229
┌ Debug: FFModel_names = Any[]
└ @ Main /home/svendt/NNFeedbackOperations/src/nets01.jl:229
┌ Debug: FFModels = Dict("BFModel"=>:spoerer_model_bf,"BKModel"=>:spoerer_model_bk,"BModel"=>:spoerer_model_b)
└ @ Main /home/svendt/NNFeedbackOperations/src/nets01.jl:229
┌ Debug: Main = Main
└ @ Main /home/svendt/NNFeedbackOperations/src/nets01.jl:229
┌ Debug: accuracy = Main.accuracy
└ @ Main /home/svendt/NNFeedbackOperations/src/nets01.jl:229
┌ Debug: adapt_learnrate = adapt_learnrate
└ @ Main /home/svendt/NNFeedbackOperations/src/nets01.jl:229
┌ Debug: batch_size = 100
└ @ Main /home/svendt/NNFeedbackOperations/src/nets01.jl:229
┌ Debug: dataManager = Main.dataManager
└ @ Main /home/svendt/NNFeedbackOperations/src/nets01.jl:229
┌ Debug: dataset_names = ["MNIST"]
└ @ Main /home/svendt/NNFeedbackOperations/src/nets01.jl:229
┌ Debug: date_format = dd_mm_yyyy
└ @ Main /home/svendt/NNFeedbackOperations/src/nets01.jl:229
┌ Debug: debug_str = DEBUG_
└ @ Main /home/svendt/NNFeedbackOperations/src/nets01.jl:229
┌ Debug: decay_rate = 0.1
└ @ Main /home/svendt/NNFeedbackOperations/src/nets01.jl:229
┌ Debug: decay_step = 40
└ @ Main /home/svendt/NNFeedbackOperations/src/nets01.jl:229
┌ Debug: epochs = 12
└ @ Main /home/svendt/NNFeedbackOperations/src/nets01.jl:229
┌ Debug: image_size = (32, 32)
└ @ Main /home/svendt/NNFeedbackOperations/src/nets01.jl:229
┌ Debug: init_learning_rate = 0.1
└ @ Main /home/svendt/NNFeedbackOperations/src/nets01.jl:229
┌ Debug: io = IOStream(<file ../logs/DEBUG_log_BTModel.log>)
└ @ Main /home/svendt/NNFeedbackOperations/src/nets01.jl:229
┌ Debug: lambda = 0.0005
└ @ Main /home/svendt/NNFeedbackOperations/src/nets01.jl:229
┌ Debug: learning_rate = 0.1
└ @ Main /home/svendt/NNFeedbackOperations/src/nets01.jl:229
┌ Debug: load_dataset = load_dataset
└ @ Main /home/svendt/NNFeedbackOperations/src/nets01.jl:229
┌ Debug: log_save_location = ../logs/
└ @ Main /home/svendt/NNFeedbackOperations/src/nets01.jl:229
┌ Debug: model_save_location = ../trainedModels/
└ @ Main /home/svendt/NNFeedbackOperations/src/nets01.jl:229
┌ Debug: momentum = 0.9
└ @ Main /home/svendt/NNFeedbackOperations/src/nets01.jl:229
┌ Debug: printout_interval = 1
└ @ Main /home/svendt/NNFeedbackOperations/src/nets01.jl:229
┌ Debug: test_folderpath_debris = ../digitclutter/digitdebris/testset/mat/
└ @ Main /home/svendt/NNFeedbackOperations/src/nets01.jl:229
┌ Debug: test_folderpath_digits = ../digitclutter/digitclutter/testset/mat/
└ @ Main /home/svendt/NNFeedbackOperations/src/nets01.jl:229
┌ Debug: time_format = HH:MM:SS
└ @ Main /home/svendt/NNFeedbackOperations/src/nets01.jl:229
┌ Debug: time_steps = 4
└ @ Main /home/svendt/NNFeedbackOperations/src/nets01.jl:229
┌ Debug: trainFeedforwardNet = trainFeedforwardNet
└ @ Main /home/svendt/NNFeedbackOperations/src/nets01.jl:229
┌ Debug: trainReccurentNet = trainReccurentNet
└ @ Main /home/svendt/NNFeedbackOperations/src/nets01.jl:229
┌ Debug: train_folderpath_debris = ../digitclutter/digitdebris/trainset/mat/
└ @ Main /home/svendt/NNFeedbackOperations/src/nets01.jl:229
┌ Debug: train_folderpath_digits = ../digitclutter/digitclutter/trainset/mat/
└ @ Main /home/svendt/NNFeedbackOperations/src/nets01.jl:229
┌ Debug: usegpu = true
└ @ Main /home/svendt/NNFeedbackOperations/src/nets01.jl:229
[22:11:48] Training BTModel with MNIST
┌ Debug: loading MNIST dataset
└ @ Main.dataManager /home/svendt/NNFeedbackOperations/src/dataManager.jl:99
┌ Debug: normalize dataset
└ @ Main.dataManager /home/svendt/NNFeedbackOperations/src/dataManager.jl:167
┌ Debug: Dimension of images (28, 28, 1, 50000)
└ @ Main.dataManager /home/svendt/NNFeedbackOperations/src/dataManager.jl:147
┌ Debug: Dimension of labels (50000,)
└ @ Main.dataManager /home/svendt/NNFeedbackOperations/src/dataManager.jl:148
┌ Debug: normalize dataset
└ @ Main.dataManager /home/svendt/NNFeedbackOperations/src/dataManager.jl:167
┌ Debug: Dimension of images (28, 28, 1, 10000)
└ @ Main.dataManager /home/svendt/NNFeedbackOperations/src/dataManager.jl:147
┌ Debug: Dimension of labels (10000,)
└ @ Main.dataManager /home/svendt/NNFeedbackOperations/src/dataManager.jl:148
┌ Debug: normalize dataset
└ @ Main.dataManager /home/svendt/NNFeedbackOperations/src/dataManager.jl:167
┌ Debug: Dimension of images (28, 28, 1, 10000)
└ @ Main.dataManager /home/svendt/NNFeedbackOperations/src/dataManager.jl:147
┌ Debug: Dimension of labels (10000,)
└ @ Main.dataManager /home/svendt/NNFeedbackOperations/src/dataManager.jl:148
┌ Debug: loaded 500 batches of size 100 for training
└ @ Main /home/svendt/NNFeedbackOperations/src/nets01.jl:114
┌ Debug: loaded 100 batches of size 100 for validation
└ @ Main /home/svendt/NNFeedbackOperations/src/nets01.jl:115
┌ Debug: loaded 100 batches of size 100 for testing
└ @ Main /home/svendt/NNFeedbackOperations/src/nets01.jl:116
[22:12:48] INIT with Accuracy(test_set): 0.1011 and Loss(test_set): 0.739443
[22:16:53] Epoch   1: Accuracy: 0.6123, Loss: 0.242425
[22:20:35] Epoch   2: Accuracy: 0.7532, Loss: 0.188255
[22:24:16] Epoch   3: Accuracy: 0.8865, Loss: 0.158518
[22:27:57] Epoch   4: Accuracy: 0.8828, Loss: 0.153808
[22:31:41] Epoch   5: Accuracy: 0.9196, Loss: 0.144329
[22:35:21] Epoch   6: Accuracy: 0.9179, Loss: 0.152627
[22:39:00] Epoch   7: Accuracy: 0.9300, Loss: 0.147764
[22:42:43] Epoch   8: Accuracy: 0.9254, Loss: 0.157014
[22:46:28] Epoch   9: Accuracy: 0.9292, Loss: 0.159546
[22:50:09] Epoch  10: Accuracy: 0.9142, Loss: 0.177671
[22:53:54] Epoch  11: Accuracy: 0.9138, Loss: 0.173870
[22:57:38] Epoch  12: Accuracy: 0.9298, Loss: 0.181597
[22:59:40] FINAL with Accuracy(test_set): 0.9314 and Loss(test_set): 0.179348

--------[17_08_2019 00:49:12]--------
┌ Debug: Base = Base
└ @ Main /home/svendt/NNFeedbackOperations/src/nets003.jl:229
┌ Debug: Core = Core
└ @ Main /home/svendt/NNFeedbackOperations/src/nets003.jl:229
┌ Debug: FBModel_names = ["BTModel", "BLModel", "BLTModel"]
└ @ Main /home/svendt/NNFeedbackOperations/src/nets003.jl:229
┌ Debug: FBModels = Dict("BTModel"=>:spoerer_model_bt,"BLModel"=>:spoerer_model_bl,"BLTModel"=>:spoerer_model_blt)
└ @ Main /home/svendt/NNFeedbackOperations/src/nets003.jl:229
┌ Debug: FFModel_names = Any[]
└ @ Main /home/svendt/NNFeedbackOperations/src/nets003.jl:229
┌ Debug: FFModels = Dict("BFModel"=>:spoerer_model_bf,"BKModel"=>:spoerer_model_bk,"BModel"=>:spoerer_model_b)
└ @ Main /home/svendt/NNFeedbackOperations/src/nets003.jl:229
┌ Debug: Main = Main
└ @ Main /home/svendt/NNFeedbackOperations/src/nets003.jl:229
┌ Debug: accuracy = Main.accuracy
└ @ Main /home/svendt/NNFeedbackOperations/src/nets003.jl:229
┌ Debug: adapt_learnrate = adapt_learnrate
└ @ Main /home/svendt/NNFeedbackOperations/src/nets003.jl:229
┌ Debug: batch_size = 100
└ @ Main /home/svendt/NNFeedbackOperations/src/nets003.jl:229
┌ Debug: dataManager = Main.dataManager
└ @ Main /home/svendt/NNFeedbackOperations/src/nets003.jl:229
┌ Debug: dataset_names = ["MNIST"]
└ @ Main /home/svendt/NNFeedbackOperations/src/nets003.jl:229
┌ Debug: date_format = dd_mm_yyyy
└ @ Main /home/svendt/NNFeedbackOperations/src/nets003.jl:229
┌ Debug: debug_str = DEBUG_
└ @ Main /home/svendt/NNFeedbackOperations/src/nets003.jl:229
┌ Debug: decay_rate = 0.1
└ @ Main /home/svendt/NNFeedbackOperations/src/nets003.jl:229
┌ Debug: decay_step = 40
└ @ Main /home/svendt/NNFeedbackOperations/src/nets003.jl:229
┌ Debug: epochs = 12
└ @ Main /home/svendt/NNFeedbackOperations/src/nets003.jl:229
┌ Debug: image_size = (32, 32)
└ @ Main /home/svendt/NNFeedbackOperations/src/nets003.jl:229
┌ Debug: init_learning_rate = 0.03
└ @ Main /home/svendt/NNFeedbackOperations/src/nets003.jl:229
┌ Debug: io = IOStream(<file ../logs/DEBUG_log_BTModel.log>)
└ @ Main /home/svendt/NNFeedbackOperations/src/nets003.jl:229
┌ Debug: lambda = 0.0005
└ @ Main /home/svendt/NNFeedbackOperations/src/nets003.jl:229
┌ Debug: learning_rate = 0.03
└ @ Main /home/svendt/NNFeedbackOperations/src/nets003.jl:229
┌ Debug: load_dataset = load_dataset
└ @ Main /home/svendt/NNFeedbackOperations/src/nets003.jl:229
┌ Debug: log_save_location = ../logs/
└ @ Main /home/svendt/NNFeedbackOperations/src/nets003.jl:229
┌ Debug: model_save_location = ../trainedModels/
└ @ Main /home/svendt/NNFeedbackOperations/src/nets003.jl:229
┌ Debug: momentum = 0.9
└ @ Main /home/svendt/NNFeedbackOperations/src/nets003.jl:229
┌ Debug: printout_interval = 1
└ @ Main /home/svendt/NNFeedbackOperations/src/nets003.jl:229
┌ Debug: test_folderpath_debris = ../digitclutter/digitdebris/testset/mat/
└ @ Main /home/svendt/NNFeedbackOperations/src/nets003.jl:229
┌ Debug: test_folderpath_digits = ../digitclutter/digitclutter/testset/mat/
└ @ Main /home/svendt/NNFeedbackOperations/src/nets003.jl:229
┌ Debug: time_format = HH:MM:SS
└ @ Main /home/svendt/NNFeedbackOperations/src/nets003.jl:229
┌ Debug: time_steps = 4
└ @ Main /home/svendt/NNFeedbackOperations/src/nets003.jl:229
┌ Debug: trainFeedforwardNet = trainFeedforwardNet
└ @ Main /home/svendt/NNFeedbackOperations/src/nets003.jl:229
┌ Debug: trainReccurentNet = trainReccurentNet
└ @ Main /home/svendt/NNFeedbackOperations/src/nets003.jl:229
┌ Debug: train_folderpath_debris = ../digitclutter/digitdebris/trainset/mat/
└ @ Main /home/svendt/NNFeedbackOperations/src/nets003.jl:229
┌ Debug: train_folderpath_digits = ../digitclutter/digitclutter/trainset/mat/
└ @ Main /home/svendt/NNFeedbackOperations/src/nets003.jl:229
┌ Debug: usegpu = true
└ @ Main /home/svendt/NNFeedbackOperations/src/nets003.jl:229
[00:49:13] Training BTModel with MNIST
┌ Debug: loading MNIST dataset
└ @ Main.dataManager /home/svendt/NNFeedbackOperations/src/dataManager.jl:99
┌ Debug: normalize dataset
└ @ Main.dataManager /home/svendt/NNFeedbackOperations/src/dataManager.jl:167
┌ Debug: Dimension of images (28, 28, 1, 50000)
└ @ Main.dataManager /home/svendt/NNFeedbackOperations/src/dataManager.jl:147
┌ Debug: Dimension of labels (50000,)
└ @ Main.dataManager /home/svendt/NNFeedbackOperations/src/dataManager.jl:148
┌ Debug: normalize dataset
└ @ Main.dataManager /home/svendt/NNFeedbackOperations/src/dataManager.jl:167
┌ Debug: Dimension of images (28, 28, 1, 10000)
└ @ Main.dataManager /home/svendt/NNFeedbackOperations/src/dataManager.jl:147
┌ Debug: Dimension of labels (10000,)
└ @ Main.dataManager /home/svendt/NNFeedbackOperations/src/dataManager.jl:148
┌ Debug: normalize dataset
└ @ Main.dataManager /home/svendt/NNFeedbackOperations/src/dataManager.jl:167
┌ Debug: Dimension of images (28, 28, 1, 10000)
└ @ Main.dataManager /home/svendt/NNFeedbackOperations/src/dataManager.jl:147
┌ Debug: Dimension of labels (10000,)
└ @ Main.dataManager /home/svendt/NNFeedbackOperations/src/dataManager.jl:148
┌ Debug: loaded 500 batches of size 100 for training
└ @ Main /home/svendt/NNFeedbackOperations/src/nets003.jl:114
┌ Debug: loaded 100 batches of size 100 for validation
└ @ Main /home/svendt/NNFeedbackOperations/src/nets003.jl:115
┌ Debug: loaded 100 batches of size 100 for testing
└ @ Main /home/svendt/NNFeedbackOperations/src/nets003.jl:116
[00:50:13] INIT with Accuracy(test_set): 0.0947 and Loss(test_set): 1.002260
[00:54:17] Epoch   1: Accuracy: 0.3854, Loss: 0.317412
[00:57:56] Epoch   2: Accuracy: 0.4567, Loss: 0.289894
[01:01:35] Epoch   3: Accuracy: 0.5438, Loss: 0.271512
[01:05:13] Epoch   4: Accuracy: 0.5777, Loss: 0.259233
[01:08:55] Epoch   5: Accuracy: 0.6167, Loss: 0.249065
[01:12:38] Epoch   6: Accuracy: 0.6396, Loss: 0.239964
[01:16:21] Epoch   7: Accuracy: 0.6493, Loss: 0.234292
[01:20:03] Epoch   8: Accuracy: 0.6894, Loss: 0.224323
[01:23:48] Epoch   9: Accuracy: 0.7166, Loss: 0.218724
[01:27:32] Epoch  10: Accuracy: 0.7368, Loss: 0.213892
[01:31:15] Epoch  11: Accuracy: 0.7510, Loss: 0.209107
[01:35:00] Epoch  12: Accuracy: 0.7747, Loss: 0.201621
[01:37:00] FINAL with Accuracy(test_set): 0.7923 and Loss(test_set): 0.196678

--------[17_08_2019 03:26:07]--------
┌ Debug: Base = Base
└ @ Main /home/svendt/NNFeedbackOperations/src/nets001.jl:229
┌ Debug: Core = Core
└ @ Main /home/svendt/NNFeedbackOperations/src/nets001.jl:229
┌ Debug: FBModel_names = ["BTModel", "BLModel", "BLTModel"]
└ @ Main /home/svendt/NNFeedbackOperations/src/nets001.jl:229
┌ Debug: FBModels = Dict("BTModel"=>:spoerer_model_bt,"BLModel"=>:spoerer_model_bl,"BLTModel"=>:spoerer_model_blt)
└ @ Main /home/svendt/NNFeedbackOperations/src/nets001.jl:229
┌ Debug: FFModel_names = Any[]
└ @ Main /home/svendt/NNFeedbackOperations/src/nets001.jl:229
┌ Debug: FFModels = Dict("BFModel"=>:spoerer_model_bf,"BKModel"=>:spoerer_model_bk,"BModel"=>:spoerer_model_b)
└ @ Main /home/svendt/NNFeedbackOperations/src/nets001.jl:229
┌ Debug: Main = Main
└ @ Main /home/svendt/NNFeedbackOperations/src/nets001.jl:229
┌ Debug: accuracy = Main.accuracy
└ @ Main /home/svendt/NNFeedbackOperations/src/nets001.jl:229
┌ Debug: adapt_learnrate = adapt_learnrate
└ @ Main /home/svendt/NNFeedbackOperations/src/nets001.jl:229
┌ Debug: batch_size = 100
└ @ Main /home/svendt/NNFeedbackOperations/src/nets001.jl:229
┌ Debug: dataManager = Main.dataManager
└ @ Main /home/svendt/NNFeedbackOperations/src/nets001.jl:229
┌ Debug: dataset_names = ["MNIST"]
└ @ Main /home/svendt/NNFeedbackOperations/src/nets001.jl:229
┌ Debug: date_format = dd_mm_yyyy
└ @ Main /home/svendt/NNFeedbackOperations/src/nets001.jl:229
┌ Debug: debug_str = DEBUG_
└ @ Main /home/svendt/NNFeedbackOperations/src/nets001.jl:229
┌ Debug: decay_rate = 0.1
└ @ Main /home/svendt/NNFeedbackOperations/src/nets001.jl:229
┌ Debug: decay_step = 40
└ @ Main /home/svendt/NNFeedbackOperations/src/nets001.jl:229
┌ Debug: epochs = 12
└ @ Main /home/svendt/NNFeedbackOperations/src/nets001.jl:229
┌ Debug: image_size = (32, 32)
└ @ Main /home/svendt/NNFeedbackOperations/src/nets001.jl:229
┌ Debug: init_learning_rate = 0.01
└ @ Main /home/svendt/NNFeedbackOperations/src/nets001.jl:229
┌ Debug: io = IOStream(<file ../logs/DEBUG_log_BTModel.log>)
└ @ Main /home/svendt/NNFeedbackOperations/src/nets001.jl:229
┌ Debug: lambda = 0.0005
└ @ Main /home/svendt/NNFeedbackOperations/src/nets001.jl:229
┌ Debug: learning_rate = 0.01
└ @ Main /home/svendt/NNFeedbackOperations/src/nets001.jl:229
┌ Debug: load_dataset = load_dataset
└ @ Main /home/svendt/NNFeedbackOperations/src/nets001.jl:229
┌ Debug: log_save_location = ../logs/
└ @ Main /home/svendt/NNFeedbackOperations/src/nets001.jl:229
┌ Debug: model_save_location = ../trainedModels/
└ @ Main /home/svendt/NNFeedbackOperations/src/nets001.jl:229
┌ Debug: momentum = 0.9
└ @ Main /home/svendt/NNFeedbackOperations/src/nets001.jl:229
┌ Debug: printout_interval = 1
└ @ Main /home/svendt/NNFeedbackOperations/src/nets001.jl:229
┌ Debug: test_folderpath_debris = ../digitclutter/digitdebris/testset/mat/
└ @ Main /home/svendt/NNFeedbackOperations/src/nets001.jl:229
┌ Debug: test_folderpath_digits = ../digitclutter/digitclutter/testset/mat/
└ @ Main /home/svendt/NNFeedbackOperations/src/nets001.jl:229
┌ Debug: time_format = HH:MM:SS
└ @ Main /home/svendt/NNFeedbackOperations/src/nets001.jl:229
┌ Debug: time_steps = 4
└ @ Main /home/svendt/NNFeedbackOperations/src/nets001.jl:229
┌ Debug: trainFeedforwardNet = trainFeedforwardNet
└ @ Main /home/svendt/NNFeedbackOperations/src/nets001.jl:229
┌ Debug: trainReccurentNet = trainReccurentNet
└ @ Main /home/svendt/NNFeedbackOperations/src/nets001.jl:229
┌ Debug: train_folderpath_debris = ../digitclutter/digitdebris/trainset/mat/
└ @ Main /home/svendt/NNFeedbackOperations/src/nets001.jl:229
┌ Debug: train_folderpath_digits = ../digitclutter/digitclutter/trainset/mat/
└ @ Main /home/svendt/NNFeedbackOperations/src/nets001.jl:229
┌ Debug: usegpu = true
└ @ Main /home/svendt/NNFeedbackOperations/src/nets001.jl:229
[03:26:09] Training BTModel with MNIST
┌ Debug: loading MNIST dataset
└ @ Main.dataManager /home/svendt/NNFeedbackOperations/src/dataManager.jl:99
┌ Debug: normalize dataset
└ @ Main.dataManager /home/svendt/NNFeedbackOperations/src/dataManager.jl:167
┌ Debug: Dimension of images (28, 28, 1, 50000)
└ @ Main.dataManager /home/svendt/NNFeedbackOperations/src/dataManager.jl:147
┌ Debug: Dimension of labels (50000,)
└ @ Main.dataManager /home/svendt/NNFeedbackOperations/src/dataManager.jl:148
┌ Debug: normalize dataset
└ @ Main.dataManager /home/svendt/NNFeedbackOperations/src/dataManager.jl:167
┌ Debug: Dimension of images (28, 28, 1, 10000)
└ @ Main.dataManager /home/svendt/NNFeedbackOperations/src/dataManager.jl:147
┌ Debug: Dimension of labels (10000,)
└ @ Main.dataManager /home/svendt/NNFeedbackOperations/src/dataManager.jl:148
┌ Debug: normalize dataset
└ @ Main.dataManager /home/svendt/NNFeedbackOperations/src/dataManager.jl:167
┌ Debug: Dimension of images (28, 28, 1, 10000)
└ @ Main.dataManager /home/svendt/NNFeedbackOperations/src/dataManager.jl:147
┌ Debug: Dimension of labels (10000,)
└ @ Main.dataManager /home/svendt/NNFeedbackOperations/src/dataManager.jl:148
┌ Debug: loaded 500 batches of size 100 for training
└ @ Main /home/svendt/NNFeedbackOperations/src/nets001.jl:114
┌ Debug: loaded 100 batches of size 100 for validation
└ @ Main /home/svendt/NNFeedbackOperations/src/nets001.jl:115
┌ Debug: loaded 100 batches of size 100 for testing
└ @ Main /home/svendt/NNFeedbackOperations/src/nets001.jl:116
[03:27:09] INIT with Accuracy(test_set): 0.0835 and Loss(test_set): 0.607454
[03:31:07] Epoch   1: Accuracy: 0.1169, Loss: 0.341060
[03:34:43] Epoch   2: Accuracy: 0.3155, Loss: 0.333110
[03:38:20] Epoch   3: Accuracy: 0.3679, Loss: 0.323786
[03:41:57] Epoch   4: Accuracy: 0.4062, Loss: 0.314658
[03:45:31] Epoch   5: Accuracy: 0.4510, Loss: 0.302591
[03:49:10] Epoch   6: Accuracy: 0.5159, Loss: 0.290139
[03:52:49] Epoch   7: Accuracy: 0.5480, Loss: 0.279920
[03:56:27] Epoch   8: Accuracy: 0.5800, Loss: 0.270563
[04:00:07] Epoch   9: Accuracy: 0.6100, Loss: 0.262154
[04:03:48] Epoch  10: Accuracy: 0.6320, Loss: 0.254340
[04:07:27] Epoch  11: Accuracy: 0.6541, Loss: 0.246965
[04:11:08] Epoch  12: Accuracy: 0.6738, Loss: 0.240441
[04:13:06] FINAL with Accuracy(test_set): 0.6963 and Loss(test_set): 0.239035

--------[17_08_2019 06:03:38]--------
┌ Debug: Base = Base
└ @ Main /home/svendt/NNFeedbackOperations/src/nets0002.jl:229
┌ Debug: Core = Core
└ @ Main /home/svendt/NNFeedbackOperations/src/nets0002.jl:229
┌ Debug: FBModel_names = ["BTModel", "BLModel", "BLTModel"]
└ @ Main /home/svendt/NNFeedbackOperations/src/nets0002.jl:229
┌ Debug: FBModels = Dict("BTModel"=>:spoerer_model_bt,"BLModel"=>:spoerer_model_bl,"BLTModel"=>:spoerer_model_blt)
└ @ Main /home/svendt/NNFeedbackOperations/src/nets0002.jl:229
┌ Debug: FFModel_names = Any[]
└ @ Main /home/svendt/NNFeedbackOperations/src/nets0002.jl:229
┌ Debug: FFModels = Dict("BFModel"=>:spoerer_model_bf,"BKModel"=>:spoerer_model_bk,"BModel"=>:spoerer_model_b)
└ @ Main /home/svendt/NNFeedbackOperations/src/nets0002.jl:229
┌ Debug: Main = Main
└ @ Main /home/svendt/NNFeedbackOperations/src/nets0002.jl:229
┌ Debug: accuracy = Main.accuracy
└ @ Main /home/svendt/NNFeedbackOperations/src/nets0002.jl:229
┌ Debug: adapt_learnrate = adapt_learnrate
└ @ Main /home/svendt/NNFeedbackOperations/src/nets0002.jl:229
┌ Debug: batch_size = 100
└ @ Main /home/svendt/NNFeedbackOperations/src/nets0002.jl:229
┌ Debug: dataManager = Main.dataManager
└ @ Main /home/svendt/NNFeedbackOperations/src/nets0002.jl:229
┌ Debug: dataset_names = ["MNIST"]
└ @ Main /home/svendt/NNFeedbackOperations/src/nets0002.jl:229
┌ Debug: date_format = dd_mm_yyyy
└ @ Main /home/svendt/NNFeedbackOperations/src/nets0002.jl:229
┌ Debug: debug_str = DEBUG_
└ @ Main /home/svendt/NNFeedbackOperations/src/nets0002.jl:229
┌ Debug: decay_rate = 0.1
└ @ Main /home/svendt/NNFeedbackOperations/src/nets0002.jl:229
┌ Debug: decay_step = 40
└ @ Main /home/svendt/NNFeedbackOperations/src/nets0002.jl:229
┌ Debug: epochs = 12
└ @ Main /home/svendt/NNFeedbackOperations/src/nets0002.jl:229
┌ Debug: image_size = (32, 32)
└ @ Main /home/svendt/NNFeedbackOperations/src/nets0002.jl:229
┌ Debug: init_learning_rate = 0.002
└ @ Main /home/svendt/NNFeedbackOperations/src/nets0002.jl:229
┌ Debug: io = IOStream(<file ../logs/DEBUG_log_BTModel.log>)
└ @ Main /home/svendt/NNFeedbackOperations/src/nets0002.jl:229
┌ Debug: lambda = 0.0005
└ @ Main /home/svendt/NNFeedbackOperations/src/nets0002.jl:229
┌ Debug: learning_rate = 0.002
└ @ Main /home/svendt/NNFeedbackOperations/src/nets0002.jl:229
┌ Debug: load_dataset = load_dataset
└ @ Main /home/svendt/NNFeedbackOperations/src/nets0002.jl:229
┌ Debug: log_save_location = ../logs/
└ @ Main /home/svendt/NNFeedbackOperations/src/nets0002.jl:229
┌ Debug: model_save_location = ../trainedModels/
└ @ Main /home/svendt/NNFeedbackOperations/src/nets0002.jl:229
┌ Debug: momentum = 0.9
└ @ Main /home/svendt/NNFeedbackOperations/src/nets0002.jl:229
┌ Debug: printout_interval = 1
└ @ Main /home/svendt/NNFeedbackOperations/src/nets0002.jl:229
┌ Debug: test_folderpath_debris = ../digitclutter/digitdebris/testset/mat/
└ @ Main /home/svendt/NNFeedbackOperations/src/nets0002.jl:229
┌ Debug: test_folderpath_digits = ../digitclutter/digitclutter/testset/mat/
└ @ Main /home/svendt/NNFeedbackOperations/src/nets0002.jl:229
┌ Debug: time_format = HH:MM:SS
└ @ Main /home/svendt/NNFeedbackOperations/src/nets0002.jl:229
┌ Debug: time_steps = 4
└ @ Main /home/svendt/NNFeedbackOperations/src/nets0002.jl:229
┌ Debug: trainFeedforwardNet = trainFeedforwardNet
└ @ Main /home/svendt/NNFeedbackOperations/src/nets0002.jl:229
┌ Debug: trainReccurentNet = trainReccurentNet
└ @ Main /home/svendt/NNFeedbackOperations/src/nets0002.jl:229
┌ Debug: train_folderpath_debris = ../digitclutter/digitdebris/trainset/mat/
└ @ Main /home/svendt/NNFeedbackOperations/src/nets0002.jl:229
┌ Debug: train_folderpath_digits = ../digitclutter/digitclutter/trainset/mat/
└ @ Main /home/svendt/NNFeedbackOperations/src/nets0002.jl:229
┌ Debug: usegpu = true
└ @ Main /home/svendt/NNFeedbackOperations/src/nets0002.jl:229
[06:03:39] Training BTModel with MNIST
┌ Debug: loading MNIST dataset
└ @ Main.dataManager /home/svendt/NNFeedbackOperations/src/dataManager.jl:99
┌ Debug: normalize dataset
└ @ Main.dataManager /home/svendt/NNFeedbackOperations/src/dataManager.jl:167
┌ Debug: Dimension of images (28, 28, 1, 50000)
└ @ Main.dataManager /home/svendt/NNFeedbackOperations/src/dataManager.jl:147
┌ Debug: Dimension of labels (50000,)
└ @ Main.dataManager /home/svendt/NNFeedbackOperations/src/dataManager.jl:148
┌ Debug: normalize dataset
└ @ Main.dataManager /home/svendt/NNFeedbackOperations/src/dataManager.jl:167
┌ Debug: Dimension of images (28, 28, 1, 10000)
└ @ Main.dataManager /home/svendt/NNFeedbackOperations/src/dataManager.jl:147
┌ Debug: Dimension of labels (10000,)
└ @ Main.dataManager /home/svendt/NNFeedbackOperations/src/dataManager.jl:148
┌ Debug: normalize dataset
└ @ Main.dataManager /home/svendt/NNFeedbackOperations/src/dataManager.jl:167
┌ Debug: Dimension of images (28, 28, 1, 10000)
└ @ Main.dataManager /home/svendt/NNFeedbackOperations/src/dataManager.jl:147
┌ Debug: Dimension of labels (10000,)
└ @ Main.dataManager /home/svendt/NNFeedbackOperations/src/dataManager.jl:148
┌ Debug: loaded 500 batches of size 100 for training
└ @ Main /home/svendt/NNFeedbackOperations/src/nets0002.jl:114
┌ Debug: loaded 100 batches of size 100 for validation
└ @ Main /home/svendt/NNFeedbackOperations/src/nets0002.jl:115
┌ Debug: loaded 100 batches of size 100 for testing
└ @ Main /home/svendt/NNFeedbackOperations/src/nets0002.jl:116
[06:04:41] INIT with Accuracy(test_set): 0.0983 and Loss(test_set): 0.845349
[06:08:49] Epoch   1: Accuracy: 0.1250, Loss: 0.343442
[06:12:33] Epoch   2: Accuracy: 0.0797, Loss: 0.342184
[06:16:18] Epoch   3: Accuracy: 0.0857, Loss: 0.341747
[06:20:04] Epoch   4: Accuracy: 0.1053, Loss: 0.341388
[06:23:51] Epoch   5: Accuracy: 0.1132, Loss: 0.340970
[06:27:36] Epoch   6: Accuracy: 0.1160, Loss: 0.340594
[06:31:23] Epoch   7: Accuracy: 0.1707, Loss: 0.340206
[06:35:11] Epoch   8: Accuracy: 0.1412, Loss: 0.339804
[06:39:00] Epoch   9: Accuracy: 0.1447, Loss: 0.339393
[06:42:45] Epoch  10: Accuracy: 0.1457, Loss: 0.338944
[06:46:35] Epoch  11: Accuracy: 0.1901, Loss: 0.338419
[06:50:26] Epoch  12: Accuracy: 0.2084, Loss: 0.337819
[06:52:31] FINAL with Accuracy(test_set): 0.2079 and Loss(test_set): 0.337818

--------[17_08_2019 08:46:19]--------
┌ Debug: Base = Base
└ @ Main /home/svendt/NNFeedbackOperations/src/nets0001.jl:229
┌ Debug: Core = Core
└ @ Main /home/svendt/NNFeedbackOperations/src/nets0001.jl:229
┌ Debug: FBModel_names = ["BTModel", "BLModel", "BLTModel"]
└ @ Main /home/svendt/NNFeedbackOperations/src/nets0001.jl:229
┌ Debug: FBModels = Dict("BTModel"=>:spoerer_model_bt,"BLModel"=>:spoerer_model_bl,"BLTModel"=>:spoerer_model_blt)
└ @ Main /home/svendt/NNFeedbackOperations/src/nets0001.jl:229
┌ Debug: FFModel_names = Any[]
└ @ Main /home/svendt/NNFeedbackOperations/src/nets0001.jl:229
┌ Debug: FFModels = Dict("BFModel"=>:spoerer_model_bf,"BKModel"=>:spoerer_model_bk,"BModel"=>:spoerer_model_b)
└ @ Main /home/svendt/NNFeedbackOperations/src/nets0001.jl:229
┌ Debug: Main = Main
└ @ Main /home/svendt/NNFeedbackOperations/src/nets0001.jl:229
┌ Debug: accuracy = Main.accuracy
└ @ Main /home/svendt/NNFeedbackOperations/src/nets0001.jl:229
┌ Debug: adapt_learnrate = adapt_learnrate
└ @ Main /home/svendt/NNFeedbackOperations/src/nets0001.jl:229
┌ Debug: batch_size = 100
└ @ Main /home/svendt/NNFeedbackOperations/src/nets0001.jl:229
┌ Debug: dataManager = Main.dataManager
└ @ Main /home/svendt/NNFeedbackOperations/src/nets0001.jl:229
┌ Debug: dataset_names = ["MNIST"]
└ @ Main /home/svendt/NNFeedbackOperations/src/nets0001.jl:229
┌ Debug: date_format = dd_mm_yyyy
└ @ Main /home/svendt/NNFeedbackOperations/src/nets0001.jl:229
┌ Debug: debug_str = DEBUG_
└ @ Main /home/svendt/NNFeedbackOperations/src/nets0001.jl:229
┌ Debug: decay_rate = 0.1
└ @ Main /home/svendt/NNFeedbackOperations/src/nets0001.jl:229
┌ Debug: decay_step = 40
└ @ Main /home/svendt/NNFeedbackOperations/src/nets0001.jl:229
┌ Debug: epochs = 12
└ @ Main /home/svendt/NNFeedbackOperations/src/nets0001.jl:229
┌ Debug: image_size = (32, 32)
└ @ Main /home/svendt/NNFeedbackOperations/src/nets0001.jl:229
┌ Debug: init_learning_rate = 0.001
└ @ Main /home/svendt/NNFeedbackOperations/src/nets0001.jl:229
┌ Debug: io = IOStream(<file ../logs/DEBUG_log_BTModel.log>)
└ @ Main /home/svendt/NNFeedbackOperations/src/nets0001.jl:229
┌ Debug: lambda = 0.0005
└ @ Main /home/svendt/NNFeedbackOperations/src/nets0001.jl:229
┌ Debug: learning_rate = 0.001
└ @ Main /home/svendt/NNFeedbackOperations/src/nets0001.jl:229
┌ Debug: load_dataset = load_dataset
└ @ Main /home/svendt/NNFeedbackOperations/src/nets0001.jl:229
┌ Debug: log_save_location = ../logs/
└ @ Main /home/svendt/NNFeedbackOperations/src/nets0001.jl:229
┌ Debug: model_save_location = ../trainedModels/
└ @ Main /home/svendt/NNFeedbackOperations/src/nets0001.jl:229
┌ Debug: momentum = 0.9
└ @ Main /home/svendt/NNFeedbackOperations/src/nets0001.jl:229
┌ Debug: printout_interval = 1
└ @ Main /home/svendt/NNFeedbackOperations/src/nets0001.jl:229
┌ Debug: test_folderpath_debris = ../digitclutter/digitdebris/testset/mat/
└ @ Main /home/svendt/NNFeedbackOperations/src/nets0001.jl:229
┌ Debug: test_folderpath_digits = ../digitclutter/digitclutter/testset/mat/
└ @ Main /home/svendt/NNFeedbackOperations/src/nets0001.jl:229
┌ Debug: time_format = HH:MM:SS
└ @ Main /home/svendt/NNFeedbackOperations/src/nets0001.jl:229
┌ Debug: time_steps = 4
└ @ Main /home/svendt/NNFeedbackOperations/src/nets0001.jl:229
┌ Debug: trainFeedforwardNet = trainFeedforwardNet
└ @ Main /home/svendt/NNFeedbackOperations/src/nets0001.jl:229
┌ Debug: trainReccurentNet = trainReccurentNet
└ @ Main /home/svendt/NNFeedbackOperations/src/nets0001.jl:229
┌ Debug: train_folderpath_debris = ../digitclutter/digitdebris/trainset/mat/
└ @ Main /home/svendt/NNFeedbackOperations/src/nets0001.jl:229
┌ Debug: train_folderpath_digits = ../digitclutter/digitclutter/trainset/mat/
└ @ Main /home/svendt/NNFeedbackOperations/src/nets0001.jl:229
┌ Debug: usegpu = true
└ @ Main /home/svendt/NNFeedbackOperations/src/nets0001.jl:229
[08:46:21] Training BTModel with MNIST
┌ Debug: loading MNIST dataset
└ @ Main.dataManager /home/svendt/NNFeedbackOperations/src/dataManager.jl:99
┌ Debug: normalize dataset
└ @ Main.dataManager /home/svendt/NNFeedbackOperations/src/dataManager.jl:167
┌ Debug: Dimension of images (28, 28, 1, 50000)
└ @ Main.dataManager /home/svendt/NNFeedbackOperations/src/dataManager.jl:147
┌ Debug: Dimension of labels (50000,)
└ @ Main.dataManager /home/svendt/NNFeedbackOperations/src/dataManager.jl:148
┌ Debug: normalize dataset
└ @ Main.dataManager /home/svendt/NNFeedbackOperations/src/dataManager.jl:167
┌ Debug: Dimension of images (28, 28, 1, 10000)
└ @ Main.dataManager /home/svendt/NNFeedbackOperations/src/dataManager.jl:147
┌ Debug: Dimension of labels (10000,)
└ @ Main.dataManager /home/svendt/NNFeedbackOperations/src/dataManager.jl:148
┌ Debug: normalize dataset
└ @ Main.dataManager /home/svendt/NNFeedbackOperations/src/dataManager.jl:167
┌ Debug: Dimension of images (28, 28, 1, 10000)
└ @ Main.dataManager /home/svendt/NNFeedbackOperations/src/dataManager.jl:147
┌ Debug: Dimension of labels (10000,)
└ @ Main.dataManager /home/svendt/NNFeedbackOperations/src/dataManager.jl:148
┌ Debug: loaded 500 batches of size 100 for training
└ @ Main /home/svendt/NNFeedbackOperations/src/nets0001.jl:114
┌ Debug: loaded 100 batches of size 100 for validation
└ @ Main /home/svendt/NNFeedbackOperations/src/nets0001.jl:115
┌ Debug: loaded 100 batches of size 100 for testing
└ @ Main /home/svendt/NNFeedbackOperations/src/nets0001.jl:116
[08:47:21] INIT with Accuracy(test_set): 0.0807 and Loss(test_set): 0.730031
[08:51:22] Epoch   1: Accuracy: 0.0988, Loss: 0.350403
[08:55:01] Epoch   2: Accuracy: 0.0747, Loss: 0.343487
[08:58:40] Epoch   3: Accuracy: 0.1569, Loss: 0.342502
[09:02:19] Epoch   4: Accuracy: 0.1252, Loss: 0.342126
[09:05:59] Epoch   5: Accuracy: 0.1170, Loss: 0.341870
[09:09:40] Epoch   6: Accuracy: 0.1152, Loss: 0.341634
[09:13:22] Epoch   7: Accuracy: 0.1150, Loss: 0.341420
[09:17:03] Epoch   8: Accuracy: 0.1158, Loss: 0.341116
[09:20:46] Epoch   9: Accuracy: 0.1164, Loss: 0.340856
[09:24:29] Epoch  10: Accuracy: 0.1168, Loss: 0.340609
[09:28:13] Epoch  11: Accuracy: 0.1167, Loss: 0.340390
[09:31:57] Epoch  12: Accuracy: 0.1163, Loss: 0.340181
[09:33:58] FINAL with Accuracy(test_set): 0.1084 and Loss(test_set): 0.340162

--------[17_08_2019 11:23:40]--------
┌ Debug: Base = Base
└ @ Main /home/svendt/NNFeedbackOperations/src/nets00002.jl:229
┌ Debug: Core = Core
└ @ Main /home/svendt/NNFeedbackOperations/src/nets00002.jl:229
┌ Debug: FBModel_names = ["BTModel", "BLModel", "BLTModel"]
└ @ Main /home/svendt/NNFeedbackOperations/src/nets00002.jl:229
┌ Debug: FBModels = Dict("BTModel"=>:spoerer_model_bt,"BLModel"=>:spoerer_model_bl,"BLTModel"=>:spoerer_model_blt)
└ @ Main /home/svendt/NNFeedbackOperations/src/nets00002.jl:229
┌ Debug: FFModel_names = Any[]
└ @ Main /home/svendt/NNFeedbackOperations/src/nets00002.jl:229
┌ Debug: FFModels = Dict("BFModel"=>:spoerer_model_bf,"BKModel"=>:spoerer_model_bk,"BModel"=>:spoerer_model_b)
└ @ Main /home/svendt/NNFeedbackOperations/src/nets00002.jl:229
┌ Debug: Main = Main
└ @ Main /home/svendt/NNFeedbackOperations/src/nets00002.jl:229
┌ Debug: accuracy = Main.accuracy
└ @ Main /home/svendt/NNFeedbackOperations/src/nets00002.jl:229
┌ Debug: adapt_learnrate = adapt_learnrate
└ @ Main /home/svendt/NNFeedbackOperations/src/nets00002.jl:229
┌ Debug: batch_size = 100
└ @ Main /home/svendt/NNFeedbackOperations/src/nets00002.jl:229
┌ Debug: dataManager = Main.dataManager
└ @ Main /home/svendt/NNFeedbackOperations/src/nets00002.jl:229
┌ Debug: dataset_names = ["MNIST"]
└ @ Main /home/svendt/NNFeedbackOperations/src/nets00002.jl:229
┌ Debug: date_format = dd_mm_yyyy
└ @ Main /home/svendt/NNFeedbackOperations/src/nets00002.jl:229
┌ Debug: debug_str = DEBUG_
└ @ Main /home/svendt/NNFeedbackOperations/src/nets00002.jl:229
┌ Debug: decay_rate = 0.1
└ @ Main /home/svendt/NNFeedbackOperations/src/nets00002.jl:229
┌ Debug: decay_step = 40
└ @ Main /home/svendt/NNFeedbackOperations/src/nets00002.jl:229
┌ Debug: epochs = 12
└ @ Main /home/svendt/NNFeedbackOperations/src/nets00002.jl:229
┌ Debug: image_size = (32, 32)
└ @ Main /home/svendt/NNFeedbackOperations/src/nets00002.jl:229
┌ Debug: init_learning_rate = 0.0002
└ @ Main /home/svendt/NNFeedbackOperations/src/nets00002.jl:229
┌ Debug: io = IOStream(<file ../logs/DEBUG_log_BTModel.log>)
└ @ Main /home/svendt/NNFeedbackOperations/src/nets00002.jl:229
┌ Debug: lambda = 0.0005
└ @ Main /home/svendt/NNFeedbackOperations/src/nets00002.jl:229
┌ Debug: learning_rate = 0.0002
└ @ Main /home/svendt/NNFeedbackOperations/src/nets00002.jl:229
┌ Debug: load_dataset = load_dataset
└ @ Main /home/svendt/NNFeedbackOperations/src/nets00002.jl:229
┌ Debug: log_save_location = ../logs/
└ @ Main /home/svendt/NNFeedbackOperations/src/nets00002.jl:229
┌ Debug: model_save_location = ../trainedModels/
└ @ Main /home/svendt/NNFeedbackOperations/src/nets00002.jl:229
┌ Debug: momentum = 0.9
└ @ Main /home/svendt/NNFeedbackOperations/src/nets00002.jl:229
┌ Debug: printout_interval = 1
└ @ Main /home/svendt/NNFeedbackOperations/src/nets00002.jl:229
┌ Debug: test_folderpath_debris = ../digitclutter/digitdebris/testset/mat/
└ @ Main /home/svendt/NNFeedbackOperations/src/nets00002.jl:229
┌ Debug: test_folderpath_digits = ../digitclutter/digitclutter/testset/mat/
└ @ Main /home/svendt/NNFeedbackOperations/src/nets00002.jl:229
┌ Debug: time_format = HH:MM:SS
└ @ Main /home/svendt/NNFeedbackOperations/src/nets00002.jl:229
┌ Debug: time_steps = 4
└ @ Main /home/svendt/NNFeedbackOperations/src/nets00002.jl:229
┌ Debug: trainFeedforwardNet = trainFeedforwardNet
└ @ Main /home/svendt/NNFeedbackOperations/src/nets00002.jl:229
┌ Debug: trainReccurentNet = trainReccurentNet
└ @ Main /home/svendt/NNFeedbackOperations/src/nets00002.jl:229
┌ Debug: train_folderpath_debris = ../digitclutter/digitdebris/trainset/mat/
└ @ Main /home/svendt/NNFeedbackOperations/src/nets00002.jl:229
┌ Debug: train_folderpath_digits = ../digitclutter/digitclutter/trainset/mat/
└ @ Main /home/svendt/NNFeedbackOperations/src/nets00002.jl:229
┌ Debug: usegpu = true
└ @ Main /home/svendt/NNFeedbackOperations/src/nets00002.jl:229
[11:23:42] Training BTModel with MNIST
┌ Debug: loading MNIST dataset
└ @ Main.dataManager /home/svendt/NNFeedbackOperations/src/dataManager.jl:99
┌ Debug: normalize dataset
└ @ Main.dataManager /home/svendt/NNFeedbackOperations/src/dataManager.jl:167
┌ Debug: Dimension of images (28, 28, 1, 50000)
└ @ Main.dataManager /home/svendt/NNFeedbackOperations/src/dataManager.jl:147
┌ Debug: Dimension of labels (50000,)
└ @ Main.dataManager /home/svendt/NNFeedbackOperations/src/dataManager.jl:148
┌ Debug: normalize dataset
└ @ Main.dataManager /home/svendt/NNFeedbackOperations/src/dataManager.jl:167
┌ Debug: Dimension of images (28, 28, 1, 10000)
└ @ Main.dataManager /home/svendt/NNFeedbackOperations/src/dataManager.jl:147
┌ Debug: Dimension of labels (10000,)
└ @ Main.dataManager /home/svendt/NNFeedbackOperations/src/dataManager.jl:148
┌ Debug: normalize dataset
└ @ Main.dataManager /home/svendt/NNFeedbackOperations/src/dataManager.jl:167
┌ Debug: Dimension of images (28, 28, 1, 10000)
└ @ Main.dataManager /home/svendt/NNFeedbackOperations/src/dataManager.jl:147
┌ Debug: Dimension of labels (10000,)
└ @ Main.dataManager /home/svendt/NNFeedbackOperations/src/dataManager.jl:148
┌ Debug: loaded 500 batches of size 100 for training
└ @ Main /home/svendt/NNFeedbackOperations/src/nets00002.jl:114
┌ Debug: loaded 100 batches of size 100 for validation
└ @ Main /home/svendt/NNFeedbackOperations/src/nets00002.jl:115
┌ Debug: loaded 100 batches of size 100 for testing
└ @ Main /home/svendt/NNFeedbackOperations/src/nets00002.jl:116
[11:24:43] INIT with Accuracy(test_set): 0.1064 and Loss(test_set): 0.693344
[11:28:51] Epoch   1: Accuracy: 0.1161, Loss: 0.450855
[11:32:38] Epoch   2: Accuracy: 0.1156, Loss: 0.391117
[11:36:30] Epoch   3: Accuracy: 0.1118, Loss: 0.368554
[11:40:34] Epoch   4: Accuracy: 0.1154, Loss: 0.357586
[11:44:18] Epoch   5: Accuracy: 0.1137, Loss: 0.351785
[11:48:03] Epoch   6: Accuracy: 0.1136, Loss: 0.348412
[11:51:49] Epoch   7: Accuracy: 0.1136, Loss: 0.346298
[11:55:34] Epoch   8: Accuracy: 0.1138, Loss: 0.344874
[11:59:48] Epoch   9: Accuracy: 0.1154, Loss: 0.343751
[12:03:46] Epoch  10: Accuracy: 0.1233, Loss: 0.342787
[12:07:34] Epoch  11: Accuracy: 0.1291, Loss: 0.342193
[12:11:20] Epoch  12: Accuracy: 0.1296, Loss: 0.341768
[12:13:24] FINAL with Accuracy(test_set): 0.1200 and Loss(test_set): 0.341914

--------[17_08_2019 14:14:45]--------
┌ Debug: Base = Base
└ @ Main /home/svendt/NNFeedbackOperations/src/nets00001.jl:229
┌ Debug: Core = Core
└ @ Main /home/svendt/NNFeedbackOperations/src/nets00001.jl:229
┌ Debug: FBModel_names = ["BTModel", "BLModel", "BLTModel"]
└ @ Main /home/svendt/NNFeedbackOperations/src/nets00001.jl:229
┌ Debug: FBModels = Dict("BTModel"=>:spoerer_model_bt,"BLModel"=>:spoerer_model_bl,"BLTModel"=>:spoerer_model_blt)
└ @ Main /home/svendt/NNFeedbackOperations/src/nets00001.jl:229
┌ Debug: FFModel_names = Any[]
└ @ Main /home/svendt/NNFeedbackOperations/src/nets00001.jl:229
┌ Debug: FFModels = Dict("BFModel"=>:spoerer_model_bf,"BKModel"=>:spoerer_model_bk,"BModel"=>:spoerer_model_b)
└ @ Main /home/svendt/NNFeedbackOperations/src/nets00001.jl:229
┌ Debug: Main = Main
└ @ Main /home/svendt/NNFeedbackOperations/src/nets00001.jl:229
┌ Debug: accuracy = Main.accuracy
└ @ Main /home/svendt/NNFeedbackOperations/src/nets00001.jl:229
┌ Debug: adapt_learnrate = adapt_learnrate
└ @ Main /home/svendt/NNFeedbackOperations/src/nets00001.jl:229
┌ Debug: batch_size = 100
└ @ Main /home/svendt/NNFeedbackOperations/src/nets00001.jl:229
┌ Debug: dataManager = Main.dataManager
└ @ Main /home/svendt/NNFeedbackOperations/src/nets00001.jl:229
┌ Debug: dataset_names = ["MNIST"]
└ @ Main /home/svendt/NNFeedbackOperations/src/nets00001.jl:229
┌ Debug: date_format = dd_mm_yyyy
└ @ Main /home/svendt/NNFeedbackOperations/src/nets00001.jl:229
┌ Debug: debug_str = DEBUG_
└ @ Main /home/svendt/NNFeedbackOperations/src/nets00001.jl:229
┌ Debug: decay_rate = 0.1
└ @ Main /home/svendt/NNFeedbackOperations/src/nets00001.jl:229
┌ Debug: decay_step = 40
└ @ Main /home/svendt/NNFeedbackOperations/src/nets00001.jl:229
┌ Debug: epochs = 12
└ @ Main /home/svendt/NNFeedbackOperations/src/nets00001.jl:229
┌ Debug: image_size = (32, 32)
└ @ Main /home/svendt/NNFeedbackOperations/src/nets00001.jl:229
┌ Debug: init_learning_rate = 0.0001
└ @ Main /home/svendt/NNFeedbackOperations/src/nets00001.jl:229
┌ Debug: io = IOStream(<file ../logs/DEBUG_log_BTModel.log>)
└ @ Main /home/svendt/NNFeedbackOperations/src/nets00001.jl:229
┌ Debug: lambda = 0.0005
└ @ Main /home/svendt/NNFeedbackOperations/src/nets00001.jl:229
┌ Debug: learning_rate = 0.0001
└ @ Main /home/svendt/NNFeedbackOperations/src/nets00001.jl:229
┌ Debug: load_dataset = load_dataset
└ @ Main /home/svendt/NNFeedbackOperations/src/nets00001.jl:229
┌ Debug: log_save_location = ../logs/
└ @ Main /home/svendt/NNFeedbackOperations/src/nets00001.jl:229
┌ Debug: model_save_location = ../trainedModels/
└ @ Main /home/svendt/NNFeedbackOperations/src/nets00001.jl:229
┌ Debug: momentum = 0.9
└ @ Main /home/svendt/NNFeedbackOperations/src/nets00001.jl:229
┌ Debug: printout_interval = 1
└ @ Main /home/svendt/NNFeedbackOperations/src/nets00001.jl:229
┌ Debug: test_folderpath_debris = ../digitclutter/digitdebris/testset/mat/
└ @ Main /home/svendt/NNFeedbackOperations/src/nets00001.jl:229
┌ Debug: test_folderpath_digits = ../digitclutter/digitclutter/testset/mat/
└ @ Main /home/svendt/NNFeedbackOperations/src/nets00001.jl:229
┌ Debug: time_format = HH:MM:SS
└ @ Main /home/svendt/NNFeedbackOperations/src/nets00001.jl:229
┌ Debug: time_steps = 4
└ @ Main /home/svendt/NNFeedbackOperations/src/nets00001.jl:229
┌ Debug: trainFeedforwardNet = trainFeedforwardNet
└ @ Main /home/svendt/NNFeedbackOperations/src/nets00001.jl:229
┌ Debug: trainReccurentNet = trainReccurentNet
└ @ Main /home/svendt/NNFeedbackOperations/src/nets00001.jl:229
┌ Debug: train_folderpath_debris = ../digitclutter/digitdebris/trainset/mat/
└ @ Main /home/svendt/NNFeedbackOperations/src/nets00001.jl:229
┌ Debug: train_folderpath_digits = ../digitclutter/digitclutter/trainset/mat/
└ @ Main /home/svendt/NNFeedbackOperations/src/nets00001.jl:229
┌ Debug: usegpu = true
└ @ Main /home/svendt/NNFeedbackOperations/src/nets00001.jl:229
[14:14:48] Training BTModel with MNIST
┌ Debug: loading MNIST dataset
└ @ Main.dataManager /home/svendt/NNFeedbackOperations/src/dataManager.jl:99
┌ Debug: normalize dataset
└ @ Main.dataManager /home/svendt/NNFeedbackOperations/src/dataManager.jl:167
┌ Debug: Dimension of images (28, 28, 1, 50000)
└ @ Main.dataManager /home/svendt/NNFeedbackOperations/src/dataManager.jl:147
┌ Debug: Dimension of labels (50000,)
└ @ Main.dataManager /home/svendt/NNFeedbackOperations/src/dataManager.jl:148
┌ Debug: normalize dataset
└ @ Main.dataManager /home/svendt/NNFeedbackOperations/src/dataManager.jl:167
┌ Debug: Dimension of images (28, 28, 1, 10000)
└ @ Main.dataManager /home/svendt/NNFeedbackOperations/src/dataManager.jl:147
┌ Debug: Dimension of labels (10000,)
└ @ Main.dataManager /home/svendt/NNFeedbackOperations/src/dataManager.jl:148
┌ Debug: normalize dataset
└ @ Main.dataManager /home/svendt/NNFeedbackOperations/src/dataManager.jl:167
┌ Debug: Dimension of images (28, 28, 1, 10000)
└ @ Main.dataManager /home/svendt/NNFeedbackOperations/src/dataManager.jl:147
┌ Debug: Dimension of labels (10000,)
└ @ Main.dataManager /home/svendt/NNFeedbackOperations/src/dataManager.jl:148
┌ Debug: loaded 500 batches of size 100 for training
└ @ Main /home/svendt/NNFeedbackOperations/src/nets00001.jl:114
┌ Debug: loaded 100 batches of size 100 for validation
└ @ Main /home/svendt/NNFeedbackOperations/src/nets00001.jl:115
┌ Debug: loaded 100 batches of size 100 for testing
└ @ Main /home/svendt/NNFeedbackOperations/src/nets00001.jl:116
[14:16:06] INIT with Accuracy(test_set): 0.0915 and Loss(test_set): 0.867073
[14:21:35] Epoch   1: Accuracy: 0.0901, Loss: 0.623142
[14:26:11] Epoch   2: Accuracy: 0.0901, Loss: 0.513350
[14:30:56] Epoch   3: Accuracy: 0.0942, Loss: 0.455435
[14:35:02] Epoch   4: Accuracy: 0.0993, Loss: 0.422668
[14:39:56] Epoch   5: Accuracy: 0.0973, Loss: 0.402220
[14:44:39] Epoch   6: Accuracy: 0.0970, Loss: 0.388455
[14:49:23] Epoch   7: Accuracy: 0.0987, Loss: 0.378818
[14:54:10] Epoch   8: Accuracy: 0.0990, Loss: 0.371788
[14:58:55] Epoch   9: Accuracy: 0.0972, Loss: 0.366561
[15:03:36] Epoch  10: Accuracy: 0.0923, Loss: 0.362583
[15:08:25] Epoch  11: Accuracy: 0.0821, Loss: 0.359490
[15:13:09] Epoch  12: Accuracy: 0.0961, Loss: 0.357042
[15:15:49] FINAL with Accuracy(test_set): 0.0851 and Loss(test_set): 0.357136
