
--------[16_08_2019 17:20:11]--------
┌ Debug: Base = Base
└ @ Main /home/svendt/NNFeedbackOperations/src/nets.jl:229
┌ Debug: Core = Core
└ @ Main /home/svendt/NNFeedbackOperations/src/nets.jl:229
┌ Debug: FBModel_names = ["BTModel", "BLModel", "BLTModel"]
└ @ Main /home/svendt/NNFeedbackOperations/src/nets.jl:229
┌ Debug: FBModels = Dict("BTModel"=>:spoerer_model_bt,"BLModel"=>:spoerer_model_bl,"BLTModel"=>:spoerer_model_blt)
└ @ Main /home/svendt/NNFeedbackOperations/src/nets.jl:229
┌ Debug: FFModel_names = Any[]
└ @ Main /home/svendt/NNFeedbackOperations/src/nets.jl:229
┌ Debug: FFModels = Dict("BFModel"=>:spoerer_model_bf,"BKModel"=>:spoerer_model_bk,"BModel"=>:spoerer_model_b)
└ @ Main /home/svendt/NNFeedbackOperations/src/nets.jl:229
┌ Debug: Main = Main
└ @ Main /home/svendt/NNFeedbackOperations/src/nets.jl:229
┌ Debug: accuracy = Main.accuracy
└ @ Main /home/svendt/NNFeedbackOperations/src/nets.jl:229
┌ Debug: adapt_learnrate = adapt_learnrate
└ @ Main /home/svendt/NNFeedbackOperations/src/nets.jl:229
┌ Debug: batch_size = 100
└ @ Main /home/svendt/NNFeedbackOperations/src/nets.jl:229
┌ Debug: dataManager = Main.dataManager
└ @ Main /home/svendt/NNFeedbackOperations/src/nets.jl:229
┌ Debug: dataset_names = ["MNIST"]
└ @ Main /home/svendt/NNFeedbackOperations/src/nets.jl:229
┌ Debug: date_format = dd_mm_yyyy
└ @ Main /home/svendt/NNFeedbackOperations/src/nets.jl:229
┌ Debug: debug_str = DEBUG_
└ @ Main /home/svendt/NNFeedbackOperations/src/nets.jl:229
┌ Debug: decay_rate = 0.1
└ @ Main /home/svendt/NNFeedbackOperations/src/nets.jl:229
┌ Debug: decay_step = 40
└ @ Main /home/svendt/NNFeedbackOperations/src/nets.jl:229
┌ Debug: epochs = 12
└ @ Main /home/svendt/NNFeedbackOperations/src/nets.jl:229
┌ Debug: image_size = (28, 28)
└ @ Main /home/svendt/NNFeedbackOperations/src/nets.jl:229
┌ Debug: init_learning_rate = 1.0
└ @ Main /home/svendt/NNFeedbackOperations/src/nets.jl:229
┌ Debug: io = IOStream(<file ../logs/DEBUG_log_BLModel.log>)
└ @ Main /home/svendt/NNFeedbackOperations/src/nets.jl:229
┌ Debug: lambda = 0.0005
└ @ Main /home/svendt/NNFeedbackOperations/src/nets.jl:229
┌ Debug: learning_rate = 1.0
└ @ Main /home/svendt/NNFeedbackOperations/src/nets.jl:229
┌ Debug: load_dataset = load_dataset
└ @ Main /home/svendt/NNFeedbackOperations/src/nets.jl:229
┌ Debug: log_save_location = ../logs/
└ @ Main /home/svendt/NNFeedbackOperations/src/nets.jl:229
┌ Debug: model_save_location = ../trainedModels/
└ @ Main /home/svendt/NNFeedbackOperations/src/nets.jl:229
┌ Debug: momentum = 0.9
└ @ Main /home/svendt/NNFeedbackOperations/src/nets.jl:229
┌ Debug: printout_interval = 1
└ @ Main /home/svendt/NNFeedbackOperations/src/nets.jl:229
┌ Debug: test_folderpath_debris = ../digitclutter/digitdebris/testset/mat/
└ @ Main /home/svendt/NNFeedbackOperations/src/nets.jl:229
┌ Debug: test_folderpath_digits = ../digitclutter/digitclutter/testset/mat/
└ @ Main /home/svendt/NNFeedbackOperations/src/nets.jl:229
┌ Debug: time_format = HH:MM:SS
└ @ Main /home/svendt/NNFeedbackOperations/src/nets.jl:229
┌ Debug: time_steps = 4
└ @ Main /home/svendt/NNFeedbackOperations/src/nets.jl:229
┌ Debug: trainFeedforwardNet = trainFeedforwardNet
└ @ Main /home/svendt/NNFeedbackOperations/src/nets.jl:229
┌ Debug: trainReccurentNet = trainReccurentNet
└ @ Main /home/svendt/NNFeedbackOperations/src/nets.jl:229
┌ Debug: train_folderpath_debris = ../digitclutter/digitdebris/trainset/mat/
└ @ Main /home/svendt/NNFeedbackOperations/src/nets.jl:229
┌ Debug: train_folderpath_digits = ../digitclutter/digitclutter/trainset/mat/
└ @ Main /home/svendt/NNFeedbackOperations/src/nets.jl:229
┌ Debug: usegpu = true
└ @ Main /home/svendt/NNFeedbackOperations/src/nets.jl:229
[17:20:11] Training BLModel with MNIST
┌ Debug: loading MNIST dataset
└ @ Main.dataManager /home/svendt/NNFeedbackOperations/src/dataManager.jl:99
┌ Debug: normalize dataset
└ @ Main.dataManager /home/svendt/NNFeedbackOperations/src/dataManager.jl:167
┌ Debug: Dimension of images (28, 28, 1, 50000)
└ @ Main.dataManager /home/svendt/NNFeedbackOperations/src/dataManager.jl:147
┌ Debug: Dimension of labels (50000,)
└ @ Main.dataManager /home/svendt/NNFeedbackOperations/src/dataManager.jl:148
┌ Debug: normalize dataset
└ @ Main.dataManager /home/svendt/NNFeedbackOperations/src/dataManager.jl:167
┌ Debug: Dimension of images (28, 28, 1, 10000)
└ @ Main.dataManager /home/svendt/NNFeedbackOperations/src/dataManager.jl:147
┌ Debug: Dimension of labels (10000,)
└ @ Main.dataManager /home/svendt/NNFeedbackOperations/src/dataManager.jl:148
┌ Debug: normalize dataset
└ @ Main.dataManager /home/svendt/NNFeedbackOperations/src/dataManager.jl:167
┌ Debug: Dimension of images (28, 28, 1, 10000)
└ @ Main.dataManager /home/svendt/NNFeedbackOperations/src/dataManager.jl:147
┌ Debug: Dimension of labels (10000,)
└ @ Main.dataManager /home/svendt/NNFeedbackOperations/src/dataManager.jl:148
┌ Debug: loaded 500 batches of size 100 for training
└ @ Main /home/svendt/NNFeedbackOperations/src/nets.jl:114
┌ Debug: loaded 100 batches of size 100 for validation
└ @ Main /home/svendt/NNFeedbackOperations/src/nets.jl:115
┌ Debug: loaded 100 batches of size 100 for testing
└ @ Main /home/svendt/NNFeedbackOperations/src/nets.jl:116
[17:20:24] INIT with Accuracy(test_set): 0.0915 and Loss(test_set): 0.972121
[17:22:47] Epoch   1: Accuracy: 0.1954, Loss: 0.343885
[17:26:47] Epoch   2: Accuracy: 0.1240, Loss: 0.393091
[17:30:48] Epoch   3: Accuracy: 0.1020, Loss: 0.372740
[17:34:48] Epoch   4: Accuracy: 0.1020, Loss: 0.371599
[17:38:50] Epoch   5: Accuracy: 0.1020, Loss: 0.365023
[17:42:54] Epoch   6: Accuracy: 0.1020, Loss: 0.363975
[17:46:57] Epoch   7: Accuracy: 0.1020, Loss: 0.359237
[17:51:01] Epoch   8: Accuracy: 0.1020, Loss: 0.354826
[17:55:07] Epoch   9: Accuracy: 0.1020, Loss: 0.351832
[17:59:16] Epoch  10: Accuracy: 0.1020, Loss: 0.348137
[18:03:24] Epoch  11: Accuracy: 0.1136, Loss: 0.345309
[18:07:33] Epoch  12: Accuracy: 0.1136, Loss: 0.343472
[18:09:43] FINAL with Accuracy(test_set): 0.1064 and Loss(test_set): 0.343379

--------[16_08_2019 20:23:58]--------
┌ Debug: Base = Base
└ @ Main /home/svendt/NNFeedbackOperations/src/nets03.jl:229
┌ Debug: Core = Core
└ @ Main /home/svendt/NNFeedbackOperations/src/nets03.jl:229
┌ Debug: FBModel_names = ["BTModel", "BLModel", "BLTModel"]
└ @ Main /home/svendt/NNFeedbackOperations/src/nets03.jl:229
┌ Debug: FBModels = Dict("BTModel"=>:spoerer_model_bt,"BLModel"=>:spoerer_model_bl,"BLTModel"=>:spoerer_model_blt)
└ @ Main /home/svendt/NNFeedbackOperations/src/nets03.jl:229
┌ Debug: FFModel_names = Any[]
└ @ Main /home/svendt/NNFeedbackOperations/src/nets03.jl:229
┌ Debug: FFModels = Dict("BFModel"=>:spoerer_model_bf,"BKModel"=>:spoerer_model_bk,"BModel"=>:spoerer_model_b)
└ @ Main /home/svendt/NNFeedbackOperations/src/nets03.jl:229
┌ Debug: Main = Main
└ @ Main /home/svendt/NNFeedbackOperations/src/nets03.jl:229
┌ Debug: accuracy = Main.accuracy
└ @ Main /home/svendt/NNFeedbackOperations/src/nets03.jl:229
┌ Debug: adapt_learnrate = adapt_learnrate
└ @ Main /home/svendt/NNFeedbackOperations/src/nets03.jl:229
┌ Debug: batch_size = 100
└ @ Main /home/svendt/NNFeedbackOperations/src/nets03.jl:229
┌ Debug: dataManager = Main.dataManager
└ @ Main /home/svendt/NNFeedbackOperations/src/nets03.jl:229
┌ Debug: dataset_names = ["MNIST"]
└ @ Main /home/svendt/NNFeedbackOperations/src/nets03.jl:229
┌ Debug: date_format = dd_mm_yyyy
└ @ Main /home/svendt/NNFeedbackOperations/src/nets03.jl:229
┌ Debug: debug_str = DEBUG_
└ @ Main /home/svendt/NNFeedbackOperations/src/nets03.jl:229
┌ Debug: decay_rate = 0.1
└ @ Main /home/svendt/NNFeedbackOperations/src/nets03.jl:229
┌ Debug: decay_step = 40
└ @ Main /home/svendt/NNFeedbackOperations/src/nets03.jl:229
┌ Debug: epochs = 12
└ @ Main /home/svendt/NNFeedbackOperations/src/nets03.jl:229
┌ Debug: image_size = (28, 28)
└ @ Main /home/svendt/NNFeedbackOperations/src/nets03.jl:229
┌ Debug: init_learning_rate = 0.3
└ @ Main /home/svendt/NNFeedbackOperations/src/nets03.jl:229
┌ Debug: io = IOStream(<file ../logs/DEBUG_log_BLModel.log>)
└ @ Main /home/svendt/NNFeedbackOperations/src/nets03.jl:229
┌ Debug: lambda = 0.0005
└ @ Main /home/svendt/NNFeedbackOperations/src/nets03.jl:229
┌ Debug: learning_rate = 0.3
└ @ Main /home/svendt/NNFeedbackOperations/src/nets03.jl:229
┌ Debug: load_dataset = load_dataset
└ @ Main /home/svendt/NNFeedbackOperations/src/nets03.jl:229
┌ Debug: log_save_location = ../logs/
└ @ Main /home/svendt/NNFeedbackOperations/src/nets03.jl:229
┌ Debug: model_save_location = ../trainedModels/
└ @ Main /home/svendt/NNFeedbackOperations/src/nets03.jl:229
┌ Debug: momentum = 0.9
└ @ Main /home/svendt/NNFeedbackOperations/src/nets03.jl:229
┌ Debug: printout_interval = 1
└ @ Main /home/svendt/NNFeedbackOperations/src/nets03.jl:229
┌ Debug: test_folderpath_debris = ../digitclutter/digitdebris/testset/mat/
└ @ Main /home/svendt/NNFeedbackOperations/src/nets03.jl:229
┌ Debug: test_folderpath_digits = ../digitclutter/digitclutter/testset/mat/
└ @ Main /home/svendt/NNFeedbackOperations/src/nets03.jl:229
┌ Debug: time_format = HH:MM:SS
└ @ Main /home/svendt/NNFeedbackOperations/src/nets03.jl:229
┌ Debug: time_steps = 4
└ @ Main /home/svendt/NNFeedbackOperations/src/nets03.jl:229
┌ Debug: trainFeedforwardNet = trainFeedforwardNet
└ @ Main /home/svendt/NNFeedbackOperations/src/nets03.jl:229
┌ Debug: trainReccurentNet = trainReccurentNet
└ @ Main /home/svendt/NNFeedbackOperations/src/nets03.jl:229
┌ Debug: train_folderpath_debris = ../digitclutter/digitdebris/trainset/mat/
└ @ Main /home/svendt/NNFeedbackOperations/src/nets03.jl:229
┌ Debug: train_folderpath_digits = ../digitclutter/digitclutter/trainset/mat/
└ @ Main /home/svendt/NNFeedbackOperations/src/nets03.jl:229
┌ Debug: usegpu = true
└ @ Main /home/svendt/NNFeedbackOperations/src/nets03.jl:229
[20:23:58] Training BLModel with MNIST
┌ Debug: loading MNIST dataset
└ @ Main.dataManager /home/svendt/NNFeedbackOperations/src/dataManager.jl:99
┌ Debug: normalize dataset
└ @ Main.dataManager /home/svendt/NNFeedbackOperations/src/dataManager.jl:167
┌ Debug: Dimension of images (28, 28, 1, 50000)
└ @ Main.dataManager /home/svendt/NNFeedbackOperations/src/dataManager.jl:147
┌ Debug: Dimension of labels (50000,)
└ @ Main.dataManager /home/svendt/NNFeedbackOperations/src/dataManager.jl:148
┌ Debug: normalize dataset
└ @ Main.dataManager /home/svendt/NNFeedbackOperations/src/dataManager.jl:167
┌ Debug: Dimension of images (28, 28, 1, 10000)
└ @ Main.dataManager /home/svendt/NNFeedbackOperations/src/dataManager.jl:147
┌ Debug: Dimension of labels (10000,)
└ @ Main.dataManager /home/svendt/NNFeedbackOperations/src/dataManager.jl:148
┌ Debug: normalize dataset
└ @ Main.dataManager /home/svendt/NNFeedbackOperations/src/dataManager.jl:167
┌ Debug: Dimension of images (28, 28, 1, 10000)
└ @ Main.dataManager /home/svendt/NNFeedbackOperations/src/dataManager.jl:147
┌ Debug: Dimension of labels (10000,)
└ @ Main.dataManager /home/svendt/NNFeedbackOperations/src/dataManager.jl:148
┌ Debug: loaded 500 batches of size 100 for training
└ @ Main /home/svendt/NNFeedbackOperations/src/nets03.jl:114
┌ Debug: loaded 100 batches of size 100 for validation
└ @ Main /home/svendt/NNFeedbackOperations/src/nets03.jl:115
┌ Debug: loaded 100 batches of size 100 for testing
└ @ Main /home/svendt/NNFeedbackOperations/src/nets03.jl:116
[20:24:10] INIT with Accuracy(test_set): 0.0915 and Loss(test_set): 0.755219
[20:26:33] Epoch   1: Accuracy: 0.1577, Loss: 0.312625
[20:30:36] Epoch   2: Accuracy: 0.1300, Loss: 0.340234
[20:34:39] Epoch   3: Accuracy: 0.1020, Loss: 0.334056
[20:38:41] Epoch   4: Accuracy: 0.1136, Loss: 0.329715
[20:42:45] Epoch   5: Accuracy: 0.1020, Loss: 0.330907
[20:46:52] Epoch   6: Accuracy: 0.1326, Loss: 0.313593
[20:50:58] Epoch   7: Accuracy: 0.1136, Loss: 0.332924
[20:55:02] Epoch   8: Accuracy: 0.1136, Loss: 0.325806
[20:59:09] Epoch   9: Accuracy: 0.1035, Loss: 0.321124
[21:03:21] Epoch  10: Accuracy: 0.2092, Loss: 0.302332
[21:07:30] Epoch  11: Accuracy: 0.2087, Loss: 0.297555
[21:11:42] Epoch  12: Accuracy: 0.1136, Loss: 0.332997
[21:13:54] FINAL with Accuracy(test_set): 0.1064 and Loss(test_set): 0.332211

--------[16_08_2019 23:00:36]--------
┌ Debug: Base = Base
└ @ Main /home/svendt/NNFeedbackOperations/src/nets01.jl:229
┌ Debug: Core = Core
└ @ Main /home/svendt/NNFeedbackOperations/src/nets01.jl:229
┌ Debug: FBModel_names = ["BTModel", "BLModel", "BLTModel"]
└ @ Main /home/svendt/NNFeedbackOperations/src/nets01.jl:229
┌ Debug: FBModels = Dict("BTModel"=>:spoerer_model_bt,"BLModel"=>:spoerer_model_bl,"BLTModel"=>:spoerer_model_blt)
└ @ Main /home/svendt/NNFeedbackOperations/src/nets01.jl:229
┌ Debug: FFModel_names = Any[]
└ @ Main /home/svendt/NNFeedbackOperations/src/nets01.jl:229
┌ Debug: FFModels = Dict("BFModel"=>:spoerer_model_bf,"BKModel"=>:spoerer_model_bk,"BModel"=>:spoerer_model_b)
└ @ Main /home/svendt/NNFeedbackOperations/src/nets01.jl:229
┌ Debug: Main = Main
└ @ Main /home/svendt/NNFeedbackOperations/src/nets01.jl:229
┌ Debug: accuracy = Main.accuracy
└ @ Main /home/svendt/NNFeedbackOperations/src/nets01.jl:229
┌ Debug: adapt_learnrate = adapt_learnrate
└ @ Main /home/svendt/NNFeedbackOperations/src/nets01.jl:229
┌ Debug: batch_size = 100
└ @ Main /home/svendt/NNFeedbackOperations/src/nets01.jl:229
┌ Debug: dataManager = Main.dataManager
└ @ Main /home/svendt/NNFeedbackOperations/src/nets01.jl:229
┌ Debug: dataset_names = ["MNIST"]
└ @ Main /home/svendt/NNFeedbackOperations/src/nets01.jl:229
┌ Debug: date_format = dd_mm_yyyy
└ @ Main /home/svendt/NNFeedbackOperations/src/nets01.jl:229
┌ Debug: debug_str = DEBUG_
└ @ Main /home/svendt/NNFeedbackOperations/src/nets01.jl:229
┌ Debug: decay_rate = 0.1
└ @ Main /home/svendt/NNFeedbackOperations/src/nets01.jl:229
┌ Debug: decay_step = 40
└ @ Main /home/svendt/NNFeedbackOperations/src/nets01.jl:229
┌ Debug: epochs = 12
└ @ Main /home/svendt/NNFeedbackOperations/src/nets01.jl:229
┌ Debug: image_size = (28, 28)
└ @ Main /home/svendt/NNFeedbackOperations/src/nets01.jl:229
┌ Debug: init_learning_rate = 0.1
└ @ Main /home/svendt/NNFeedbackOperations/src/nets01.jl:229
┌ Debug: io = IOStream(<file ../logs/DEBUG_log_BLModel.log>)
└ @ Main /home/svendt/NNFeedbackOperations/src/nets01.jl:229
┌ Debug: lambda = 0.0005
└ @ Main /home/svendt/NNFeedbackOperations/src/nets01.jl:229
┌ Debug: learning_rate = 0.1
└ @ Main /home/svendt/NNFeedbackOperations/src/nets01.jl:229
┌ Debug: load_dataset = load_dataset
└ @ Main /home/svendt/NNFeedbackOperations/src/nets01.jl:229
┌ Debug: log_save_location = ../logs/
└ @ Main /home/svendt/NNFeedbackOperations/src/nets01.jl:229
┌ Debug: model_save_location = ../trainedModels/
└ @ Main /home/svendt/NNFeedbackOperations/src/nets01.jl:229
┌ Debug: momentum = 0.9
└ @ Main /home/svendt/NNFeedbackOperations/src/nets01.jl:229
┌ Debug: printout_interval = 1
└ @ Main /home/svendt/NNFeedbackOperations/src/nets01.jl:229
┌ Debug: test_folderpath_debris = ../digitclutter/digitdebris/testset/mat/
└ @ Main /home/svendt/NNFeedbackOperations/src/nets01.jl:229
┌ Debug: test_folderpath_digits = ../digitclutter/digitclutter/testset/mat/
└ @ Main /home/svendt/NNFeedbackOperations/src/nets01.jl:229
┌ Debug: time_format = HH:MM:SS
└ @ Main /home/svendt/NNFeedbackOperations/src/nets01.jl:229
┌ Debug: time_steps = 4
└ @ Main /home/svendt/NNFeedbackOperations/src/nets01.jl:229
┌ Debug: trainFeedforwardNet = trainFeedforwardNet
└ @ Main /home/svendt/NNFeedbackOperations/src/nets01.jl:229
┌ Debug: trainReccurentNet = trainReccurentNet
└ @ Main /home/svendt/NNFeedbackOperations/src/nets01.jl:229
┌ Debug: train_folderpath_debris = ../digitclutter/digitdebris/trainset/mat/
└ @ Main /home/svendt/NNFeedbackOperations/src/nets01.jl:229
┌ Debug: train_folderpath_digits = ../digitclutter/digitclutter/trainset/mat/
└ @ Main /home/svendt/NNFeedbackOperations/src/nets01.jl:229
┌ Debug: usegpu = true
└ @ Main /home/svendt/NNFeedbackOperations/src/nets01.jl:229
[23:00:36] Training BLModel with MNIST
┌ Debug: loading MNIST dataset
└ @ Main.dataManager /home/svendt/NNFeedbackOperations/src/dataManager.jl:99
┌ Debug: normalize dataset
└ @ Main.dataManager /home/svendt/NNFeedbackOperations/src/dataManager.jl:167
┌ Debug: Dimension of images (28, 28, 1, 50000)
└ @ Main.dataManager /home/svendt/NNFeedbackOperations/src/dataManager.jl:147
┌ Debug: Dimension of labels (50000,)
└ @ Main.dataManager /home/svendt/NNFeedbackOperations/src/dataManager.jl:148
┌ Debug: normalize dataset
└ @ Main.dataManager /home/svendt/NNFeedbackOperations/src/dataManager.jl:167
┌ Debug: Dimension of images (28, 28, 1, 10000)
└ @ Main.dataManager /home/svendt/NNFeedbackOperations/src/dataManager.jl:147
┌ Debug: Dimension of labels (10000,)
└ @ Main.dataManager /home/svendt/NNFeedbackOperations/src/dataManager.jl:148
┌ Debug: normalize dataset
└ @ Main.dataManager /home/svendt/NNFeedbackOperations/src/dataManager.jl:167
┌ Debug: Dimension of images (28, 28, 1, 10000)
└ @ Main.dataManager /home/svendt/NNFeedbackOperations/src/dataManager.jl:147
┌ Debug: Dimension of labels (10000,)
└ @ Main.dataManager /home/svendt/NNFeedbackOperations/src/dataManager.jl:148
┌ Debug: loaded 500 batches of size 100 for training
└ @ Main /home/svendt/NNFeedbackOperations/src/nets01.jl:114
┌ Debug: loaded 100 batches of size 100 for validation
└ @ Main /home/svendt/NNFeedbackOperations/src/nets01.jl:115
┌ Debug: loaded 100 batches of size 100 for testing
└ @ Main /home/svendt/NNFeedbackOperations/src/nets01.jl:116
[23:00:49] INIT with Accuracy(test_set): 0.1090 and Loss(test_set): 0.824659
[23:03:12] Epoch   1: Accuracy: 0.4992, Loss: 0.271385
[23:07:18] Epoch   2: Accuracy: 0.4535, Loss: 0.265837
[23:11:23] Epoch   3: Accuracy: 0.4354, Loss: 0.259466
[23:15:26] Epoch   4: Accuracy: 0.5129, Loss: 0.236792
[23:19:32] Epoch   5: Accuracy: 0.5114, Loss: 0.251337
[23:23:40] Epoch   6: Accuracy: 0.2563, Loss: 0.297954
[23:27:43] Epoch   7: Accuracy: 0.4776, Loss: 0.260858
[23:31:50] Epoch   8: Accuracy: 0.4663, Loss: 0.260426
[23:35:59] Epoch   9: Accuracy: 0.4222, Loss: 0.261800
[23:40:10] Epoch  10: Accuracy: 0.3905, Loss: 0.268860
[23:44:22] Epoch  11: Accuracy: 0.4381, Loss: 0.264229
[23:48:35] Epoch  12: Accuracy: 0.4490, Loss: 0.263270
[23:50:45] FINAL with Accuracy(test_set): 0.4462 and Loss(test_set): 0.262555

--------[17_08_2019 01:37:57]--------
┌ Debug: Base = Base
└ @ Main /home/svendt/NNFeedbackOperations/src/nets003.jl:229
┌ Debug: Core = Core
└ @ Main /home/svendt/NNFeedbackOperations/src/nets003.jl:229
┌ Debug: FBModel_names = ["BTModel", "BLModel", "BLTModel"]
└ @ Main /home/svendt/NNFeedbackOperations/src/nets003.jl:229
┌ Debug: FBModels = Dict("BTModel"=>:spoerer_model_bt,"BLModel"=>:spoerer_model_bl,"BLTModel"=>:spoerer_model_blt)
└ @ Main /home/svendt/NNFeedbackOperations/src/nets003.jl:229
┌ Debug: FFModel_names = Any[]
└ @ Main /home/svendt/NNFeedbackOperations/src/nets003.jl:229
┌ Debug: FFModels = Dict("BFModel"=>:spoerer_model_bf,"BKModel"=>:spoerer_model_bk,"BModel"=>:spoerer_model_b)
└ @ Main /home/svendt/NNFeedbackOperations/src/nets003.jl:229
┌ Debug: Main = Main
└ @ Main /home/svendt/NNFeedbackOperations/src/nets003.jl:229
┌ Debug: accuracy = Main.accuracy
└ @ Main /home/svendt/NNFeedbackOperations/src/nets003.jl:229
┌ Debug: adapt_learnrate = adapt_learnrate
└ @ Main /home/svendt/NNFeedbackOperations/src/nets003.jl:229
┌ Debug: batch_size = 100
└ @ Main /home/svendt/NNFeedbackOperations/src/nets003.jl:229
┌ Debug: dataManager = Main.dataManager
└ @ Main /home/svendt/NNFeedbackOperations/src/nets003.jl:229
┌ Debug: dataset_names = ["MNIST"]
└ @ Main /home/svendt/NNFeedbackOperations/src/nets003.jl:229
┌ Debug: date_format = dd_mm_yyyy
└ @ Main /home/svendt/NNFeedbackOperations/src/nets003.jl:229
┌ Debug: debug_str = DEBUG_
└ @ Main /home/svendt/NNFeedbackOperations/src/nets003.jl:229
┌ Debug: decay_rate = 0.1
└ @ Main /home/svendt/NNFeedbackOperations/src/nets003.jl:229
┌ Debug: decay_step = 40
└ @ Main /home/svendt/NNFeedbackOperations/src/nets003.jl:229
┌ Debug: epochs = 12
└ @ Main /home/svendt/NNFeedbackOperations/src/nets003.jl:229
┌ Debug: image_size = (28, 28)
└ @ Main /home/svendt/NNFeedbackOperations/src/nets003.jl:229
┌ Debug: init_learning_rate = 0.03
└ @ Main /home/svendt/NNFeedbackOperations/src/nets003.jl:229
┌ Debug: io = IOStream(<file ../logs/DEBUG_log_BLModel.log>)
└ @ Main /home/svendt/NNFeedbackOperations/src/nets003.jl:229
┌ Debug: lambda = 0.0005
└ @ Main /home/svendt/NNFeedbackOperations/src/nets003.jl:229
┌ Debug: learning_rate = 0.03
└ @ Main /home/svendt/NNFeedbackOperations/src/nets003.jl:229
┌ Debug: load_dataset = load_dataset
└ @ Main /home/svendt/NNFeedbackOperations/src/nets003.jl:229
┌ Debug: log_save_location = ../logs/
└ @ Main /home/svendt/NNFeedbackOperations/src/nets003.jl:229
┌ Debug: model_save_location = ../trainedModels/
└ @ Main /home/svendt/NNFeedbackOperations/src/nets003.jl:229
┌ Debug: momentum = 0.9
└ @ Main /home/svendt/NNFeedbackOperations/src/nets003.jl:229
┌ Debug: printout_interval = 1
└ @ Main /home/svendt/NNFeedbackOperations/src/nets003.jl:229
┌ Debug: test_folderpath_debris = ../digitclutter/digitdebris/testset/mat/
└ @ Main /home/svendt/NNFeedbackOperations/src/nets003.jl:229
┌ Debug: test_folderpath_digits = ../digitclutter/digitclutter/testset/mat/
└ @ Main /home/svendt/NNFeedbackOperations/src/nets003.jl:229
┌ Debug: time_format = HH:MM:SS
└ @ Main /home/svendt/NNFeedbackOperations/src/nets003.jl:229
┌ Debug: time_steps = 4
└ @ Main /home/svendt/NNFeedbackOperations/src/nets003.jl:229
┌ Debug: trainFeedforwardNet = trainFeedforwardNet
└ @ Main /home/svendt/NNFeedbackOperations/src/nets003.jl:229
┌ Debug: trainReccurentNet = trainReccurentNet
└ @ Main /home/svendt/NNFeedbackOperations/src/nets003.jl:229
┌ Debug: train_folderpath_debris = ../digitclutter/digitdebris/trainset/mat/
└ @ Main /home/svendt/NNFeedbackOperations/src/nets003.jl:229
┌ Debug: train_folderpath_digits = ../digitclutter/digitclutter/trainset/mat/
└ @ Main /home/svendt/NNFeedbackOperations/src/nets003.jl:229
┌ Debug: usegpu = true
└ @ Main /home/svendt/NNFeedbackOperations/src/nets003.jl:229
[01:37:57] Training BLModel with MNIST
┌ Debug: loading MNIST dataset
└ @ Main.dataManager /home/svendt/NNFeedbackOperations/src/dataManager.jl:99
┌ Debug: normalize dataset
└ @ Main.dataManager /home/svendt/NNFeedbackOperations/src/dataManager.jl:167
┌ Debug: Dimension of images (28, 28, 1, 50000)
└ @ Main.dataManager /home/svendt/NNFeedbackOperations/src/dataManager.jl:147
┌ Debug: Dimension of labels (50000,)
└ @ Main.dataManager /home/svendt/NNFeedbackOperations/src/dataManager.jl:148
┌ Debug: normalize dataset
└ @ Main.dataManager /home/svendt/NNFeedbackOperations/src/dataManager.jl:167
┌ Debug: Dimension of images (28, 28, 1, 10000)
└ @ Main.dataManager /home/svendt/NNFeedbackOperations/src/dataManager.jl:147
┌ Debug: Dimension of labels (10000,)
└ @ Main.dataManager /home/svendt/NNFeedbackOperations/src/dataManager.jl:148
┌ Debug: normalize dataset
└ @ Main.dataManager /home/svendt/NNFeedbackOperations/src/dataManager.jl:167
┌ Debug: Dimension of images (28, 28, 1, 10000)
└ @ Main.dataManager /home/svendt/NNFeedbackOperations/src/dataManager.jl:147
┌ Debug: Dimension of labels (10000,)
└ @ Main.dataManager /home/svendt/NNFeedbackOperations/src/dataManager.jl:148
┌ Debug: loaded 500 batches of size 100 for training
└ @ Main /home/svendt/NNFeedbackOperations/src/nets003.jl:114
┌ Debug: loaded 100 batches of size 100 for validation
└ @ Main /home/svendt/NNFeedbackOperations/src/nets003.jl:115
┌ Debug: loaded 100 batches of size 100 for testing
└ @ Main /home/svendt/NNFeedbackOperations/src/nets003.jl:116
[01:38:09] INIT with Accuracy(test_set): 0.0915 and Loss(test_set): 0.904031
[01:40:30] Epoch   1: Accuracy: 0.5462, Loss: 0.297036
[01:44:32] Epoch   2: Accuracy: 0.6366, Loss: 0.257015
[01:48:35] Epoch   3: Accuracy: 0.7253, Loss: 0.231298
[01:52:39] Epoch   4: Accuracy: 0.7540, Loss: 0.216204
[01:56:43] Epoch   5: Accuracy: 0.7810, Loss: 0.202024
[02:00:50] Epoch   6: Accuracy: 0.7421, Loss: 0.203532
[02:04:57] Epoch   7: Accuracy: 0.8093, Loss: 0.187497
[02:09:03] Epoch   8: Accuracy: 0.8195, Loss: 0.183723
[02:13:10] Epoch   9: Accuracy: 0.7691, Loss: 0.181125
[02:17:18] Epoch  10: Accuracy: 0.7731, Loss: 0.185691
[02:21:29] Epoch  11: Accuracy: 0.8279, Loss: 0.171446
[02:25:42] Epoch  12: Accuracy: 0.8183, Loss: 0.169811
[02:27:54] FINAL with Accuracy(test_set): 0.8316 and Loss(test_set): 0.166784

--------[17_08_2019 04:14:02]--------
┌ Debug: Base = Base
└ @ Main /home/svendt/NNFeedbackOperations/src/nets001.jl:229
┌ Debug: Core = Core
└ @ Main /home/svendt/NNFeedbackOperations/src/nets001.jl:229
┌ Debug: FBModel_names = ["BTModel", "BLModel", "BLTModel"]
└ @ Main /home/svendt/NNFeedbackOperations/src/nets001.jl:229
┌ Debug: FBModels = Dict("BTModel"=>:spoerer_model_bt,"BLModel"=>:spoerer_model_bl,"BLTModel"=>:spoerer_model_blt)
└ @ Main /home/svendt/NNFeedbackOperations/src/nets001.jl:229
┌ Debug: FFModel_names = Any[]
└ @ Main /home/svendt/NNFeedbackOperations/src/nets001.jl:229
┌ Debug: FFModels = Dict("BFModel"=>:spoerer_model_bf,"BKModel"=>:spoerer_model_bk,"BModel"=>:spoerer_model_b)
└ @ Main /home/svendt/NNFeedbackOperations/src/nets001.jl:229
┌ Debug: Main = Main
└ @ Main /home/svendt/NNFeedbackOperations/src/nets001.jl:229
┌ Debug: accuracy = Main.accuracy
└ @ Main /home/svendt/NNFeedbackOperations/src/nets001.jl:229
┌ Debug: adapt_learnrate = adapt_learnrate
└ @ Main /home/svendt/NNFeedbackOperations/src/nets001.jl:229
┌ Debug: batch_size = 100
└ @ Main /home/svendt/NNFeedbackOperations/src/nets001.jl:229
┌ Debug: dataManager = Main.dataManager
└ @ Main /home/svendt/NNFeedbackOperations/src/nets001.jl:229
┌ Debug: dataset_names = ["MNIST"]
└ @ Main /home/svendt/NNFeedbackOperations/src/nets001.jl:229
┌ Debug: date_format = dd_mm_yyyy
└ @ Main /home/svendt/NNFeedbackOperations/src/nets001.jl:229
┌ Debug: debug_str = DEBUG_
└ @ Main /home/svendt/NNFeedbackOperations/src/nets001.jl:229
┌ Debug: decay_rate = 0.1
└ @ Main /home/svendt/NNFeedbackOperations/src/nets001.jl:229
┌ Debug: decay_step = 40
└ @ Main /home/svendt/NNFeedbackOperations/src/nets001.jl:229
┌ Debug: epochs = 12
└ @ Main /home/svendt/NNFeedbackOperations/src/nets001.jl:229
┌ Debug: image_size = (28, 28)
└ @ Main /home/svendt/NNFeedbackOperations/src/nets001.jl:229
┌ Debug: init_learning_rate = 0.01
└ @ Main /home/svendt/NNFeedbackOperations/src/nets001.jl:229
┌ Debug: io = IOStream(<file ../logs/DEBUG_log_BLModel.log>)
└ @ Main /home/svendt/NNFeedbackOperations/src/nets001.jl:229
┌ Debug: lambda = 0.0005
└ @ Main /home/svendt/NNFeedbackOperations/src/nets001.jl:229
┌ Debug: learning_rate = 0.01
└ @ Main /home/svendt/NNFeedbackOperations/src/nets001.jl:229
┌ Debug: load_dataset = load_dataset
└ @ Main /home/svendt/NNFeedbackOperations/src/nets001.jl:229
┌ Debug: log_save_location = ../logs/
└ @ Main /home/svendt/NNFeedbackOperations/src/nets001.jl:229
┌ Debug: model_save_location = ../trainedModels/
└ @ Main /home/svendt/NNFeedbackOperations/src/nets001.jl:229
┌ Debug: momentum = 0.9
└ @ Main /home/svendt/NNFeedbackOperations/src/nets001.jl:229
┌ Debug: printout_interval = 1
└ @ Main /home/svendt/NNFeedbackOperations/src/nets001.jl:229
┌ Debug: test_folderpath_debris = ../digitclutter/digitdebris/testset/mat/
└ @ Main /home/svendt/NNFeedbackOperations/src/nets001.jl:229
┌ Debug: test_folderpath_digits = ../digitclutter/digitclutter/testset/mat/
└ @ Main /home/svendt/NNFeedbackOperations/src/nets001.jl:229
┌ Debug: time_format = HH:MM:SS
└ @ Main /home/svendt/NNFeedbackOperations/src/nets001.jl:229
┌ Debug: time_steps = 4
└ @ Main /home/svendt/NNFeedbackOperations/src/nets001.jl:229
┌ Debug: trainFeedforwardNet = trainFeedforwardNet
└ @ Main /home/svendt/NNFeedbackOperations/src/nets001.jl:229
┌ Debug: trainReccurentNet = trainReccurentNet
└ @ Main /home/svendt/NNFeedbackOperations/src/nets001.jl:229
┌ Debug: train_folderpath_debris = ../digitclutter/digitdebris/trainset/mat/
└ @ Main /home/svendt/NNFeedbackOperations/src/nets001.jl:229
┌ Debug: train_folderpath_digits = ../digitclutter/digitclutter/trainset/mat/
└ @ Main /home/svendt/NNFeedbackOperations/src/nets001.jl:229
┌ Debug: usegpu = true
└ @ Main /home/svendt/NNFeedbackOperations/src/nets001.jl:229
[04:14:02] Training BLModel with MNIST
┌ Debug: loading MNIST dataset
└ @ Main.dataManager /home/svendt/NNFeedbackOperations/src/dataManager.jl:99
┌ Debug: normalize dataset
└ @ Main.dataManager /home/svendt/NNFeedbackOperations/src/dataManager.jl:167
┌ Debug: Dimension of images (28, 28, 1, 50000)
└ @ Main.dataManager /home/svendt/NNFeedbackOperations/src/dataManager.jl:147
┌ Debug: Dimension of labels (50000,)
└ @ Main.dataManager /home/svendt/NNFeedbackOperations/src/dataManager.jl:148
┌ Debug: normalize dataset
└ @ Main.dataManager /home/svendt/NNFeedbackOperations/src/dataManager.jl:167
┌ Debug: Dimension of images (28, 28, 1, 10000)
└ @ Main.dataManager /home/svendt/NNFeedbackOperations/src/dataManager.jl:147
┌ Debug: Dimension of labels (10000,)
└ @ Main.dataManager /home/svendt/NNFeedbackOperations/src/dataManager.jl:148
┌ Debug: normalize dataset
└ @ Main.dataManager /home/svendt/NNFeedbackOperations/src/dataManager.jl:167
┌ Debug: Dimension of images (28, 28, 1, 10000)
└ @ Main.dataManager /home/svendt/NNFeedbackOperations/src/dataManager.jl:147
┌ Debug: Dimension of labels (10000,)
└ @ Main.dataManager /home/svendt/NNFeedbackOperations/src/dataManager.jl:148
┌ Debug: loaded 500 batches of size 100 for training
└ @ Main /home/svendt/NNFeedbackOperations/src/nets001.jl:114
┌ Debug: loaded 100 batches of size 100 for validation
└ @ Main /home/svendt/NNFeedbackOperations/src/nets001.jl:115
┌ Debug: loaded 100 batches of size 100 for testing
└ @ Main /home/svendt/NNFeedbackOperations/src/nets001.jl:116
[04:14:14] INIT with Accuracy(test_set): 0.0983 and Loss(test_set): 0.914076
[04:16:36] Epoch   1: Accuracy: 0.3172, Loss: 0.340414
[04:20:37] Epoch   2: Accuracy: 0.4807, Loss: 0.326817
[04:24:39] Epoch   3: Accuracy: 0.5613, Loss: 0.313557
[04:28:38] Epoch   4: Accuracy: 0.6056, Loss: 0.299104
[04:32:39] Epoch   5: Accuracy: 0.6298, Loss: 0.286792
[04:36:44] Epoch   6: Accuracy: 0.6575, Loss: 0.276280
[04:40:48] Epoch   7: Accuracy: 0.6939, Loss: 0.267131
[04:44:50] Epoch   8: Accuracy: 0.7216, Loss: 0.260244
[04:48:57] Epoch   9: Accuracy: 0.7184, Loss: 0.251790
[04:53:09] Epoch  10: Accuracy: 0.7240, Loss: 0.246150
[04:57:29] Epoch  11: Accuracy: 0.7452, Loss: 0.242184
[05:01:43] Epoch  12: Accuracy: 0.7449, Loss: 0.236242
[05:03:59] FINAL with Accuracy(test_set): 0.7559 and Loss(test_set): 0.234407

--------[17_08_2019 06:53:29]--------
┌ Debug: Base = Base
└ @ Main /home/svendt/NNFeedbackOperations/src/nets0002.jl:229
┌ Debug: Core = Core
└ @ Main /home/svendt/NNFeedbackOperations/src/nets0002.jl:229
┌ Debug: FBModel_names = ["BTModel", "BLModel", "BLTModel"]
└ @ Main /home/svendt/NNFeedbackOperations/src/nets0002.jl:229
┌ Debug: FBModels = Dict("BTModel"=>:spoerer_model_bt,"BLModel"=>:spoerer_model_bl,"BLTModel"=>:spoerer_model_blt)
└ @ Main /home/svendt/NNFeedbackOperations/src/nets0002.jl:229
┌ Debug: FFModel_names = Any[]
└ @ Main /home/svendt/NNFeedbackOperations/src/nets0002.jl:229
┌ Debug: FFModels = Dict("BFModel"=>:spoerer_model_bf,"BKModel"=>:spoerer_model_bk,"BModel"=>:spoerer_model_b)
└ @ Main /home/svendt/NNFeedbackOperations/src/nets0002.jl:229
┌ Debug: Main = Main
└ @ Main /home/svendt/NNFeedbackOperations/src/nets0002.jl:229
┌ Debug: accuracy = Main.accuracy
└ @ Main /home/svendt/NNFeedbackOperations/src/nets0002.jl:229
┌ Debug: adapt_learnrate = adapt_learnrate
└ @ Main /home/svendt/NNFeedbackOperations/src/nets0002.jl:229
┌ Debug: batch_size = 100
└ @ Main /home/svendt/NNFeedbackOperations/src/nets0002.jl:229
┌ Debug: dataManager = Main.dataManager
└ @ Main /home/svendt/NNFeedbackOperations/src/nets0002.jl:229
┌ Debug: dataset_names = ["MNIST"]
└ @ Main /home/svendt/NNFeedbackOperations/src/nets0002.jl:229
┌ Debug: date_format = dd_mm_yyyy
└ @ Main /home/svendt/NNFeedbackOperations/src/nets0002.jl:229
┌ Debug: debug_str = DEBUG_
└ @ Main /home/svendt/NNFeedbackOperations/src/nets0002.jl:229
┌ Debug: decay_rate = 0.1
└ @ Main /home/svendt/NNFeedbackOperations/src/nets0002.jl:229
┌ Debug: decay_step = 40
└ @ Main /home/svendt/NNFeedbackOperations/src/nets0002.jl:229
┌ Debug: epochs = 12
└ @ Main /home/svendt/NNFeedbackOperations/src/nets0002.jl:229
┌ Debug: image_size = (28, 28)
└ @ Main /home/svendt/NNFeedbackOperations/src/nets0002.jl:229
┌ Debug: init_learning_rate = 0.002
└ @ Main /home/svendt/NNFeedbackOperations/src/nets0002.jl:229
┌ Debug: io = IOStream(<file ../logs/DEBUG_log_BLModel.log>)
└ @ Main /home/svendt/NNFeedbackOperations/src/nets0002.jl:229
┌ Debug: lambda = 0.0005
└ @ Main /home/svendt/NNFeedbackOperations/src/nets0002.jl:229
┌ Debug: learning_rate = 0.002
└ @ Main /home/svendt/NNFeedbackOperations/src/nets0002.jl:229
┌ Debug: load_dataset = load_dataset
└ @ Main /home/svendt/NNFeedbackOperations/src/nets0002.jl:229
┌ Debug: log_save_location = ../logs/
└ @ Main /home/svendt/NNFeedbackOperations/src/nets0002.jl:229
┌ Debug: model_save_location = ../trainedModels/
└ @ Main /home/svendt/NNFeedbackOperations/src/nets0002.jl:229
┌ Debug: momentum = 0.9
└ @ Main /home/svendt/NNFeedbackOperations/src/nets0002.jl:229
┌ Debug: printout_interval = 1
└ @ Main /home/svendt/NNFeedbackOperations/src/nets0002.jl:229
┌ Debug: test_folderpath_debris = ../digitclutter/digitdebris/testset/mat/
└ @ Main /home/svendt/NNFeedbackOperations/src/nets0002.jl:229
┌ Debug: test_folderpath_digits = ../digitclutter/digitclutter/testset/mat/
└ @ Main /home/svendt/NNFeedbackOperations/src/nets0002.jl:229
┌ Debug: time_format = HH:MM:SS
└ @ Main /home/svendt/NNFeedbackOperations/src/nets0002.jl:229
┌ Debug: time_steps = 4
└ @ Main /home/svendt/NNFeedbackOperations/src/nets0002.jl:229
┌ Debug: trainFeedforwardNet = trainFeedforwardNet
└ @ Main /home/svendt/NNFeedbackOperations/src/nets0002.jl:229
┌ Debug: trainReccurentNet = trainReccurentNet
└ @ Main /home/svendt/NNFeedbackOperations/src/nets0002.jl:229
┌ Debug: train_folderpath_debris = ../digitclutter/digitdebris/trainset/mat/
└ @ Main /home/svendt/NNFeedbackOperations/src/nets0002.jl:229
┌ Debug: train_folderpath_digits = ../digitclutter/digitclutter/trainset/mat/
└ @ Main /home/svendt/NNFeedbackOperations/src/nets0002.jl:229
┌ Debug: usegpu = true
└ @ Main /home/svendt/NNFeedbackOperations/src/nets0002.jl:229
[06:53:29] Training BLModel with MNIST
┌ Debug: loading MNIST dataset
└ @ Main.dataManager /home/svendt/NNFeedbackOperations/src/dataManager.jl:99
┌ Debug: normalize dataset
└ @ Main.dataManager /home/svendt/NNFeedbackOperations/src/dataManager.jl:167
┌ Debug: Dimension of images (28, 28, 1, 50000)
└ @ Main.dataManager /home/svendt/NNFeedbackOperations/src/dataManager.jl:147
┌ Debug: Dimension of labels (50000,)
└ @ Main.dataManager /home/svendt/NNFeedbackOperations/src/dataManager.jl:148
┌ Debug: normalize dataset
└ @ Main.dataManager /home/svendt/NNFeedbackOperations/src/dataManager.jl:167
┌ Debug: Dimension of images (28, 28, 1, 10000)
└ @ Main.dataManager /home/svendt/NNFeedbackOperations/src/dataManager.jl:147
┌ Debug: Dimension of labels (10000,)
└ @ Main.dataManager /home/svendt/NNFeedbackOperations/src/dataManager.jl:148
┌ Debug: normalize dataset
└ @ Main.dataManager /home/svendt/NNFeedbackOperations/src/dataManager.jl:167
┌ Debug: Dimension of images (28, 28, 1, 10000)
└ @ Main.dataManager /home/svendt/NNFeedbackOperations/src/dataManager.jl:147
┌ Debug: Dimension of labels (10000,)
└ @ Main.dataManager /home/svendt/NNFeedbackOperations/src/dataManager.jl:148
┌ Debug: loaded 500 batches of size 100 for training
└ @ Main /home/svendt/NNFeedbackOperations/src/nets0002.jl:114
┌ Debug: loaded 100 batches of size 100 for validation
└ @ Main /home/svendt/NNFeedbackOperations/src/nets0002.jl:115
┌ Debug: loaded 100 batches of size 100 for testing
└ @ Main /home/svendt/NNFeedbackOperations/src/nets0002.jl:116
[06:53:42] INIT with Accuracy(test_set): 0.0881 and Loss(test_set): 0.680386
[06:56:10] Epoch   1: Accuracy: 0.1216, Loss: 0.352107
[07:00:21] Epoch   2: Accuracy: 0.1350, Loss: 0.349710
[07:04:34] Epoch   3: Accuracy: 0.1884, Loss: 0.347370
[07:08:50] Epoch   4: Accuracy: 0.2608, Loss: 0.345003
[07:13:05] Epoch   5: Accuracy: 0.2896, Loss: 0.342826
[07:17:23] Epoch   6: Accuracy: 0.3236, Loss: 0.341135
[07:21:41] Epoch   7: Accuracy: 0.3474, Loss: 0.339611
[07:25:55] Epoch   8: Accuracy: 0.3707, Loss: 0.338010
[07:30:17] Epoch   9: Accuracy: 0.3972, Loss: 0.336328
[07:34:38] Epoch  10: Accuracy: 0.4070, Loss: 0.334940
[07:39:00] Epoch  11: Accuracy: 0.4177, Loss: 0.333686
[07:43:19] Epoch  12: Accuracy: 0.4290, Loss: 0.332129
[07:45:38] FINAL with Accuracy(test_set): 0.4345 and Loss(test_set): 0.331742

--------[17_08_2019 09:34:54]--------
┌ Debug: Base = Base
└ @ Main /home/svendt/NNFeedbackOperations/src/nets0001.jl:229
┌ Debug: Core = Core
└ @ Main /home/svendt/NNFeedbackOperations/src/nets0001.jl:229
┌ Debug: FBModel_names = ["BTModel", "BLModel", "BLTModel"]
└ @ Main /home/svendt/NNFeedbackOperations/src/nets0001.jl:229
┌ Debug: FBModels = Dict("BTModel"=>:spoerer_model_bt,"BLModel"=>:spoerer_model_bl,"BLTModel"=>:spoerer_model_blt)
└ @ Main /home/svendt/NNFeedbackOperations/src/nets0001.jl:229
┌ Debug: FFModel_names = Any[]
└ @ Main /home/svendt/NNFeedbackOperations/src/nets0001.jl:229
┌ Debug: FFModels = Dict("BFModel"=>:spoerer_model_bf,"BKModel"=>:spoerer_model_bk,"BModel"=>:spoerer_model_b)
└ @ Main /home/svendt/NNFeedbackOperations/src/nets0001.jl:229
┌ Debug: Main = Main
└ @ Main /home/svendt/NNFeedbackOperations/src/nets0001.jl:229
┌ Debug: accuracy = Main.accuracy
└ @ Main /home/svendt/NNFeedbackOperations/src/nets0001.jl:229
┌ Debug: adapt_learnrate = adapt_learnrate
└ @ Main /home/svendt/NNFeedbackOperations/src/nets0001.jl:229
┌ Debug: batch_size = 100
└ @ Main /home/svendt/NNFeedbackOperations/src/nets0001.jl:229
┌ Debug: dataManager = Main.dataManager
└ @ Main /home/svendt/NNFeedbackOperations/src/nets0001.jl:229
┌ Debug: dataset_names = ["MNIST"]
└ @ Main /home/svendt/NNFeedbackOperations/src/nets0001.jl:229
┌ Debug: date_format = dd_mm_yyyy
└ @ Main /home/svendt/NNFeedbackOperations/src/nets0001.jl:229
┌ Debug: debug_str = DEBUG_
└ @ Main /home/svendt/NNFeedbackOperations/src/nets0001.jl:229
┌ Debug: decay_rate = 0.1
└ @ Main /home/svendt/NNFeedbackOperations/src/nets0001.jl:229
┌ Debug: decay_step = 40
└ @ Main /home/svendt/NNFeedbackOperations/src/nets0001.jl:229
┌ Debug: epochs = 12
└ @ Main /home/svendt/NNFeedbackOperations/src/nets0001.jl:229
┌ Debug: image_size = (28, 28)
└ @ Main /home/svendt/NNFeedbackOperations/src/nets0001.jl:229
┌ Debug: init_learning_rate = 0.001
└ @ Main /home/svendt/NNFeedbackOperations/src/nets0001.jl:229
┌ Debug: io = IOStream(<file ../logs/DEBUG_log_BLModel.log>)
└ @ Main /home/svendt/NNFeedbackOperations/src/nets0001.jl:229
┌ Debug: lambda = 0.0005
└ @ Main /home/svendt/NNFeedbackOperations/src/nets0001.jl:229
┌ Debug: learning_rate = 0.001
└ @ Main /home/svendt/NNFeedbackOperations/src/nets0001.jl:229
┌ Debug: load_dataset = load_dataset
└ @ Main /home/svendt/NNFeedbackOperations/src/nets0001.jl:229
┌ Debug: log_save_location = ../logs/
└ @ Main /home/svendt/NNFeedbackOperations/src/nets0001.jl:229
┌ Debug: model_save_location = ../trainedModels/
└ @ Main /home/svendt/NNFeedbackOperations/src/nets0001.jl:229
┌ Debug: momentum = 0.9
└ @ Main /home/svendt/NNFeedbackOperations/src/nets0001.jl:229
┌ Debug: printout_interval = 1
└ @ Main /home/svendt/NNFeedbackOperations/src/nets0001.jl:229
┌ Debug: test_folderpath_debris = ../digitclutter/digitdebris/testset/mat/
└ @ Main /home/svendt/NNFeedbackOperations/src/nets0001.jl:229
┌ Debug: test_folderpath_digits = ../digitclutter/digitclutter/testset/mat/
└ @ Main /home/svendt/NNFeedbackOperations/src/nets0001.jl:229
┌ Debug: time_format = HH:MM:SS
└ @ Main /home/svendt/NNFeedbackOperations/src/nets0001.jl:229
┌ Debug: time_steps = 4
└ @ Main /home/svendt/NNFeedbackOperations/src/nets0001.jl:229
┌ Debug: trainFeedforwardNet = trainFeedforwardNet
└ @ Main /home/svendt/NNFeedbackOperations/src/nets0001.jl:229
┌ Debug: trainReccurentNet = trainReccurentNet
└ @ Main /home/svendt/NNFeedbackOperations/src/nets0001.jl:229
┌ Debug: train_folderpath_debris = ../digitclutter/digitdebris/trainset/mat/
└ @ Main /home/svendt/NNFeedbackOperations/src/nets0001.jl:229
┌ Debug: train_folderpath_digits = ../digitclutter/digitclutter/trainset/mat/
└ @ Main /home/svendt/NNFeedbackOperations/src/nets0001.jl:229
┌ Debug: usegpu = true
└ @ Main /home/svendt/NNFeedbackOperations/src/nets0001.jl:229
[09:34:54] Training BLModel with MNIST
┌ Debug: loading MNIST dataset
└ @ Main.dataManager /home/svendt/NNFeedbackOperations/src/dataManager.jl:99
┌ Debug: normalize dataset
└ @ Main.dataManager /home/svendt/NNFeedbackOperations/src/dataManager.jl:167
┌ Debug: Dimension of images (28, 28, 1, 50000)
└ @ Main.dataManager /home/svendt/NNFeedbackOperations/src/dataManager.jl:147
┌ Debug: Dimension of labels (50000,)
└ @ Main.dataManager /home/svendt/NNFeedbackOperations/src/dataManager.jl:148
┌ Debug: normalize dataset
└ @ Main.dataManager /home/svendt/NNFeedbackOperations/src/dataManager.jl:167
┌ Debug: Dimension of images (28, 28, 1, 10000)
└ @ Main.dataManager /home/svendt/NNFeedbackOperations/src/dataManager.jl:147
┌ Debug: Dimension of labels (10000,)
└ @ Main.dataManager /home/svendt/NNFeedbackOperations/src/dataManager.jl:148
┌ Debug: normalize dataset
└ @ Main.dataManager /home/svendt/NNFeedbackOperations/src/dataManager.jl:167
┌ Debug: Dimension of images (28, 28, 1, 10000)
└ @ Main.dataManager /home/svendt/NNFeedbackOperations/src/dataManager.jl:147
┌ Debug: Dimension of labels (10000,)
└ @ Main.dataManager /home/svendt/NNFeedbackOperations/src/dataManager.jl:148
┌ Debug: loaded 500 batches of size 100 for training
└ @ Main /home/svendt/NNFeedbackOperations/src/nets0001.jl:114
┌ Debug: loaded 100 batches of size 100 for validation
└ @ Main /home/svendt/NNFeedbackOperations/src/nets0001.jl:115
┌ Debug: loaded 100 batches of size 100 for testing
└ @ Main /home/svendt/NNFeedbackOperations/src/nets0001.jl:116
[09:35:06] INIT with Accuracy(test_set): 0.0932 and Loss(test_set): 0.885857
[09:37:31] Epoch   1: Accuracy: 0.1155, Loss: 0.360649
[09:41:34] Epoch   2: Accuracy: 0.1602, Loss: 0.353266
[09:45:38] Epoch   3: Accuracy: 0.1933, Loss: 0.351645
[09:49:43] Epoch   4: Accuracy: 0.1920, Loss: 0.350238
[09:53:48] Epoch   5: Accuracy: 0.1952, Loss: 0.349059
[09:57:55] Epoch   6: Accuracy: 0.2150, Loss: 0.347695
[10:02:02] Epoch   7: Accuracy: 0.2324, Loss: 0.346622
[10:06:09] Epoch   8: Accuracy: 0.2543, Loss: 0.345673
[10:10:19] Epoch   9: Accuracy: 0.2826, Loss: 0.344808
[10:14:30] Epoch  10: Accuracy: 0.3019, Loss: 0.343932
[10:18:42] Epoch  11: Accuracy: 0.3154, Loss: 0.343076
[10:22:54] Epoch  12: Accuracy: 0.3367, Loss: 0.342005
[10:25:07] FINAL with Accuracy(test_set): 0.3345 and Loss(test_set): 0.341990

--------[17_08_2019 12:14:21]--------
┌ Debug: Base = Base
└ @ Main /home/svendt/NNFeedbackOperations/src/nets00002.jl:229
┌ Debug: Core = Core
└ @ Main /home/svendt/NNFeedbackOperations/src/nets00002.jl:229
┌ Debug: FBModel_names = ["BTModel", "BLModel", "BLTModel"]
└ @ Main /home/svendt/NNFeedbackOperations/src/nets00002.jl:229
┌ Debug: FBModels = Dict("BTModel"=>:spoerer_model_bt,"BLModel"=>:spoerer_model_bl,"BLTModel"=>:spoerer_model_blt)
└ @ Main /home/svendt/NNFeedbackOperations/src/nets00002.jl:229
┌ Debug: FFModel_names = Any[]
└ @ Main /home/svendt/NNFeedbackOperations/src/nets00002.jl:229
┌ Debug: FFModels = Dict("BFModel"=>:spoerer_model_bf,"BKModel"=>:spoerer_model_bk,"BModel"=>:spoerer_model_b)
└ @ Main /home/svendt/NNFeedbackOperations/src/nets00002.jl:229
┌ Debug: Main = Main
└ @ Main /home/svendt/NNFeedbackOperations/src/nets00002.jl:229
┌ Debug: accuracy = Main.accuracy
└ @ Main /home/svendt/NNFeedbackOperations/src/nets00002.jl:229
┌ Debug: adapt_learnrate = adapt_learnrate
└ @ Main /home/svendt/NNFeedbackOperations/src/nets00002.jl:229
┌ Debug: batch_size = 100
└ @ Main /home/svendt/NNFeedbackOperations/src/nets00002.jl:229
┌ Debug: dataManager = Main.dataManager
└ @ Main /home/svendt/NNFeedbackOperations/src/nets00002.jl:229
┌ Debug: dataset_names = ["MNIST"]
└ @ Main /home/svendt/NNFeedbackOperations/src/nets00002.jl:229
┌ Debug: date_format = dd_mm_yyyy
└ @ Main /home/svendt/NNFeedbackOperations/src/nets00002.jl:229
┌ Debug: debug_str = DEBUG_
└ @ Main /home/svendt/NNFeedbackOperations/src/nets00002.jl:229
┌ Debug: decay_rate = 0.1
└ @ Main /home/svendt/NNFeedbackOperations/src/nets00002.jl:229
┌ Debug: decay_step = 40
└ @ Main /home/svendt/NNFeedbackOperations/src/nets00002.jl:229
┌ Debug: epochs = 12
└ @ Main /home/svendt/NNFeedbackOperations/src/nets00002.jl:229
┌ Debug: image_size = (28, 28)
└ @ Main /home/svendt/NNFeedbackOperations/src/nets00002.jl:229
┌ Debug: init_learning_rate = 0.0002
└ @ Main /home/svendt/NNFeedbackOperations/src/nets00002.jl:229
┌ Debug: io = IOStream(<file ../logs/DEBUG_log_BLModel.log>)
└ @ Main /home/svendt/NNFeedbackOperations/src/nets00002.jl:229
┌ Debug: lambda = 0.0005
└ @ Main /home/svendt/NNFeedbackOperations/src/nets00002.jl:229
┌ Debug: learning_rate = 0.0002
└ @ Main /home/svendt/NNFeedbackOperations/src/nets00002.jl:229
┌ Debug: load_dataset = load_dataset
└ @ Main /home/svendt/NNFeedbackOperations/src/nets00002.jl:229
┌ Debug: log_save_location = ../logs/
└ @ Main /home/svendt/NNFeedbackOperations/src/nets00002.jl:229
┌ Debug: model_save_location = ../trainedModels/
└ @ Main /home/svendt/NNFeedbackOperations/src/nets00002.jl:229
┌ Debug: momentum = 0.9
└ @ Main /home/svendt/NNFeedbackOperations/src/nets00002.jl:229
┌ Debug: printout_interval = 1
└ @ Main /home/svendt/NNFeedbackOperations/src/nets00002.jl:229
┌ Debug: test_folderpath_debris = ../digitclutter/digitdebris/testset/mat/
└ @ Main /home/svendt/NNFeedbackOperations/src/nets00002.jl:229
┌ Debug: test_folderpath_digits = ../digitclutter/digitclutter/testset/mat/
└ @ Main /home/svendt/NNFeedbackOperations/src/nets00002.jl:229
┌ Debug: time_format = HH:MM:SS
└ @ Main /home/svendt/NNFeedbackOperations/src/nets00002.jl:229
┌ Debug: time_steps = 4
└ @ Main /home/svendt/NNFeedbackOperations/src/nets00002.jl:229
┌ Debug: trainFeedforwardNet = trainFeedforwardNet
└ @ Main /home/svendt/NNFeedbackOperations/src/nets00002.jl:229
┌ Debug: trainReccurentNet = trainReccurentNet
└ @ Main /home/svendt/NNFeedbackOperations/src/nets00002.jl:229
┌ Debug: train_folderpath_debris = ../digitclutter/digitdebris/trainset/mat/
└ @ Main /home/svendt/NNFeedbackOperations/src/nets00002.jl:229
┌ Debug: train_folderpath_digits = ../digitclutter/digitclutter/trainset/mat/
└ @ Main /home/svendt/NNFeedbackOperations/src/nets00002.jl:229
┌ Debug: usegpu = true
└ @ Main /home/svendt/NNFeedbackOperations/src/nets00002.jl:229
[12:14:21] Training BLModel with MNIST
┌ Debug: loading MNIST dataset
└ @ Main.dataManager /home/svendt/NNFeedbackOperations/src/dataManager.jl:99
┌ Debug: normalize dataset
└ @ Main.dataManager /home/svendt/NNFeedbackOperations/src/dataManager.jl:167
┌ Debug: Dimension of images (28, 28, 1, 50000)
└ @ Main.dataManager /home/svendt/NNFeedbackOperations/src/dataManager.jl:147
┌ Debug: Dimension of labels (50000,)
└ @ Main.dataManager /home/svendt/NNFeedbackOperations/src/dataManager.jl:148
┌ Debug: normalize dataset
└ @ Main.dataManager /home/svendt/NNFeedbackOperations/src/dataManager.jl:167
┌ Debug: Dimension of images (28, 28, 1, 10000)
└ @ Main.dataManager /home/svendt/NNFeedbackOperations/src/dataManager.jl:147
┌ Debug: Dimension of labels (10000,)
└ @ Main.dataManager /home/svendt/NNFeedbackOperations/src/dataManager.jl:148
┌ Debug: normalize dataset
└ @ Main.dataManager /home/svendt/NNFeedbackOperations/src/dataManager.jl:167
┌ Debug: Dimension of images (28, 28, 1, 10000)
└ @ Main.dataManager /home/svendt/NNFeedbackOperations/src/dataManager.jl:147
┌ Debug: Dimension of labels (10000,)
└ @ Main.dataManager /home/svendt/NNFeedbackOperations/src/dataManager.jl:148
┌ Debug: loaded 500 batches of size 100 for training
└ @ Main /home/svendt/NNFeedbackOperations/src/nets00002.jl:114
┌ Debug: loaded 100 batches of size 100 for validation
└ @ Main /home/svendt/NNFeedbackOperations/src/nets00002.jl:115
┌ Debug: loaded 100 batches of size 100 for testing
└ @ Main /home/svendt/NNFeedbackOperations/src/nets00002.jl:116
[12:14:34] INIT with Accuracy(test_set): 0.1090 and Loss(test_set): 0.897720
[12:16:58] Epoch   1: Accuracy: 0.1028, Loss: 0.489923
[12:21:02] Epoch   2: Accuracy: 0.1165, Loss: 0.409736
[12:25:13] Epoch   3: Accuracy: 0.1256, Loss: 0.382549
[12:29:24] Epoch   4: Accuracy: 0.1412, Loss: 0.370044
[12:33:30] Epoch   5: Accuracy: 0.1537, Loss: 0.363017
[12:37:43] Epoch   6: Accuracy: 0.1595, Loss: 0.358871
[12:41:53] Epoch   7: Accuracy: 0.1648, Loss: 0.356338
[12:46:06] Epoch   8: Accuracy: 0.1723, Loss: 0.354669
[12:50:20] Epoch   9: Accuracy: 0.1770, Loss: 0.353511
[12:54:30] Epoch  10: Accuracy: 0.1795, Loss: 0.352681
[12:58:45] Epoch  11: Accuracy: 0.1819, Loss: 0.352056
[13:03:02] Epoch  12: Accuracy: 0.1839, Loss: 0.351565
[13:05:14] FINAL with Accuracy(test_set): 0.1869 and Loss(test_set): 0.351673

--------[17_08_2019 15:17:01]--------
┌ Debug: Base = Base
└ @ Main /home/svendt/NNFeedbackOperations/src/nets00001.jl:229
┌ Debug: Core = Core
└ @ Main /home/svendt/NNFeedbackOperations/src/nets00001.jl:229
┌ Debug: FBModel_names = ["BTModel", "BLModel", "BLTModel"]
└ @ Main /home/svendt/NNFeedbackOperations/src/nets00001.jl:229
┌ Debug: FBModels = Dict("BTModel"=>:spoerer_model_bt,"BLModel"=>:spoerer_model_bl,"BLTModel"=>:spoerer_model_blt)
└ @ Main /home/svendt/NNFeedbackOperations/src/nets00001.jl:229
┌ Debug: FFModel_names = Any[]
└ @ Main /home/svendt/NNFeedbackOperations/src/nets00001.jl:229
┌ Debug: FFModels = Dict("BFModel"=>:spoerer_model_bf,"BKModel"=>:spoerer_model_bk,"BModel"=>:spoerer_model_b)
└ @ Main /home/svendt/NNFeedbackOperations/src/nets00001.jl:229
┌ Debug: Main = Main
└ @ Main /home/svendt/NNFeedbackOperations/src/nets00001.jl:229
┌ Debug: accuracy = Main.accuracy
└ @ Main /home/svendt/NNFeedbackOperations/src/nets00001.jl:229
┌ Debug: adapt_learnrate = adapt_learnrate
└ @ Main /home/svendt/NNFeedbackOperations/src/nets00001.jl:229
┌ Debug: batch_size = 100
└ @ Main /home/svendt/NNFeedbackOperations/src/nets00001.jl:229
┌ Debug: dataManager = Main.dataManager
└ @ Main /home/svendt/NNFeedbackOperations/src/nets00001.jl:229
┌ Debug: dataset_names = ["MNIST"]
└ @ Main /home/svendt/NNFeedbackOperations/src/nets00001.jl:229
┌ Debug: date_format = dd_mm_yyyy
└ @ Main /home/svendt/NNFeedbackOperations/src/nets00001.jl:229
┌ Debug: debug_str = DEBUG_
└ @ Main /home/svendt/NNFeedbackOperations/src/nets00001.jl:229
┌ Debug: decay_rate = 0.1
└ @ Main /home/svendt/NNFeedbackOperations/src/nets00001.jl:229
┌ Debug: decay_step = 40
└ @ Main /home/svendt/NNFeedbackOperations/src/nets00001.jl:229
┌ Debug: epochs = 12
└ @ Main /home/svendt/NNFeedbackOperations/src/nets00001.jl:229
┌ Debug: image_size = (28, 28)
└ @ Main /home/svendt/NNFeedbackOperations/src/nets00001.jl:229
┌ Debug: init_learning_rate = 0.0001
└ @ Main /home/svendt/NNFeedbackOperations/src/nets00001.jl:229
┌ Debug: io = IOStream(<file ../logs/DEBUG_log_BLModel.log>)
└ @ Main /home/svendt/NNFeedbackOperations/src/nets00001.jl:229
┌ Debug: lambda = 0.0005
└ @ Main /home/svendt/NNFeedbackOperations/src/nets00001.jl:229
┌ Debug: learning_rate = 0.0001
└ @ Main /home/svendt/NNFeedbackOperations/src/nets00001.jl:229
┌ Debug: load_dataset = load_dataset
└ @ Main /home/svendt/NNFeedbackOperations/src/nets00001.jl:229
┌ Debug: log_save_location = ../logs/
└ @ Main /home/svendt/NNFeedbackOperations/src/nets00001.jl:229
┌ Debug: model_save_location = ../trainedModels/
└ @ Main /home/svendt/NNFeedbackOperations/src/nets00001.jl:229
┌ Debug: momentum = 0.9
└ @ Main /home/svendt/NNFeedbackOperations/src/nets00001.jl:229
┌ Debug: printout_interval = 1
└ @ Main /home/svendt/NNFeedbackOperations/src/nets00001.jl:229
┌ Debug: test_folderpath_debris = ../digitclutter/digitdebris/testset/mat/
└ @ Main /home/svendt/NNFeedbackOperations/src/nets00001.jl:229
┌ Debug: test_folderpath_digits = ../digitclutter/digitclutter/testset/mat/
└ @ Main /home/svendt/NNFeedbackOperations/src/nets00001.jl:229
┌ Debug: time_format = HH:MM:SS
└ @ Main /home/svendt/NNFeedbackOperations/src/nets00001.jl:229
┌ Debug: time_steps = 4
└ @ Main /home/svendt/NNFeedbackOperations/src/nets00001.jl:229
┌ Debug: trainFeedforwardNet = trainFeedforwardNet
└ @ Main /home/svendt/NNFeedbackOperations/src/nets00001.jl:229
┌ Debug: trainReccurentNet = trainReccurentNet
└ @ Main /home/svendt/NNFeedbackOperations/src/nets00001.jl:229
┌ Debug: train_folderpath_debris = ../digitclutter/digitdebris/trainset/mat/
└ @ Main /home/svendt/NNFeedbackOperations/src/nets00001.jl:229
┌ Debug: train_folderpath_digits = ../digitclutter/digitclutter/trainset/mat/
└ @ Main /home/svendt/NNFeedbackOperations/src/nets00001.jl:229
┌ Debug: usegpu = true
└ @ Main /home/svendt/NNFeedbackOperations/src/nets00001.jl:229
[15:17:01] Training BLModel with MNIST
┌ Debug: loading MNIST dataset
└ @ Main.dataManager /home/svendt/NNFeedbackOperations/src/dataManager.jl:99
┌ Debug: normalize dataset
└ @ Main.dataManager /home/svendt/NNFeedbackOperations/src/dataManager.jl:167
┌ Debug: Dimension of images (28, 28, 1, 50000)
└ @ Main.dataManager /home/svendt/NNFeedbackOperations/src/dataManager.jl:147
┌ Debug: Dimension of labels (50000,)
└ @ Main.dataManager /home/svendt/NNFeedbackOperations/src/dataManager.jl:148
┌ Debug: normalize dataset
└ @ Main.dataManager /home/svendt/NNFeedbackOperations/src/dataManager.jl:167
┌ Debug: Dimension of images (28, 28, 1, 10000)
└ @ Main.dataManager /home/svendt/NNFeedbackOperations/src/dataManager.jl:147
┌ Debug: Dimension of labels (10000,)
└ @ Main.dataManager /home/svendt/NNFeedbackOperations/src/dataManager.jl:148
┌ Debug: normalize dataset
└ @ Main.dataManager /home/svendt/NNFeedbackOperations/src/dataManager.jl:167
┌ Debug: Dimension of images (28, 28, 1, 10000)
└ @ Main.dataManager /home/svendt/NNFeedbackOperations/src/dataManager.jl:147
┌ Debug: Dimension of labels (10000,)
└ @ Main.dataManager /home/svendt/NNFeedbackOperations/src/dataManager.jl:148
┌ Debug: loaded 500 batches of size 100 for training
└ @ Main /home/svendt/NNFeedbackOperations/src/nets00001.jl:114
┌ Debug: loaded 100 batches of size 100 for validation
└ @ Main /home/svendt/NNFeedbackOperations/src/nets00001.jl:115
┌ Debug: loaded 100 batches of size 100 for testing
└ @ Main /home/svendt/NNFeedbackOperations/src/nets00001.jl:116
[15:17:17] INIT with Accuracy(test_set): 0.0991 and Loss(test_set): 0.913172
[15:20:15] Epoch   1: Accuracy: 0.0986, Loss: 0.646318
[15:25:35] Epoch   2: Accuracy: 0.0986, Loss: 0.510532
[15:30:50] Epoch   3: Accuracy: 0.0986, Loss: 0.451449
[15:36:06] Epoch   4: Accuracy: 0.0965, Loss: 0.419831
[15:41:24] Epoch   5: Accuracy: 0.0981, Loss: 0.401443
[15:46:26] Epoch   6: Accuracy: 0.0910, Loss: 0.389592
[15:51:05] Epoch   7: Accuracy: 0.0656, Loss: 0.381534
[15:56:27] Epoch   8: Accuracy: 0.0725, Loss: 0.375847
[16:01:30] Epoch   9: Accuracy: 0.0797, Loss: 0.371714
[16:06:46] Epoch  10: Accuracy: 0.0832, Loss: 0.368665
[16:11:58] Epoch  11: Accuracy: 0.0854, Loss: 0.366361
[16:17:14] Epoch  12: Accuracy: 0.0865, Loss: 0.364580
[16:20:00] FINAL with Accuracy(test_set): 0.0894 and Loss(test_set): 0.364425
